{"/Users/jneumann/Repos/synapse/src/App.tsx": {"path":"/Users/jneumann/Repos/synapse/src/App.tsx","statementMap":{"0":{"start":{"line":140,"column":0},"end":{"line":140,"column":24}},"1":{"start":{"line":1,"column":0},"end":{"line":1,"column":null}},"2":{"start":{"line":2,"column":0},"end":{"line":2,"column":null}},"3":{"start":{"line":4,"column":0},"end":{"line":4,"column":null}},"4":{"start":{"line":5,"column":0},"end":{"line":5,"column":null}},"5":{"start":{"line":7,"column":0},"end":{"line":7,"column":null}},"6":{"start":{"line":8,"column":0},"end":{"line":8,"column":null}},"7":{"start":{"line":9,"column":0},"end":{"line":9,"column":null}},"8":{"start":{"line":11,"column":0},"end":{"line":11,"column":null}},"9":{"start":{"line":12,"column":0},"end":{"line":12,"column":null}},"10":{"start":{"line":13,"column":0},"end":{"line":13,"column":null}},"11":{"start":{"line":14,"column":0},"end":{"line":14,"column":null}},"12":{"start":{"line":15,"column":0},"end":{"line":15,"column":null}},"13":{"start":{"line":16,"column":0},"end":{"line":16,"column":null}},"14":{"start":{"line":26,"column":67},"end":{"line":29,"column":null}},"15":{"start":{"line":31,"column":14},"end":{"line":31,"column":62}},"16":{"start":{"line":34,"column":20},"end":{"line":34,"column":30}},"17":{"start":{"line":34,"column":15},"end":{"line":34,"column":14}},"18":{"start":{"line":36,"column":26},"end":{"line":36,"column":72}},"19":{"start":{"line":36,"column":45},"end":{"line":36,"column":72}},"20":{"start":{"line":37,"column":29},"end":{"line":37,"column":78}},"21":{"start":{"line":37,"column":48},"end":{"line":37,"column":78}},"22":{"start":{"line":38,"column":28},"end":{"line":38,"column":76}},"23":{"start":{"line":38,"column":47},"end":{"line":38,"column":76}},"24":{"start":{"line":39,"column":31},"end":{"line":40,"column":null}},"25":{"start":{"line":40,"column":10},"end":{"line":40,"column":null}},"26":{"start":{"line":42,"column":33},"end":{"line":43,"column":null}},"27":{"start":{"line":43,"column":10},"end":{"line":43,"column":null}},"28":{"start":{"line":45,"column":35},"end":{"line":46,"column":null}},"29":{"start":{"line":46,"column":10},"end":{"line":46,"column":null}},"30":{"start":{"line":50,"column":2},"end":{"line":89,"column":null}},"31":{"start":{"line":51,"column":23},"end":{"line":51,"column":26}},"32":{"start":{"line":51,"column":23},"end":{"line":86,"column":null}},"33":{"start":{"line":52,"column":6},"end":{"line":80,"column":null}},"34":{"start":{"line":54,"column":8},"end":{"line":64,"column":null}},"35":{"start":{"line":55,"column":25},"end":{"line":55,"column":68}},"36":{"start":{"line":56,"column":28},"end":{"line":56,"column":47}},"37":{"start":{"line":57,"column":29},"end":{"line":57,"column":49}},"38":{"start":{"line":59,"column":10},"end":{"line":63,"column":null}},"39":{"start":{"line":61,"column":12},"end":{"line":61,"column":null}},"40":{"start":{"line":62,"column":12},"end":{"line":62,"column":null}},"41":{"start":{"line":67,"column":24},"end":{"line":67,"column":56}},"42":{"start":{"line":68,"column":8},"end":{"line":79,"column":null}},"43":{"start":{"line":69,"column":25},"end":{"line":69,"column":54}},"44":{"start":{"line":71,"column":10},"end":{"line":78,"column":null}},"45":{"start":{"line":73,"column":12},"end":{"line":76,"column":null}},"46":{"start":{"line":77,"column":12},"end":{"line":77,"column":null}},"47":{"start":{"line":83,"column":6},"end":{"line":85,"column":null}},"48":{"start":{"line":84,"column":8},"end":{"line":84,"column":null}},"49":{"start":{"line":86,"column":5},"end":{"line":51,"column":26}},"50":{"start":{"line":88,"column":4},"end":{"line":88,"column":null}},"51":{"start":{"line":92,"column":2},"end":{"line":111,"column":null}},"52":{"start":{"line":94,"column":24},"end":{"line":94,"column":27}},"53":{"start":{"line":94,"column":24},"end":{"line":104,"column":null}},"54":{"start":{"line":95,"column":21},"end":{"line":95,"column":49}},"55":{"start":{"line":97,"column":6},"end":{"line":103,"column":null}},"56":{"start":{"line":98,"column":8},"end":{"line":101,"column":null}},"57":{"start":{"line":102,"column":8},"end":{"line":102,"column":null}},"58":{"start":{"line":104,"column":5},"end":{"line":94,"column":27}},"59":{"start":{"line":107,"column":4},"end":{"line":110,"column":null}},"60":{"start":{"line":108,"column":27},"end":{"line":108,"column":74}},"61":{"start":{"line":109,"column":6},"end":{"line":109,"column":null}},"62":{"start":{"line":109,"column":13},"end":{"line":109,"column":null}},"63":{"start":{"line":113,"column":2},"end":{"line":136,"column":null}},"64":{"start":{"line":130,"column":21},"end":{"line":130,"column":57}},"65":{"start":{"line":141,"column":2},"end":{"line":144,"column":null}}},"fnMap":{"0":{"name":"AppContent","decl":{"start":{"line":33,"column":9},"end":{"line":33,"column":19}},"loc":{"start":{"line":33,"column":19},"end":{"line":138,"column":null}}},"1":{"name":"(anonymous_11)","decl":{"start":{"line":36,"column":39},"end":{"line":36,"column":40}},"loc":{"start":{"line":36,"column":45},"end":{"line":36,"column":72}}},"2":{"name":"(anonymous_12)","decl":{"start":{"line":37,"column":42},"end":{"line":37,"column":43}},"loc":{"start":{"line":37,"column":48},"end":{"line":37,"column":78}}},"3":{"name":"(anonymous_13)","decl":{"start":{"line":38,"column":41},"end":{"line":38,"column":42}},"loc":{"start":{"line":38,"column":47},"end":{"line":38,"column":76}}},"4":{"name":"(anonymous_14)","decl":{"start":{"line":40,"column":4},"end":{"line":40,"column":5}},"loc":{"start":{"line":40,"column":10},"end":{"line":40,"column":null}}},"5":{"name":"(anonymous_15)","decl":{"start":{"line":43,"column":4},"end":{"line":43,"column":5}},"loc":{"start":{"line":43,"column":10},"end":{"line":43,"column":null}}},"6":{"name":"(anonymous_16)","decl":{"start":{"line":46,"column":4},"end":{"line":46,"column":5}},"loc":{"start":{"line":46,"column":10},"end":{"line":46,"column":null}}},"7":{"name":"(anonymous_17)","decl":{"start":{"line":50,"column":12},"end":{"line":50,"column":17}},"loc":{"start":{"line":50,"column":17},"end":{"line":89,"column":3}}},"8":{"name":"(anonymous_18)","decl":{"start":{"line":51,"column":23},"end":{"line":51,"column":26}},"loc":{"start":{"line":51,"column":23},"end":{"line":51,"column":26}}},"9":{"name":"(anonymous_19)","decl":{"start":{"line":51,"column":26},"end":{"line":51,"column":37}},"loc":{"start":{"line":51,"column":37},"end":{"line":86,"column":5}}},"10":{"name":"initializeApp","decl":{"start":{"line":51,"column":10},"end":{"line":51,"column":23}},"loc":{"start":{"line":51,"column":23},"end":{"line":51,"column":26}}},"11":{"name":"(anonymous_21)","decl":{"start":{"line":92,"column":12},"end":{"line":92,"column":17}},"loc":{"start":{"line":92,"column":17},"end":{"line":111,"column":3}}},"12":{"name":"(anonymous_22)","decl":{"start":{"line":94,"column":24},"end":{"line":94,"column":27}},"loc":{"start":{"line":94,"column":24},"end":{"line":94,"column":27}}},"13":{"name":"(anonymous_23)","decl":{"start":{"line":94,"column":27},"end":{"line":94,"column":34}},"loc":{"start":{"line":94,"column":60},"end":{"line":104,"column":5}}},"14":{"name":"handleDeepLink","decl":{"start":{"line":94,"column":10},"end":{"line":94,"column":24}},"loc":{"start":{"line":94,"column":24},"end":{"line":94,"column":27}}},"15":{"name":"(anonymous_25)","decl":{"start":{"line":109,"column":13},"end":{"line":109,"column":19}},"loc":{"start":{"line":109,"column":13},"end":{"line":109,"column":null}}},"16":{"name":"onDismiss","decl":{"start":{"line":130,"column":12},"end":{"line":130,"column":21}},"loc":{"start":{"line":130,"column":21},"end":{"line":130,"column":57}}},"17":{"name":"App","decl":{"start":{"line":140,"column":24},"end":{"line":140,"column":27}},"loc":{"start":{"line":140,"column":27},"end":{"line":146,"column":null}}}},"branchMap":{"0":{"loc":{"start":{"line":52,"column":6},"end":{"line":80,"column":null}},"type":"if","locations":[{"start":{"line":52,"column":6},"end":{"line":80,"column":null}},{"start":{"line":65,"column":13},"end":{"line":80,"column":null}}]},"1":{"loc":{"start":{"line":54,"column":8},"end":{"line":64,"column":null}},"type":"if","locations":[{"start":{"line":54,"column":8},"end":{"line":64,"column":null}}]},"2":{"loc":{"start":{"line":54,"column":12},"end":{"line":54,"column":67}},"type":"binary-expr","locations":[{"start":{"line":54,"column":12},"end":{"line":54,"column":41}},{"start":{"line":54,"column":45},"end":{"line":54,"column":67}}]},"3":{"loc":{"start":{"line":59,"column":10},"end":{"line":63,"column":null}},"type":"if","locations":[{"start":{"line":59,"column":10},"end":{"line":63,"column":null}}]},"4":{"loc":{"start":{"line":59,"column":14},"end":{"line":59,"column":37}},"type":"binary-expr","locations":[{"start":{"line":59,"column":14},"end":{"line":59,"column":23}},{"start":{"line":59,"column":27},"end":{"line":59,"column":37}}]},"5":{"loc":{"start":{"line":68,"column":8},"end":{"line":79,"column":null}},"type":"if","locations":[{"start":{"line":68,"column":8},"end":{"line":79,"column":null}}]},"6":{"loc":{"start":{"line":71,"column":10},"end":{"line":78,"column":null}},"type":"if","locations":[{"start":{"line":71,"column":10},"end":{"line":78,"column":null}}]},"7":{"loc":{"start":{"line":71,"column":14},"end":{"line":71,"column":61}},"type":"binary-expr","locations":[{"start":{"line":71,"column":14},"end":{"line":71,"column":20}},{"start":{"line":71,"column":24},"end":{"line":71,"column":40}},{"start":{"line":71,"column":44},"end":{"line":71,"column":61}}]},"8":{"loc":{"start":{"line":97,"column":6},"end":{"line":103,"column":null}},"type":"if","locations":[{"start":{"line":97,"column":6},"end":{"line":103,"column":null}}]},"9":{"loc":{"start":{"line":97,"column":10},"end":{"line":97,"column":57}},"type":"binary-expr","locations":[{"start":{"line":97,"column":10},"end":{"line":97,"column":16}},{"start":{"line":97,"column":20},"end":{"line":97,"column":36}},{"start":{"line":97,"column":40},"end":{"line":97,"column":57}}]},"10":{"loc":{"start":{"line":107,"column":4},"end":{"line":110,"column":null}},"type":"if","locations":[{"start":{"line":107,"column":4},"end":{"line":110,"column":null}}]},"11":{"loc":{"start":{"line":134,"column":26},"end":{"line":134,"column":56}},"type":"cond-expr","locations":[{"start":{"line":134,"column":39},"end":{"line":134,"column":46}},{"start":{"line":134,"column":49},"end":{"line":134,"column":56}}]}},"s":{"0":0,"1":0,"2":0,"3":0,"4":0,"5":0,"6":0,"7":0,"8":0,"9":0,"10":0,"11":0,"12":0,"13":0,"14":0,"15":0,"16":0,"17":0,"18":0,"19":0,"20":0,"21":0,"22":0,"23":0,"24":0,"25":0,"26":0,"27":0,"28":0,"29":0,"30":0,"31":0,"32":0,"33":0,"34":0,"35":0,"36":0,"37":0,"38":0,"39":0,"40":0,"41":0,"42":0,"43":0,"44":0,"45":0,"46":0,"47":0,"48":0,"49":0,"50":0,"51":0,"52":0,"53":0,"54":0,"55":0,"56":0,"57":0,"58":0,"59":0,"60":0,"61":0,"62":0,"63":0,"64":0,"65":0},"f":{"0":0,"1":0,"2":0,"3":0,"4":0,"5":0,"6":0,"7":0,"8":0,"9":0,"10":0,"11":0,"12":0,"13":0,"14":0,"15":0,"16":0,"17":0},"b":{"0":[0,0],"1":[0],"2":[0,0],"3":[0],"4":[0,0],"5":[0],"6":[0],"7":[0,0,0],"8":[0],"9":[0,0,0],"10":[0],"11":[0,0]}}
,"/Users/jneumann/Repos/synapse/src/ExpoRoot.js": {"path":"/Users/jneumann/Repos/synapse/src/ExpoRoot.js","statementMap":{"0":{"start":{"line":7,"column":2},"end":{"line":7,"column":17}}},"fnMap":{"0":{"name":"ExpoRoot","decl":{"start":{"line":6,"column":24},"end":{"line":6,"column":32}},"loc":{"start":{"line":6,"column":35},"end":{"line":8,"column":1}},"line":6}},"branchMap":{},"s":{"0":0},"f":{"0":0},"b":{}}
,"/Users/jneumann/Repos/synapse/src/index.web.js": {"path":"/Users/jneumann/Repos/synapse/src/index.web.js","statementMap":{"0":{"start":{"line":8,"column":20},"end":{"line":8,"column":51}},"1":{"start":{"line":11,"column":0},"end":{"line":27,"column":1}},"2":{"start":{"line":13,"column":15},"end":{"line":13,"column":38}},"3":{"start":{"line":16,"column":2},"end":{"line":16,"column":23}},"4":{"start":{"line":19,"column":2},"end":{"line":24,"column":3}},"5":{"start":{"line":20,"column":4},"end":{"line":23,"column":7}},"6":{"start":{"line":22,"column":6},"end":{"line":22,"column":27}},"7":{"start":{"line":26,"column":2},"end":{"line":26,"column":69}}},"fnMap":{"0":{"name":"(anonymous_0)","decl":{"start":{"line":20,"column":31},"end":{"line":20,"column":32}},"loc":{"start":{"line":20,"column":37},"end":{"line":23,"column":5}},"line":20}},"branchMap":{"0":{"loc":{"start":{"line":11,"column":0},"end":{"line":27,"column":1}},"type":"if","locations":[{"start":{"line":11,"column":0},"end":{"line":27,"column":1}},{"start":{"line":25,"column":7},"end":{"line":27,"column":1}}],"line":11},"1":{"loc":{"start":{"line":19,"column":2},"end":{"line":24,"column":3}},"type":"if","locations":[{"start":{"line":19,"column":2},"end":{"line":24,"column":3}},{"start":{},"end":{}}],"line":19}},"s":{"0":0,"1":0,"2":0,"3":0,"4":0,"5":0,"6":0,"7":0},"f":{"0":0},"b":{"0":[0,0],"1":[0,0]}}
,"/Users/jneumann/Repos/synapse/src/assets/icons.ts": {"path":"/Users/jneumann/Repos/synapse/src/assets/icons.ts","statementMap":{"0":{"start":{"line":3,"column":13},"end":{"line":14,"column":null}},"1":{"start":{"line":19,"column":34},"end":{"line":21,"column":1}},"2":{"start":{"line":20,"column":2},"end":{"line":20,"column":null}},"3":{"start":{"line":19,"column":13},"end":{"line":19,"column":34}}},"fnMap":{"0":{"name":"getIconForPlatform","decl":{"start":{"line":19,"column":13},"end":{"line":19,"column":31}},"loc":{"start":{"line":19,"column":61},"end":{"line":21,"column":1}}}},"branchMap":{},"s":{"0":1,"1":1,"2":20,"3":1},"f":{"0":20},"b":{}}
,"/Users/jneumann/Repos/synapse/src/components/AboutModal.tsx": {"path":"/Users/jneumann/Repos/synapse/src/components/AboutModal.tsx","statementMap":{"0":{"start":{"line":1,"column":0},"end":{"line":1,"column":null}},"1":{"start":{"line":2,"column":0},"end":{"line":2,"column":null}},"2":{"start":{"line":4,"column":0},"end":{"line":4,"column":null}},"3":{"start":{"line":12,"column":0},"end":{"line":12,"column":null}},"4":{"start":{"line":19,"column":0},"end":{"line":19,"column":51}},"5":{"start":{"line":19,"column":51},"end":{"line":19,"column":null}},"6":{"start":{"line":27,"column":46},"end":{"line":243,"column":1}},"7":{"start":{"line":27,"column":56},"end":{"line":27,"column":55}},"8":{"start":{"line":27,"column":67},"end":{"line":27,"column":66}},"9":{"start":{"line":28,"column":35},"end":{"line":28,"column":62}},"10":{"start":{"line":28,"column":22},"end":{"line":28,"column":21}},"11":{"start":{"line":28,"column":30},"end":{"line":28,"column":29}},"12":{"start":{"line":31,"column":16},"end":{"line":31,"column":35}},"13":{"start":{"line":32,"column":18},"end":{"line":32,"column":35}},"14":{"start":{"line":35,"column":2},"end":{"line":48,"column":null}},"15":{"start":{"line":36,"column":4},"end":{"line":47,"column":null}},"16":{"start":{"line":38,"column":6},"end":{"line":41,"column":null}},"17":{"start":{"line":42,"column":6},"end":{"line":42,"column":null}},"18":{"start":{"line":45,"column":6},"end":{"line":45,"column":null}},"19":{"start":{"line":46,"column":6},"end":{"line":46,"column":null}},"20":{"start":{"line":51,"column":24},"end":{"line":56,"column":4}},"21":{"start":{"line":51,"column":41},"end":{"line":51,"column":46}},"22":{"start":{"line":51,"column":41},"end":{"line":56,"column":3}},"23":{"start":{"line":52,"column":4},"end":{"line":55,"column":null}},"24":{"start":{"line":56,"column":3},"end":{"line":54,"column":23}},"25":{"start":{"line":54,"column":22},"end":{"line":54,"column":23}},"26":{"start":{"line":58,"column":2},"end":{"line":241,"column":null}},"27":{"start":{"line":222,"column":25},"end":{"line":222,"column":83}},"28":{"start":{"line":245,"column":15},"end":{"line":281,"column":2}},"29":{"start":{"line":283,"column":0},"end":{"line":283,"column":null}}},"fnMap":{"0":{"name":"AboutModal","decl":{"start":{"line":27,"column":6},"end":{"line":27,"column":16}},"loc":{"start":{"line":27,"column":73},"end":{"line":243,"column":1}}},"1":{"name":"(anonymous_11)","decl":{"start":{"line":35,"column":18},"end":{"line":35,"column":23}},"loc":{"start":{"line":35,"column":23},"end":{"line":48,"column":3}}},"2":{"name":"(anonymous_12)","decl":{"start":{"line":51,"column":41},"end":{"line":51,"column":46}},"loc":{"start":{"line":51,"column":41},"end":{"line":54,"column":23}}},"3":{"name":"onPress","decl":{"start":{"line":222,"column":18},"end":{"line":222,"column":25}},"loc":{"start":{"line":222,"column":25},"end":{"line":222,"column":83}}}},"branchMap":{"0":{"loc":{"start":{"line":36,"column":4},"end":{"line":47,"column":null}},"type":"if","locations":[{"start":{"line":36,"column":4},"end":{"line":47,"column":null}},{"start":{"line":43,"column":11},"end":{"line":47,"column":null}}]}},"s":{"0":0,"1":0,"2":0,"3":0,"4":0,"5":0,"6":0,"7":0,"8":0,"9":0,"10":0,"11":0,"12":0,"13":0,"14":0,"15":0,"16":0,"17":0,"18":0,"19":0,"20":0,"21":0,"22":0,"23":0,"24":0,"25":0,"26":0,"27":0,"28":0,"29":0},"f":{"0":0,"1":0,"2":0,"3":0},"b":{"0":[0,0]}}
,"/Users/jneumann/Repos/synapse/src/components/AchievementDetailDialog.tsx": {"path":"/Users/jneumann/Repos/synapse/src/components/AchievementDetailDialog.tsx","statementMap":{"0":{"start":{"line":1,"column":0},"end":{"line":1,"column":null}},"1":{"start":{"line":2,"column":0},"end":{"line":2,"column":null}},"2":{"start":{"line":4,"column":0},"end":{"line":4,"column":null}},"3":{"start":{"line":15,"column":72},"end":{"line":50,"column":1}},"4":{"start":{"line":16,"column":13},"end":{"line":16,"column":12}},"5":{"start":{"line":17,"column":9},"end":{"line":17,"column":8}},"6":{"start":{"line":18,"column":11},"end":{"line":18,"column":10}},"7":{"start":{"line":20,"column":21},"end":{"line":20,"column":48}},"8":{"start":{"line":20,"column":16},"end":{"line":20,"column":15}},"9":{"start":{"line":22,"column":2},"end":{"line":22,"column":null}},"10":{"start":{"line":22,"column":20},"end":{"line":22,"column":null}},"11":{"start":{"line":24,"column":2},"end":{"line":48,"column":null}},"12":{"start":{"line":52,"column":15},"end":{"line":63,"column":2}},"13":{"start":{"line":65,"column":0},"end":{"line":65,"column":null}}},"fnMap":{"0":{"name":"AchievementDetailDialog","decl":{"start":{"line":15,"column":6},"end":{"line":15,"column":29}},"loc":{"start":{"line":19,"column":5},"end":{"line":50,"column":1}}}},"branchMap":{"0":{"loc":{"start":{"line":22,"column":2},"end":{"line":22,"column":null}},"type":"if","locations":[{"start":{"line":22,"column":2},"end":{"line":22,"column":null}}]}},"s":{"0":0,"1":0,"2":0,"3":0,"4":0,"5":0,"6":0,"7":0,"8":0,"9":0,"10":0,"11":0,"12":0,"13":0},"f":{"0":0},"b":{"0":[0]}}
,"/Users/jneumann/Repos/synapse/src/components/AnimatedButton.tsx": {"path":"/Users/jneumann/Repos/synapse/src/components/AnimatedButton.tsx","statementMap":{"0":{"start":{"line":1,"column":0},"end":{"line":1,"column":null}},"1":{"start":{"line":2,"column":0},"end":{"line":2,"column":null}},"2":{"start":{"line":4,"column":0},"end":{"line":4,"column":null}},"3":{"start":{"line":5,"column":0},"end":{"line":5,"column":null}},"4":{"start":{"line":12,"column":23},"end":{"line":12,"column":63}},"5":{"start":{"line":12,"column":64},"end":{"line":12,"column":null}},"6":{"start":{"line":19,"column":59},"end":{"line":69,"column":1}},"7":{"start":{"line":20,"column":10},"end":{"line":20,"column":9}},"8":{"start":{"line":21,"column":9},"end":{"line":21,"column":8}},"9":{"start":{"line":22,"column":7},"end":{"line":22,"column":6}},"10":{"start":{"line":22,"column":7},"end":{"line":23,"column":14}},"11":{"start":{"line":23,"column":14},"end":{"line":23,"column":null}},"12":{"start":{"line":24,"column":10},"end":{"line":24,"column":null}},"13":{"start":{"line":27,"column":16},"end":{"line":27,"column":33}},"14":{"start":{"line":30,"column":24},"end":{"line":34,"column":4}},"15":{"start":{"line":30,"column":41},"end":{"line":30,"column":46}},"16":{"start":{"line":30,"column":41},"end":{"line":34,"column":3}},"17":{"start":{"line":31,"column":4},"end":{"line":33,"column":null}},"18":{"start":{"line":34,"column":3},"end":{"line":32,"column":33}},"19":{"start":{"line":32,"column":32},"end":{"line":32,"column":33}},"20":{"start":{"line":37,"column":22},"end":{"line":58,"column":3}},"21":{"start":{"line":38,"column":4},"end":{"line":52,"column":null}},"22":{"start":{"line":40,"column":6},"end":{"line":43,"column":null}},"23":{"start":{"line":46,"column":6},"end":{"line":51,"column":null}},"24":{"start":{"line":47,"column":8},"end":{"line":50,"column":null}},"25":{"start":{"line":55,"column":4},"end":{"line":57,"column":null}},"26":{"start":{"line":56,"column":6},"end":{"line":56,"column":null}},"27":{"start":{"line":60,"column":2},"end":{"line":67,"column":null}},"28":{"start":{"line":71,"column":15},"end":{"line":75,"column":2}},"29":{"start":{"line":77,"column":0},"end":{"line":77,"column":null}}},"fnMap":{"0":{"name":"AnimatedPaperButton","decl":{"start":{"line":19,"column":6},"end":{"line":19,"column":25}},"loc":{"start":{"line":25,"column":5},"end":{"line":69,"column":1}}},"1":{"name":"(anonymous_16)","decl":{"start":{"line":30,"column":41},"end":{"line":30,"column":46}},"loc":{"start":{"line":30,"column":41},"end":{"line":32,"column":33}}},"2":{"name":"handlePress","decl":{"start":{"line":37,"column":8},"end":{"line":37,"column":19}},"loc":{"start":{"line":37,"column":51},"end":{"line":58,"column":3}}},"3":{"name":"(anonymous_19)","decl":{"start":{"line":46,"column":17},"end":{"line":46,"column":22}},"loc":{"start":{"line":46,"column":22},"end":{"line":51,"column":7}}}},"branchMap":{"0":{"loc":{"start":{"line":23,"column":14},"end":{"line":23,"column":null}},"type":"cond-expr","locations":[{"start":{"line":23,"column":17},"end":{"line":23,"column":21}},{"start":{"line":23,"column":21},"end":{"line":23,"column":null}}]},"1":{"loc":{"start":{"line":38,"column":4},"end":{"line":52,"column":null}},"type":"if","locations":[{"start":{"line":38,"column":4},"end":{"line":52,"column":null}}]},"2":{"loc":{"start":{"line":55,"column":4},"end":{"line":57,"column":null}},"type":"if","locations":[{"start":{"line":55,"column":4},"end":{"line":57,"column":null}}]}},"s":{"0":0,"1":0,"2":0,"3":0,"4":0,"5":0,"6":0,"7":0,"8":0,"9":0,"10":0,"11":0,"12":0,"13":0,"14":0,"15":0,"16":0,"17":0,"18":0,"19":0,"20":0,"21":0,"22":0,"23":0,"24":0,"25":0,"26":0,"27":0,"28":0,"29":0},"f":{"0":0,"1":0,"2":0,"3":0},"b":{"0":[0,0],"1":[0],"2":[0]}}
,"/Users/jneumann/Repos/synapse/src/components/AppHeader.tsx": {"path":"/Users/jneumann/Repos/synapse/src/components/AppHeader.tsx","statementMap":{"0":{"start":{"line":1,"column":0},"end":{"line":1,"column":null}},"1":{"start":{"line":2,"column":0},"end":{"line":2,"column":null}},"2":{"start":{"line":4,"column":0},"end":{"line":4,"column":null}},"3":{"start":{"line":5,"column":0},"end":{"line":5,"column":null}},"4":{"start":{"line":12,"column":0},"end":{"line":12,"column":null}},"5":{"start":{"line":23,"column":23},"end":{"line":23,"column":70}},"6":{"start":{"line":23,"column":71},"end":{"line":23,"column":null}},"7":{"start":{"line":25,"column":44},"end":{"line":126,"column":1}},"8":{"start":{"line":26,"column":11},"end":{"line":26,"column":10}},"9":{"start":{"line":27,"column":10},"end":{"line":27,"column":9}},"10":{"start":{"line":27,"column":10},"end":{"line":28,"column":17}},"11":{"start":{"line":28,"column":17},"end":{"line":28,"column":null}},"12":{"start":{"line":28,"column":25},"end":{"line":29,"column":16}},"13":{"start":{"line":29,"column":16},"end":{"line":29,"column":null}},"14":{"start":{"line":31,"column":27},"end":{"line":31,"column":54}},"15":{"start":{"line":31,"column":22},"end":{"line":31,"column":21}},"16":{"start":{"line":32,"column":31},"end":{"line":33,"column":null}},"17":{"start":{"line":33,"column":10},"end":{"line":33,"column":null}},"18":{"start":{"line":35,"column":31},"end":{"line":36,"column":null}},"19":{"start":{"line":36,"column":10},"end":{"line":36,"column":null}},"20":{"start":{"line":40,"column":21},"end":{"line":40,"column":38}},"21":{"start":{"line":41,"column":21},"end":{"line":41,"column":38}},"22":{"start":{"line":42,"column":23},"end":{"line":42,"column":40}},"23":{"start":{"line":43,"column":22},"end":{"line":43,"column":39}},"24":{"start":{"line":46,"column":30},"end":{"line":49,"column":null}},"25":{"start":{"line":46,"column":66},"end":{"line":49,"column":null}},"26":{"start":{"line":47,"column":21},"end":{"line":47,"column":28}},"27":{"start":{"line":47,"column":21},"end":{"line":49,"column":6}},"28":{"start":{"line":49,"column":6},"end":{"line":48,"column":33}},"29":{"start":{"line":48,"column":32},"end":{"line":48,"column":33}},"30":{"start":{"line":52,"column":29},"end":{"line":52,"column":60}},"31":{"start":{"line":53,"column":29},"end":{"line":53,"column":60}},"32":{"start":{"line":54,"column":31},"end":{"line":54,"column":64}},"33":{"start":{"line":55,"column":30},"end":{"line":55,"column":62}},"34":{"start":{"line":58,"column":23},"end":{"line":63,"column":3}},"35":{"start":{"line":59,"column":4},"end":{"line":59,"column":null}},"36":{"start":{"line":60,"column":4},"end":{"line":62,"column":null}},"37":{"start":{"line":61,"column":6},"end":{"line":61,"column":null}},"38":{"start":{"line":66,"column":22},"end":{"line":69,"column":3}},"39":{"start":{"line":67,"column":4},"end":{"line":67,"column":null}},"40":{"start":{"line":68,"column":4},"end":{"line":68,"column":null}},"41":{"start":{"line":71,"column":22},"end":{"line":74,"column":3}},"42":{"start":{"line":72,"column":4},"end":{"line":72,"column":null}},"43":{"start":{"line":73,"column":4},"end":{"line":73,"column":null}},"44":{"start":{"line":76,"column":24},"end":{"line":81,"column":3}},"45":{"start":{"line":77,"column":4},"end":{"line":80,"column":null}},"46":{"start":{"line":78,"column":6},"end":{"line":78,"column":null}},"47":{"start":{"line":79,"column":6},"end":{"line":79,"column":null}},"48":{"start":{"line":83,"column":23},"end":{"line":88,"column":3}},"49":{"start":{"line":84,"column":4},"end":{"line":87,"column":null}},"50":{"start":{"line":85,"column":6},"end":{"line":85,"column":null}},"51":{"start":{"line":86,"column":6},"end":{"line":86,"column":null}},"52":{"start":{"line":90,"column":2},"end":{"line":124,"column":null}},"53":{"start":{"line":128,"column":15},"end":{"line":140,"column":2}},"54":{"start":{"line":142,"column":0},"end":{"line":142,"column":null}}},"fnMap":{"0":{"name":"AppHeader","decl":{"start":{"line":25,"column":6},"end":{"line":25,"column":15}},"loc":{"start":{"line":30,"column":5},"end":{"line":126,"column":1}}},"1":{"name":"(anonymous_11)","decl":{"start":{"line":33,"column":4},"end":{"line":33,"column":5}},"loc":{"start":{"line":33,"column":10},"end":{"line":33,"column":null}}},"2":{"name":"(anonymous_12)","decl":{"start":{"line":36,"column":4},"end":{"line":36,"column":5}},"loc":{"start":{"line":36,"column":10},"end":{"line":36,"column":null}}},"3":{"name":"createAnimatedStyle","decl":{"start":{"line":46,"column":8},"end":{"line":46,"column":27}},"loc":{"start":{"line":46,"column":66},"end":{"line":49,"column":null}}},"4":{"name":"(anonymous_14)","decl":{"start":{"line":47,"column":21},"end":{"line":47,"column":28}},"loc":{"start":{"line":47,"column":21},"end":{"line":48,"column":33}}},"5":{"name":"animatePress","decl":{"start":{"line":58,"column":8},"end":{"line":58,"column":20}},"loc":{"start":{"line":58,"column":63},"end":{"line":63,"column":3}}},"6":{"name":"(anonymous_17)","decl":{"start":{"line":60,"column":15},"end":{"line":60,"column":20}},"loc":{"start":{"line":60,"column":20},"end":{"line":62,"column":5}}},"7":{"name":"handleAbout","decl":{"start":{"line":66,"column":8},"end":{"line":66,"column":19}},"loc":{"start":{"line":66,"column":27},"end":{"line":69,"column":3}}},"8":{"name":"handleStats","decl":{"start":{"line":71,"column":8},"end":{"line":71,"column":19}},"loc":{"start":{"line":71,"column":27},"end":{"line":74,"column":3}}},"9":{"name":"handleNewGame","decl":{"start":{"line":76,"column":8},"end":{"line":76,"column":21}},"loc":{"start":{"line":76,"column":29},"end":{"line":81,"column":3}}},"10":{"name":"handleGiveUp","decl":{"start":{"line":83,"column":8},"end":{"line":83,"column":20}},"loc":{"start":{"line":83,"column":28},"end":{"line":88,"column":3}}}},"branchMap":{"0":{"loc":{"start":{"line":28,"column":17},"end":{"line":28,"column":null}},"type":"cond-expr","locations":[{"start":{"line":28,"column":20},"end":{"line":28,"column":25}},{"start":{"line":28,"column":25},"end":{"line":28,"column":null}}]},"1":{"loc":{"start":{"line":29,"column":16},"end":{"line":29,"column":null}},"type":"cond-expr","locations":[{"start":{"line":29,"column":19},"end":{"line":29,"column":24}},{"start":{"line":29,"column":24},"end":{"line":29,"column":null}}]},"2":{"loc":{"start":{"line":77,"column":4},"end":{"line":80,"column":null}},"type":"if","locations":[{"start":{"line":77,"column":4},"end":{"line":80,"column":null}}]},"3":{"loc":{"start":{"line":84,"column":4},"end":{"line":87,"column":null}},"type":"if","locations":[{"start":{"line":84,"column":4},"end":{"line":87,"column":null}}]}},"s":{"0":0,"1":0,"2":0,"3":0,"4":0,"5":0,"6":0,"7":0,"8":0,"9":0,"10":0,"11":0,"12":0,"13":0,"14":0,"15":0,"16":0,"17":0,"18":0,"19":0,"20":0,"21":0,"22":0,"23":0,"24":0,"25":0,"26":0,"27":0,"28":0,"29":0,"30":0,"31":0,"32":0,"33":0,"34":0,"35":0,"36":0,"37":0,"38":0,"39":0,"40":0,"41":0,"42":0,"43":0,"44":0,"45":0,"46":0,"47":0,"48":0,"49":0,"50":0,"51":0,"52":0,"53":0,"54":0},"f":{"0":0,"1":0,"2":0,"3":0,"4":0,"5":0,"6":0,"7":0,"8":0,"9":0,"10":0},"b":{"0":[0,0],"1":[0,0],"2":[0],"3":[0]}}
,"/Users/jneumann/Repos/synapse/src/components/AvailableWordsDisplay.tsx": {"path":"/Users/jneumann/Repos/synapse/src/components/AvailableWordsDisplay.tsx","statementMap":{"0":{"start":{"line":1,"column":0},"end":{"line":1,"column":null}},"1":{"start":{"line":2,"column":0},"end":{"line":2,"column":null}},"2":{"start":{"line":4,"column":0},"end":{"line":4,"column":null}},"3":{"start":{"line":6,"column":0},"end":{"line":6,"column":null}},"4":{"start":{"line":10,"column":30},"end":{"line":73,"column":1}},"5":{"start":{"line":11,"column":14},"end":{"line":11,"column":13}},"6":{"start":{"line":15,"column":21},"end":{"line":15,"column":48}},"7":{"start":{"line":15,"column":16},"end":{"line":15,"column":15}},"8":{"start":{"line":18,"column":20},"end":{"line":18,"column":60}},"9":{"start":{"line":18,"column":39},"end":{"line":18,"column":60}},"10":{"start":{"line":19,"column":22},"end":{"line":19,"column":64}},"11":{"start":{"line":19,"column":41},"end":{"line":19,"column":64}},"12":{"start":{"line":20,"column":21},"end":{"line":20,"column":62}},"13":{"start":{"line":20,"column":40},"end":{"line":20,"column":62}},"14":{"start":{"line":23,"column":20},"end":{"line":23,"column":44}},"15":{"start":{"line":26,"column":46},"end":{"line":28,"column":7}},"16":{"start":{"line":28,"column":7},"end":{"line":28,"column":null}},"17":{"start":{"line":26,"column":23},"end":{"line":26,"column":25}},"18":{"start":{"line":26,"column":42},"end":{"line":26,"column":46}},"19":{"start":{"line":30,"column":2},"end":{"line":45,"column":null}},"20":{"start":{"line":31,"column":4},"end":{"line":34,"column":null}},"21":{"start":{"line":32,"column":6},"end":{"line":32,"column":null}},"22":{"start":{"line":33,"column":6},"end":{"line":33,"column":null}},"23":{"start":{"line":36,"column":18},"end":{"line":36,"column":53}},"24":{"start":{"line":37,"column":18},"end":{"line":40,"column":7}},"25":{"start":{"line":37,"column":44},"end":{"line":37,"column":46}},"26":{"start":{"line":37,"column":50},"end":{"line":37,"column":52}},"27":{"start":{"line":37,"column":62},"end":{"line":37,"column":69}},"28":{"start":{"line":37,"column":62},"end":{"line":40,"column":6}},"29":{"start":{"line":43,"column":24},"end":{"line":43,"column":78}},"30":{"start":{"line":43,"column":45},"end":{"line":43,"column":78}},"31":{"start":{"line":44,"column":4},"end":{"line":44,"column":null}},"32":{"start":{"line":47,"column":2},"end":{"line":49,"column":null}},"33":{"start":{"line":48,"column":4},"end":{"line":48,"column":null}},"34":{"start":{"line":51,"column":2},"end":{"line":71,"column":null}},"35":{"start":{"line":58,"column":35},"end":{"line":67,"column":null}},"36":{"start":{"line":62,"column":21},"end":{"line":62,"column":53}},"37":{"start":{"line":75,"column":15},"end":{"line":111,"column":2}},"38":{"start":{"line":113,"column":0},"end":{"line":113,"column":null}}},"fnMap":{"0":{"name":"AvailableWordsDisplay","decl":{"start":{"line":10,"column":6},"end":{"line":10,"column":27}},"loc":{"start":{"line":14,"column":5},"end":{"line":73,"column":1}}},"1":{"name":"(anonymous_10)","decl":{"start":{"line":18,"column":33},"end":{"line":18,"column":34}},"loc":{"start":{"line":18,"column":39},"end":{"line":18,"column":60}}},"2":{"name":"(anonymous_11)","decl":{"start":{"line":19,"column":35},"end":{"line":19,"column":36}},"loc":{"start":{"line":19,"column":41},"end":{"line":19,"column":64}}},"3":{"name":"(anonymous_12)","decl":{"start":{"line":20,"column":34},"end":{"line":20,"column":35}},"loc":{"start":{"line":20,"column":40},"end":{"line":20,"column":62}}},"4":{"name":"(anonymous_13)","decl":{"start":{"line":30,"column":12},"end":{"line":30,"column":17}},"loc":{"start":{"line":30,"column":17},"end":{"line":45,"column":3}}},"5":{"name":"(anonymous_14)","decl":{"start":{"line":37,"column":44},"end":{"line":37,"column":46}},"loc":{"start":{"line":37,"column":44},"end":{"line":40,"column":6}}},"6":{"name":"(anonymous_15)","decl":{"start":{"line":43,"column":40},"end":{"line":43,"column":41}},"loc":{"start":{"line":43,"column":45},"end":{"line":43,"column":78}}},"7":{"name":"(anonymous_16)","decl":{"start":{"line":58,"column":30},"end":{"line":58,"column":31}},"loc":{"start":{"line":58,"column":35},"end":{"line":67,"column":null}}},"8":{"name":"onPress","decl":{"start":{"line":62,"column":14},"end":{"line":62,"column":21}},"loc":{"start":{"line":62,"column":21},"end":{"line":62,"column":53}}}},"branchMap":{"0":{"loc":{"start":{"line":31,"column":4},"end":{"line":34,"column":null}},"type":"if","locations":[{"start":{"line":31,"column":4},"end":{"line":34,"column":null}}]},"1":{"loc":{"start":{"line":31,"column":8},"end":{"line":31,"column":48}},"type":"binary-expr","locations":[{"start":{"line":31,"column":8},"end":{"line":31,"column":18}},{"start":{"line":31,"column":22},"end":{"line":31,"column":34}},{"start":{"line":31,"column":38},"end":{"line":31,"column":48}}]},"2":{"loc":{"start":{"line":36,"column":18},"end":{"line":36,"column":53}},"type":"binary-expr","locations":[{"start":{"line":36,"column":18},"end":{"line":36,"column":47}},{"start":{"line":36,"column":51},"end":{"line":36,"column":53}}]},"3":{"loc":{"start":{"line":36,"column":18},"end":{"line":36,"column":47}},"type":"cond-expr","locations":[{"start":{"line":36,"column":40},"end":{"line":36,"column":42}},{"start":{"line":36,"column":18},"end":{"line":36,"column":47}}]},"4":{"loc":{"start":{"line":47,"column":2},"end":{"line":49,"column":null}},"type":"if","locations":[{"start":{"line":47,"column":2},"end":{"line":49,"column":null}}]},"5":{"loc":{"start":{"line":47,"column":6},"end":{"line":47,"column":42}},"type":"binary-expr","locations":[{"start":{"line":47,"column":6},"end":{"line":47,"column":16}},{"start":{"line":47,"column":20},"end":{"line":47,"column":42}}]}},"s":{"0":0,"1":0,"2":0,"3":0,"4":0,"5":0,"6":0,"7":0,"8":0,"9":0,"10":0,"11":0,"12":0,"13":0,"14":0,"15":0,"16":0,"17":0,"18":0,"19":0,"20":0,"21":0,"22":0,"23":0,"24":0,"25":0,"26":0,"27":0,"28":0,"29":0,"30":0,"31":0,"32":0,"33":0,"34":0,"35":0,"36":0,"37":0,"38":0},"f":{"0":0,"1":0,"2":0,"3":0,"4":0,"5":0,"6":0,"7":0,"8":0},"b":{"0":[0],"1":[0,0,0],"2":[0,0],"3":[0,0],"4":[0],"5":[0,0]}}
,"/Users/jneumann/Repos/synapse/src/components/GameReportDisplay.tsx": {"path":"/Users/jneumann/Repos/synapse/src/components/GameReportDisplay.tsx","statementMap":{"0":{"start":{"line":1,"column":0},"end":{"line":1,"column":null}},"1":{"start":{"line":2,"column":0},"end":{"line":2,"column":null}},"2":{"start":{"line":4,"column":0},"end":{"line":4,"column":null}},"3":{"start":{"line":7,"column":0},"end":{"line":7,"column":null}},"4":{"start":{"line":19,"column":23},"end":{"line":36,"column":1}},"5":{"start":{"line":25,"column":2},"end":{"line":25,"column":null}},"6":{"start":{"line":25,"column":32},"end":{"line":25,"column":null}},"7":{"start":{"line":26,"column":2},"end":{"line":34,"column":null}},"8":{"start":{"line":28,"column":28},"end":{"line":32,"column":null}},"9":{"start":{"line":38,"column":60},"end":{"line":309,"column":1}},"10":{"start":{"line":39,"column":8},"end":{"line":39,"column":7}},"11":{"start":{"line":40,"column":20},"end":{"line":40,"column":19}},"12":{"start":{"line":41,"column":18},"end":{"line":41,"column":17}},"13":{"start":{"line":43,"column":35},"end":{"line":43,"column":62}},"14":{"start":{"line":43,"column":22},"end":{"line":43,"column":21}},"15":{"start":{"line":43,"column":30},"end":{"line":43,"column":29}},"16":{"start":{"line":44,"column":29},"end":{"line":44,"column":78}},"17":{"start":{"line":44,"column":48},"end":{"line":44,"column":78}},"18":{"start":{"line":45,"column":33},"end":{"line":45,"column":79}},"19":{"start":{"line":45,"column":52},"end":{"line":45,"column":79}},"20":{"start":{"line":47,"column":33},"end":{"line":52,"column":3}},"21":{"start":{"line":48,"column":4},"end":{"line":51,"column":null}},"22":{"start":{"line":54,"column":35},"end":{"line":59,"column":3}},"23":{"start":{"line":55,"column":4},"end":{"line":58,"column":null}},"24":{"start":{"line":61,"column":2},"end":{"line":307,"column":null}},"25":{"start":{"line":168,"column":32},"end":{"line":169,"column":null}},"26":{"start":{"line":169,"column":21},"end":{"line":169,"column":null}},"27":{"start":{"line":171,"column":31},"end":{"line":172,"column":null}},"28":{"start":{"line":172,"column":21},"end":{"line":172,"column":null}},"29":{"start":{"line":174,"column":12},"end":{"line":226,"column":null}},"30":{"start":{"line":184,"column":51},"end":{"line":197,"column":null}},"31":{"start":{"line":209,"column":50},"end":{"line":222,"column":null}},"32":{"start":{"line":238,"column":55},"end":{"line":245,"column":null}},"33":{"start":{"line":259,"column":66},"end":{"line":285,"column":null}},"34":{"start":{"line":262,"column":27},"end":{"line":264,"column":21}},"35":{"start":{"line":295,"column":16},"end":{"line":297,"column":null}},"36":{"start":{"line":296,"column":18},"end":{"line":296,"column":null}},"37":{"start":{"line":311,"column":15},"end":{"line":383,"column":2}},"38":{"start":{"line":385,"column":0},"end":{"line":385,"column":null}}},"fnMap":{"0":{"name":"renderTextPath","decl":{"start":{"line":19,"column":6},"end":{"line":19,"column":20}},"loc":{"start":{"line":24,"column":4},"end":{"line":36,"column":1}}},"1":{"name":"(anonymous_7)","decl":{"start":{"line":28,"column":16},"end":{"line":28,"column":17}},"loc":{"start":{"line":28,"column":28},"end":{"line":32,"column":null}}},"2":{"name":"GameReportDisplay","decl":{"start":{"line":38,"column":6},"end":{"line":38,"column":23}},"loc":{"start":{"line":42,"column":5},"end":{"line":309,"column":1}}},"3":{"name":"(anonymous_9)","decl":{"start":{"line":44,"column":42},"end":{"line":44,"column":43}},"loc":{"start":{"line":44,"column":48},"end":{"line":44,"column":78}}},"4":{"name":"(anonymous_10)","decl":{"start":{"line":45,"column":46},"end":{"line":45,"column":47}},"loc":{"start":{"line":45,"column":52},"end":{"line":45,"column":79}}},"5":{"name":"handleOptimalPathPress","decl":{"start":{"line":47,"column":8},"end":{"line":47,"column":30}},"loc":{"start":{"line":47,"column":38},"end":{"line":52,"column":3}}},"6":{"name":"handleSuggestedPathPress","decl":{"start":{"line":54,"column":8},"end":{"line":54,"column":32}},"loc":{"start":{"line":54,"column":40},"end":{"line":59,"column":3}}},"7":{"name":"(anonymous_13)","decl":{"start":{"line":167,"column":12},"end":{"line":167,"column":17}},"loc":{"start":{"line":167,"column":17},"end":{"line":228,"column":11}}},"8":{"name":"(anonymous_14)","decl":{"start":{"line":169,"column":14},"end":{"line":169,"column":15}},"loc":{"start":{"line":169,"column":21},"end":{"line":169,"column":null}}},"9":{"name":"(anonymous_15)","decl":{"start":{"line":172,"column":14},"end":{"line":172,"column":15}},"loc":{"start":{"line":172,"column":21},"end":{"line":172,"column":null}}},"10":{"name":"(anonymous_16)","decl":{"start":{"line":184,"column":37},"end":{"line":184,"column":38}},"loc":{"start":{"line":184,"column":51},"end":{"line":197,"column":null}}},"11":{"name":"(anonymous_17)","decl":{"start":{"line":209,"column":36},"end":{"line":209,"column":37}},"loc":{"start":{"line":209,"column":50},"end":{"line":222,"column":null}}},"12":{"name":"(anonymous_18)","decl":{"start":{"line":238,"column":42},"end":{"line":238,"column":43}},"loc":{"start":{"line":238,"column":55},"end":{"line":245,"column":null}}},"13":{"name":"(anonymous_19)","decl":{"start":{"line":259,"column":47},"end":{"line":259,"column":48}},"loc":{"start":{"line":259,"column":66},"end":{"line":285,"column":null}}},"14":{"name":"onPress","decl":{"start":{"line":262,"column":20},"end":{"line":262,"column":27}},"loc":{"start":{"line":262,"column":27},"end":{"line":264,"column":21}}},"15":{"name":"onPress","decl":{"start":{"line":294,"column":14},"end":{"line":294,"column":21}},"loc":{"start":{"line":294,"column":28},"end":{"line":298,"column":16}}}},"branchMap":{"0":{"loc":{"start":{"line":25,"column":2},"end":{"line":25,"column":null}},"type":"if","locations":[{"start":{"line":25,"column":2},"end":{"line":25,"column":null}}]},"1":{"loc":{"start":{"line":25,"column":6},"end":{"line":25,"column":30}},"type":"binary-expr","locations":[{"start":{"line":25,"column":6},"end":{"line":25,"column":11}},{"start":{"line":25,"column":15},"end":{"line":25,"column":30}}]},"2":{"loc":{"start":{"line":31,"column":11},"end":{"line":31,"column":73}},"type":"binary-expr","locations":[{"start":{"line":31,"column":11},"end":{"line":31,"column":34}},{"start":{"line":31,"column":38},"end":{"line":31,"column":73}}]},"3":{"loc":{"start":{"line":92,"column":11},"end":{"line":110,"column":null}},"type":"binary-expr","locations":[{"start":{"line":92,"column":11},"end":{"line":92,"column":31}},{"start":{"line":92,"column":35},"end":{"line":92,"column":66}},{"start":{"line":93,"column":12},"end":{"line":110,"column":null}}]},"4":{"loc":{"start":{"line":155,"column":15},"end":{"line":158,"column":20}},"type":"cond-expr","locations":[{"start":{"line":157,"column":18},"end":{"line":157,"column":31}},{"start":{"line":158,"column":18},"end":{"line":158,"column":20}}]},"5":{"loc":{"start":{"line":161,"column":15},"end":{"line":163,"column":23}},"type":"cond-expr","locations":[{"start":{"line":162,"column":18},"end":{"line":162,"column":64}},{"start":{"line":163,"column":18},"end":{"line":163,"column":23}}]},"6":{"loc":{"start":{"line":172,"column":26},"end":{"line":172,"column":74}},"type":"binary-expr","locations":[{"start":{"line":172,"column":26},"end":{"line":172,"column":47}},{"start":{"line":172,"column":51},"end":{"line":172,"column":74}}]},"7":{"loc":{"start":{"line":176,"column":17},"end":{"line":199,"column":null}},"type":"binary-expr","locations":[{"start":{"line":176,"column":17},"end":{"line":176,"column":39}},{"start":{"line":177,"column":18},"end":{"line":199,"column":null}}]},"8":{"loc":{"start":{"line":201,"column":17},"end":{"line":224,"column":null}},"type":"binary-expr","locations":[{"start":{"line":201,"column":17},"end":{"line":201,"column":38}},{"start":{"line":202,"column":18},"end":{"line":224,"column":null}}]},"9":{"loc":{"start":{"line":230,"column":11},"end":{"line":247,"column":null}},"type":"binary-expr","locations":[{"start":{"line":230,"column":11},"end":{"line":230,"column":33}},{"start":{"line":230,"column":37},"end":{"line":230,"column":70}},{"start":{"line":231,"column":12},"end":{"line":247,"column":null}}]},"10":{"loc":{"start":{"line":250,"column":11},"end":{"line":287,"column":null}},"type":"binary-expr","locations":[{"start":{"line":250,"column":11},"end":{"line":250,"column":36}},{"start":{"line":251,"column":12},"end":{"line":251,"column":48}},{"start":{"line":252,"column":14},"end":{"line":287,"column":null}}]},"11":{"loc":{"start":{"line":263,"column":22},"end":{"line":263,"column":null}},"type":"binary-expr","locations":[{"start":{"line":263,"column":22},"end":{"line":263,"column":40}},{"start":{"line":263,"column":44},"end":{"line":263,"column":null}}]},"12":{"loc":{"start":{"line":295,"column":16},"end":{"line":297,"column":null}},"type":"if","locations":[{"start":{"line":295,"column":16},"end":{"line":297,"column":null}}]}},"s":{"0":0,"1":0,"2":0,"3":0,"4":0,"5":0,"6":0,"7":0,"8":0,"9":0,"10":0,"11":0,"12":0,"13":0,"14":0,"15":0,"16":0,"17":0,"18":0,"19":0,"20":0,"21":0,"22":0,"23":0,"24":0,"25":0,"26":0,"27":0,"28":0,"29":0,"30":0,"31":0,"32":0,"33":0,"34":0,"35":0,"36":0,"37":0,"38":0},"f":{"0":0,"1":0,"2":0,"3":0,"4":0,"5":0,"6":0,"7":0,"8":0,"9":0,"10":0,"11":0,"12":0,"13":0,"14":0,"15":0},"b":{"0":[0],"1":[0,0],"2":[0,0],"3":[0,0,0],"4":[0,0],"5":[0,0],"6":[0,0],"7":[0,0],"8":[0,0],"9":[0,0,0],"10":[0,0,0],"11":[0,0],"12":[0]}}
,"/Users/jneumann/Repos/synapse/src/components/GraphVisualization.tsx": {"path":"/Users/jneumann/Repos/synapse/src/components/GraphVisualization.tsx","statementMap":{"0":{"start":{"line":1,"column":0},"end":{"line":1,"column":null}},"1":{"start":{"line":2,"column":0},"end":{"line":2,"column":null}},"2":{"start":{"line":4,"column":0},"end":{"line":4,"column":null}},"3":{"start":{"line":6,"column":0},"end":{"line":6,"column":null}},"4":{"start":{"line":8,"column":0},"end":{"line":8,"column":null}},"5":{"start":{"line":9,"column":0},"end":{"line":9,"column":null}},"6":{"start":{"line":49,"column":20},"end":{"line":49,"column":21}},"7":{"start":{"line":50,"column":28},"end":{"line":50,"column":30}},"8":{"start":{"line":54,"column":26},"end":{"line":54,"column":32}},"9":{"start":{"line":55,"column":28},"end":{"line":55,"column":34}},"10":{"start":{"line":56,"column":34},"end":{"line":56,"column":37}},"11":{"start":{"line":57,"column":38},"end":{"line":57,"column":39}},"12":{"start":{"line":58,"column":40},"end":{"line":58,"column":43}},"13":{"start":{"line":59,"column":29},"end":{"line":59,"column":31}},"14":{"start":{"line":60,"column":31},"end":{"line":60,"column":37}},"15":{"start":{"line":73,"column":62},"end":{"line":543,"column":1}},"16":{"start":{"line":74,"column":8},"end":{"line":74,"column":7}},"17":{"start":{"line":75,"column":12},"end":{"line":75,"column":11}},"18":{"start":{"line":76,"column":25},"end":{"line":76,"column":24}},"19":{"start":{"line":78,"column":35},"end":{"line":78,"column":60}},"20":{"start":{"line":78,"column":22},"end":{"line":78,"column":21}},"21":{"start":{"line":78,"column":30},"end":{"line":78,"column":29}},"22":{"start":{"line":81,"column":26},"end":{"line":81,"column":48}},"23":{"start":{"line":82,"column":24},"end":{"line":82,"column":44}},"24":{"start":{"line":83,"column":28},"end":{"line":83,"column":52}},"25":{"start":{"line":84,"column":25},"end":{"line":84,"column":46}},"26":{"start":{"line":85,"column":35},"end":{"line":85,"column":65}},"27":{"start":{"line":86,"column":34},"end":{"line":86,"column":63}},"28":{"start":{"line":87,"column":26},"end":{"line":87,"column":42}},"29":{"start":{"line":90,"column":25},"end":{"line":90,"column":65}},"30":{"start":{"line":90,"column":44},"end":{"line":90,"column":65}},"31":{"start":{"line":91,"column":25},"end":{"line":91,"column":65}},"32":{"start":{"line":91,"column":44},"end":{"line":91,"column":65}},"33":{"start":{"line":92,"column":23},"end":{"line":92,"column":61}},"34":{"start":{"line":92,"column":42},"end":{"line":92,"column":61}},"35":{"start":{"line":93,"column":27},"end":{"line":93,"column":69}},"36":{"start":{"line":93,"column":46},"end":{"line":93,"column":69}},"37":{"start":{"line":94,"column":26},"end":{"line":94,"column":67}},"38":{"start":{"line":94,"column":45},"end":{"line":94,"column":67}},"39":{"start":{"line":95,"column":26},"end":{"line":95,"column":67}},"40":{"start":{"line":95,"column":45},"end":{"line":95,"column":67}},"41":{"start":{"line":96,"column":27},"end":{"line":96,"column":69}},"42":{"start":{"line":96,"column":46},"end":{"line":96,"column":69}},"43":{"start":{"line":97,"column":29},"end":{"line":98,"column":null}},"44":{"start":{"line":98,"column":10},"end":{"line":98,"column":null}},"45":{"start":{"line":100,"column":31},"end":{"line":100,"column":77}},"46":{"start":{"line":100,"column":50},"end":{"line":100,"column":77}},"47":{"start":{"line":101,"column":26},"end":{"line":101,"column":67}},"48":{"start":{"line":101,"column":45},"end":{"line":101,"column":67}},"49":{"start":{"line":102,"column":30},"end":{"line":102,"column":75}},"50":{"start":{"line":102,"column":49},"end":{"line":102,"column":75}},"51":{"start":{"line":105,"column":20},"end":{"line":105,"column":34}},"52":{"start":{"line":106,"column":20},"end":{"line":106,"column":70}},"53":{"start":{"line":107,"column":18},"end":{"line":107,"column":64}},"54":{"start":{"line":121,"column":32},"end":{"line":125,"column":22}},"55":{"start":{"line":127,"column":21},"end":{"line":127,"column":73}},"56":{"start":{"line":128,"column":21},"end":{"line":128,"column":69}},"57":{"start":{"line":132,"column":22},"end":{"line":132,"column":76}},"58":{"start":{"line":135,"column":24},"end":{"line":140,"column":38}},"59":{"start":{"line":136,"column":4},"end":{"line":138,"column":null}},"60":{"start":{"line":137,"column":6},"end":{"line":137,"column":null}},"61":{"start":{"line":139,"column":4},"end":{"line":139,"column":null}},"62":{"start":{"line":143,"column":26},"end":{"line":161,"column":53}},"63":{"start":{"line":144,"column":4},"end":{"line":159,"column":null}},"64":{"start":{"line":145,"column":6},"end":{"line":158,"column":null}},"65":{"start":{"line":160,"column":4},"end":{"line":160,"column":null}},"66":{"start":{"line":163,"column":21},"end":{"line":163,"column":36}},"67":{"start":{"line":166,"column":25},"end":{"line":168,"column":25}},"68":{"start":{"line":171,"column":23},"end":{"line":176,"column":3}},"69":{"start":{"line":173,"column":4},"end":{"line":175,"column":null}},"70":{"start":{"line":174,"column":6},"end":{"line":174,"column":null}},"71":{"start":{"line":179,"column":52},"end":{"line":343,"column":4}},"72":{"start":{"line":181,"column":4},"end":{"line":190,"column":null}},"73":{"start":{"line":189,"column":6},"end":{"line":189,"column":null}},"74":{"start":{"line":193,"column":26},"end":{"line":193,"column":63}},"75":{"start":{"line":194,"column":4},"end":{"line":197,"column":null}},"76":{"start":{"line":196,"column":6},"end":{"line":196,"column":null}},"77":{"start":{"line":200,"column":4},"end":{"line":202,"column":null}},"78":{"start":{"line":201,"column":6},"end":{"line":201,"column":null}},"79":{"start":{"line":201,"column":30},"end":{"line":201,"column":59}},"80":{"start":{"line":203,"column":4},"end":{"line":206,"column":null}},"81":{"start":{"line":205,"column":6},"end":{"line":205,"column":null}},"82":{"start":{"line":205,"column":31},"end":{"line":205,"column":60}},"83":{"start":{"line":207,"column":4},"end":{"line":210,"column":null}},"84":{"start":{"line":209,"column":6},"end":{"line":209,"column":null}},"85":{"start":{"line":209,"column":33},"end":{"line":209,"column":62}},"86":{"start":{"line":213,"column":20},"end":{"line":213,"column":49}},"87":{"start":{"line":214,"column":15},"end":{"line":214,"column":23}},"88":{"start":{"line":215,"column":13},"end":{"line":215,"column":22}},"89":{"start":{"line":216,"column":13},"end":{"line":216,"column":21}},"90":{"start":{"line":217,"column":13},"end":{"line":217,"column":22}},"91":{"start":{"line":219,"column":4},"end":{"line":246,"column":null}},"92":{"start":{"line":220,"column":23},"end":{"line":220,"column":38}},"93":{"start":{"line":221,"column":6},"end":{"line":245,"column":null}},"94":{"start":{"line":222,"column":8},"end":{"line":222,"column":null}},"95":{"start":{"line":222,"column":16},"end":{"line":222,"column":18}},"96":{"start":{"line":222,"column":19},"end":{"line":222,"column":23}},"97":{"start":{"line":223,"column":33},"end":{"line":238,"column":null}},"98":{"start":{"line":239,"column":8},"end":{"line":239,"column":null}},"99":{"start":{"line":241,"column":8},"end":{"line":241,"column":null}},"100":{"start":{"line":242,"column":8},"end":{"line":242,"column":null}},"101":{"start":{"line":243,"column":8},"end":{"line":243,"column":null}},"102":{"start":{"line":244,"column":8},"end":{"line":244,"column":null}},"103":{"start":{"line":249,"column":4},"end":{"line":259,"column":null}},"104":{"start":{"line":250,"column":25},"end":{"line":250,"column":56}},"105":{"start":{"line":251,"column":6},"end":{"line":258,"column":null}},"106":{"start":{"line":252,"column":8},"end":{"line":257,"column":null}},"107":{"start":{"line":253,"column":10},"end":{"line":253,"column":null}},"108":{"start":{"line":254,"column":15},"end":{"line":257,"column":null}},"109":{"start":{"line":256,"column":10},"end":{"line":256,"column":null}},"110":{"start":{"line":261,"column":31},"end":{"line":261,"column":59}},"111":{"start":{"line":264,"column":45},"end":{"line":264,"column":47}},"112":{"start":{"line":267,"column":4},"end":{"line":280,"column":null}},"113":{"start":{"line":268,"column":6},"end":{"line":279,"column":null}},"114":{"start":{"line":268,"column":19},"end":{"line":268,"column":20}},"115":{"start":{"line":269,"column":27},"end":{"line":269,"column":53}},"116":{"start":{"line":270,"column":27},"end":{"line":270,"column":57}},"117":{"start":{"line":271,"column":8},"end":{"line":278,"column":null}},"118":{"start":{"line":272,"column":10},"end":{"line":277,"column":null}},"119":{"start":{"line":283,"column":4},"end":{"line":297,"column":null}},"120":{"start":{"line":285,"column":6},"end":{"line":296,"column":null}},"121":{"start":{"line":285,"column":19},"end":{"line":285,"column":20}},"122":{"start":{"line":286,"column":27},"end":{"line":286,"column":54}},"123":{"start":{"line":287,"column":27},"end":{"line":287,"column":58}},"124":{"start":{"line":288,"column":8},"end":{"line":295,"column":null}},"125":{"start":{"line":289,"column":10},"end":{"line":294,"column":null}},"126":{"start":{"line":300,"column":4},"end":{"line":318,"column":null}},"127":{"start":{"line":306,"column":6},"end":{"line":317,"column":null}},"128":{"start":{"line":306,"column":19},"end":{"line":306,"column":20}},"129":{"start":{"line":307,"column":27},"end":{"line":307,"column":56}},"130":{"start":{"line":308,"column":27},"end":{"line":308,"column":60}},"131":{"start":{"line":309,"column":8},"end":{"line":316,"column":null}},"132":{"start":{"line":310,"column":10},"end":{"line":315,"column":null}},"133":{"start":{"line":321,"column":20},"end":{"line":321,"column":22}},"134":{"start":{"line":322,"column":16},"end":{"line":322,"column":30}},"135":{"start":{"line":323,"column":16},"end":{"line":323,"column":30}},"136":{"start":{"line":324,"column":20},"end":{"line":324,"column":45}},"137":{"start":{"line":325,"column":21},"end":{"line":325,"column":46}},"138":{"start":{"line":327,"column":4},"end":{"line":331,"column":null}},"139":{"start":{"line":179,"column":23},"end":{"line":179,"column":22}},"140":{"start":{"line":179,"column":38},"end":{"line":179,"column":37}},"141":{"start":{"line":179,"column":47},"end":{"line":179,"column":46}},"142":{"start":{"line":346,"column":2},"end":{"line":357,"column":null}},"143":{"start":{"line":352,"column":4},"end":{"line":355,"column":null}},"144":{"start":{"line":359,"column":2},"end":{"line":365,"column":null}},"145":{"start":{"line":360,"column":4},"end":{"line":363,"column":null}},"146":{"start":{"line":368,"column":2},"end":{"line":541,"column":null}},"147":{"start":{"line":377,"column":32},"end":{"line":400,"column":null}},"148":{"start":{"line":408,"column":12},"end":{"line":408,"column":null}},"149":{"start":{"line":408,"column":29},"end":{"line":408,"column":null}},"150":{"start":{"line":409,"column":12},"end":{"line":409,"column":null}},"151":{"start":{"line":409,"column":29},"end":{"line":409,"column":null}},"152":{"start":{"line":410,"column":12},"end":{"line":410,"column":null}},"153":{"start":{"line":414,"column":14},"end":{"line":416,"column":29}},"154":{"start":{"line":420,"column":14},"end":{"line":420,"column":61}},"155":{"start":{"line":422,"column":35},"end":{"line":438,"column":47}},"156":{"start":{"line":440,"column":12},"end":{"line":463,"column":null}},"157":{"start":{"line":461,"column":25},"end":{"line":461,"column":55}},"158":{"start":{"line":470,"column":12},"end":{"line":470,"column":null}},"159":{"start":{"line":470,"column":32},"end":{"line":470,"column":null}},"160":{"start":{"line":471,"column":12},"end":{"line":471,"column":null}},"161":{"start":{"line":471,"column":28},"end":{"line":471,"column":null}},"162":{"start":{"line":473,"column":12},"end":{"line":515,"column":null}},"163":{"start":{"line":476,"column":40},"end":{"line":478,"column":53}},"164":{"start":{"line":480,"column":14},"end":{"line":480,"column":null}},"165":{"start":{"line":480,"column":38},"end":{"line":480,"column":null}},"166":{"start":{"line":482,"column":14},"end":{"line":482,"column":null}},"167":{"start":{"line":482,"column":49},"end":{"line":482,"column":null}},"168":{"start":{"line":486,"column":38},"end":{"line":487,"column":null}},"169":{"start":{"line":487,"column":18},"end":{"line":487,"column":null}},"170":{"start":{"line":489,"column":14},"end":{"line":513,"column":null}},"171":{"start":{"line":490,"column":39},"end":{"line":490,"column":65}},"172":{"start":{"line":493,"column":47},"end":{"line":494,"column":null}},"173":{"start":{"line":497,"column":18},"end":{"line":497,"column":63}},"174":{"start":{"line":500,"column":43},"end":{"line":500,"column":74}},"175":{"start":{"line":502,"column":18},"end":{"line":502,"column":60}},"176":{"start":{"line":503,"column":49},"end":{"line":504,"column":null}},"177":{"start":{"line":507,"column":18},"end":{"line":508,"column":67}},"178":{"start":{"line":510,"column":16},"end":{"line":512,"column":null}},"179":{"start":{"line":511,"column":18},"end":{"line":511,"column":null}},"180":{"start":{"line":514,"column":14},"end":{"line":514,"column":null}},"181":{"start":{"line":516,"column":12},"end":{"line":516,"column":null}},"182":{"start":{"line":520,"column":12},"end":{"line":520,"column":null}},"183":{"start":{"line":520,"column":45},"end":{"line":520,"column":null}},"184":{"start":{"line":521,"column":12},"end":{"line":521,"column":null}},"185":{"start":{"line":521,"column":45},"end":{"line":521,"column":null}},"186":{"start":{"line":523,"column":12},"end":{"line":523,"column":null}},"187":{"start":{"line":523,"column":69},"end":{"line":523,"column":null}},"188":{"start":{"line":524,"column":12},"end":{"line":524,"column":null}},"189":{"start":{"line":524,"column":69},"end":{"line":524,"column":null}},"190":{"start":{"line":525,"column":12},"end":{"line":525,"column":null}},"191":{"start":{"line":527,"column":20},"end":{"line":538,"column":null}},"192":{"start":{"line":546,"column":15},"end":{"line":552,"column":2}},"193":{"start":{"line":554,"column":0},"end":{"line":554,"column":null}}},"fnMap":{"0":{"name":"GraphVisualization","decl":{"start":{"line":73,"column":6},"end":{"line":73,"column":24}},"loc":{"start":{"line":77,"column":5},"end":{"line":543,"column":1}}},"1":{"name":"(anonymous_11)","decl":{"start":{"line":90,"column":38},"end":{"line":90,"column":39}},"loc":{"start":{"line":90,"column":44},"end":{"line":90,"column":65}}},"2":{"name":"(anonymous_12)","decl":{"start":{"line":91,"column":38},"end":{"line":91,"column":39}},"loc":{"start":{"line":91,"column":44},"end":{"line":91,"column":65}}},"3":{"name":"(anonymous_13)","decl":{"start":{"line":92,"column":36},"end":{"line":92,"column":37}},"loc":{"start":{"line":92,"column":42},"end":{"line":92,"column":61}}},"4":{"name":"(anonymous_14)","decl":{"start":{"line":93,"column":40},"end":{"line":93,"column":41}},"loc":{"start":{"line":93,"column":46},"end":{"line":93,"column":69}}},"5":{"name":"(anonymous_15)","decl":{"start":{"line":94,"column":39},"end":{"line":94,"column":40}},"loc":{"start":{"line":94,"column":45},"end":{"line":94,"column":67}}},"6":{"name":"(anonymous_16)","decl":{"start":{"line":95,"column":39},"end":{"line":95,"column":40}},"loc":{"start":{"line":95,"column":45},"end":{"line":95,"column":67}}},"7":{"name":"(anonymous_17)","decl":{"start":{"line":96,"column":40},"end":{"line":96,"column":41}},"loc":{"start":{"line":96,"column":46},"end":{"line":96,"column":69}}},"8":{"name":"(anonymous_18)","decl":{"start":{"line":98,"column":4},"end":{"line":98,"column":5}},"loc":{"start":{"line":98,"column":10},"end":{"line":98,"column":null}}},"9":{"name":"(anonymous_19)","decl":{"start":{"line":100,"column":44},"end":{"line":100,"column":45}},"loc":{"start":{"line":100,"column":50},"end":{"line":100,"column":77}}},"10":{"name":"(anonymous_20)","decl":{"start":{"line":101,"column":39},"end":{"line":101,"column":40}},"loc":{"start":{"line":101,"column":45},"end":{"line":101,"column":67}}},"11":{"name":"(anonymous_21)","decl":{"start":{"line":102,"column":43},"end":{"line":102,"column":44}},"loc":{"start":{"line":102,"column":49},"end":{"line":102,"column":75}}},"12":{"name":"(anonymous_22)","decl":{"start":{"line":135,"column":32},"end":{"line":135,"column":37}},"loc":{"start":{"line":135,"column":37},"end":{"line":140,"column":3}}},"13":{"name":"(anonymous_23)","decl":{"start":{"line":143,"column":34},"end":{"line":143,"column":39}},"loc":{"start":{"line":143,"column":39},"end":{"line":161,"column":3}}},"14":{"name":"onSelectWord","decl":{"start":{"line":171,"column":8},"end":{"line":171,"column":20}},"loc":{"start":{"line":171,"column":40},"end":{"line":176,"column":3}}},"15":{"name":"(anonymous_25)","decl":{"start":{"line":179,"column":60},"end":{"line":179,"column":65}},"loc":{"start":{"line":179,"column":65},"end":{"line":332,"column":3}}},"16":{"name":"(anonymous_26)","decl":{"start":{"line":201,"column":25},"end":{"line":201,"column":26}},"loc":{"start":{"line":201,"column":30},"end":{"line":201,"column":59}}},"17":{"name":"(anonymous_27)","decl":{"start":{"line":205,"column":26},"end":{"line":205,"column":27}},"loc":{"start":{"line":205,"column":31},"end":{"line":205,"column":60}}},"18":{"name":"(anonymous_28)","decl":{"start":{"line":209,"column":28},"end":{"line":209,"column":29}},"loc":{"start":{"line":209,"column":33},"end":{"line":209,"column":62}}},"19":{"name":"(anonymous_29)","decl":{"start":{"line":219,"column":26},"end":{"line":219,"column":27}},"loc":{"start":{"line":219,"column":35},"end":{"line":246,"column":5}}},"20":{"name":"(anonymous_30)","decl":{"start":{"line":249,"column":27},"end":{"line":249,"column":28}},"loc":{"start":{"line":249,"column":38},"end":{"line":259,"column":5}}},"21":{"name":"(anonymous_31)","decl":{"start":{"line":377,"column":27},"end":{"line":377,"column":28}},"loc":{"start":{"line":377,"column":32},"end":{"line":400,"column":null}}},"22":{"name":"(anonymous_32)","decl":{"start":{"line":406,"column":16},"end":{"line":406,"column":17}},"loc":{"start":{"line":406,"column":25},"end":{"line":411,"column":11}}},"23":{"name":"(anonymous_33)","decl":{"start":{"line":412,"column":15},"end":{"line":412,"column":16}},"loc":{"start":{"line":412,"column":24},"end":{"line":465,"column":11}}},"24":{"name":"onPress","decl":{"start":{"line":461,"column":18},"end":{"line":461,"column":25}},"loc":{"start":{"line":461,"column":25},"end":{"line":461,"column":55}}},"25":{"name":"(anonymous_35)","decl":{"start":{"line":469,"column":18},"end":{"line":469,"column":19}},"loc":{"start":{"line":469,"column":27},"end":{"line":517,"column":11}}},"26":{"name":"(anonymous_36)","decl":{"start":{"line":487,"column":16},"end":{"line":487,"column":17}},"loc":{"start":{"line":487,"column":18},"end":{"line":487,"column":null}}},"27":{"name":"(anonymous_37)","decl":{"start":{"line":519,"column":16},"end":{"line":519,"column":17}},"loc":{"start":{"line":519,"column":25},"end":{"line":526,"column":11}}},"28":{"name":"(anonymous_38)","decl":{"start":{"line":527,"column":15},"end":{"line":527,"column":16}},"loc":{"start":{"line":527,"column":20},"end":{"line":538,"column":null}}}},"branchMap":{"0":{"loc":{"start":{"line":106,"column":20},"end":{"line":106,"column":70}},"type":"cond-expr","locations":[{"start":{"line":106,"column":33},"end":{"line":106,"column":53}},{"start":{"line":106,"column":56},"end":{"line":106,"column":70}}]},"1":{"loc":{"start":{"line":107,"column":18},"end":{"line":107,"column":64}},"type":"cond-expr","locations":[{"start":{"line":107,"column":31},"end":{"line":107,"column":49}},{"start":{"line":107,"column":52},"end":{"line":107,"column":64}}]},"2":{"loc":{"start":{"line":121,"column":32},"end":{"line":125,"column":22}},"type":"cond-expr","locations":[{"start":{"line":122,"column":6},"end":{"line":124,"column":12}},{"start":{"line":125,"column":6},"end":{"line":125,"column":22}}]},"3":{"loc":{"start":{"line":122,"column":6},"end":{"line":124,"column":12}},"type":"cond-expr","locations":[{"start":{"line":123,"column":8},"end":{"line":123,"column":63}},{"start":{"line":124,"column":8},"end":{"line":124,"column":12}}]},"4":{"loc":{"start":{"line":127,"column":21},"end":{"line":127,"column":73}},"type":"cond-expr","locations":[{"start":{"line":127,"column":34},"end":{"line":127,"column":55}},{"start":{"line":127,"column":58},"end":{"line":127,"column":73}}]},"5":{"loc":{"start":{"line":128,"column":21},"end":{"line":128,"column":69}},"type":"cond-expr","locations":[{"start":{"line":128,"column":34},"end":{"line":128,"column":51}},{"start":{"line":128,"column":54},"end":{"line":128,"column":69}}]},"6":{"loc":{"start":{"line":132,"column":22},"end":{"line":132,"column":76}},"type":"cond-expr","locations":[{"start":{"line":132,"column":35},"end":{"line":132,"column":57}},{"start":{"line":132,"column":60},"end":{"line":132,"column":76}}]},"7":{"loc":{"start":{"line":136,"column":4},"end":{"line":138,"column":null}},"type":"if","locations":[{"start":{"line":136,"column":4},"end":{"line":138,"column":null}}]},"8":{"loc":{"start":{"line":137,"column":13},"end":{"line":137,"column":43}},"type":"binary-expr","locations":[{"start":{"line":137,"column":13},"end":{"line":137,"column":37}},{"start":{"line":137,"column":41},"end":{"line":137,"column":43}}]},"9":{"loc":{"start":{"line":144,"column":4},"end":{"line":159,"column":null}},"type":"if","locations":[{"start":{"line":144,"column":4},"end":{"line":159,"column":null}}]},"10":{"loc":{"start":{"line":147,"column":10},"end":{"line":149,"column":41}},"type":"cond-expr","locations":[{"start":{"line":148,"column":14},"end":{"line":148,"column":44}},{"start":{"line":149,"column":14},"end":{"line":149,"column":41}}]},"11":{"loc":{"start":{"line":151,"column":10},"end":{"line":153,"column":42}},"type":"cond-expr","locations":[{"start":{"line":152,"column":14},"end":{"line":152,"column":45}},{"start":{"line":153,"column":14},"end":{"line":153,"column":42}}]},"12":{"loc":{"start":{"line":155,"column":10},"end":{"line":157,"column":null}},"type":"cond-expr","locations":[{"start":{"line":156,"column":14},"end":{"line":156,"column":47}},{"start":{"line":157,"column":14},"end":{"line":157,"column":null}}]},"13":{"loc":{"start":{"line":166,"column":25},"end":{"line":168,"column":25}},"type":"cond-expr","locations":[{"start":{"line":167,"column":6},"end":{"line":167,"column":31}},{"start":{"line":168,"column":6},"end":{"line":168,"column":25}}]},"14":{"loc":{"start":{"line":173,"column":4},"end":{"line":175,"column":null}},"type":"if","locations":[{"start":{"line":173,"column":4},"end":{"line":175,"column":null}}]},"15":{"loc":{"start":{"line":173,"column":8},"end":{"line":173,"column":47}},"type":"binary-expr","locations":[{"start":{"line":173,"column":8},"end":{"line":173,"column":19}},{"start":{"line":173,"column":23},"end":{"line":173,"column":47}}]},"16":{"loc":{"start":{"line":181,"column":4},"end":{"line":190,"column":null}},"type":"if","locations":[{"start":{"line":181,"column":4},"end":{"line":190,"column":null}}]},"17":{"loc":{"start":{"line":182,"column":6},"end":{"line":187,"column":60}},"type":"binary-expr","locations":[{"start":{"line":182,"column":6},"end":{"line":182,"column":16}},{"start":{"line":183,"column":6},"end":{"line":183,"column":16}},{"start":{"line":184,"column":6},"end":{"line":184,"column":14}},{"start":{"line":185,"column":7},"end":{"line":185,"column":27}},{"start":{"line":186,"column":8},"end":{"line":186,"column":33}},{"start":{"line":187,"column":9},"end":{"line":187,"column":30}},{"start":{"line":187,"column":34},"end":{"line":187,"column":58}}]},"18":{"loc":{"start":{"line":194,"column":4},"end":{"line":197,"column":null}},"type":"if","locations":[{"start":{"line":194,"column":4},"end":{"line":197,"column":null}}]},"19":{"loc":{"start":{"line":200,"column":4},"end":{"line":202,"column":null}},"type":"if","locations":[{"start":{"line":200,"column":4},"end":{"line":202,"column":null}}]},"20":{"loc":{"start":{"line":203,"column":4},"end":{"line":206,"column":null}},"type":"if","locations":[{"start":{"line":203,"column":4},"end":{"line":206,"column":null}}]},"21":{"loc":{"start":{"line":203,"column":8},"end":{"line":203,"column":46}},"type":"binary-expr","locations":[{"start":{"line":203,"column":8},"end":{"line":203,"column":31}},{"start":{"line":203,"column":35},"end":{"line":203,"column":46}}]},"22":{"loc":{"start":{"line":207,"column":4},"end":{"line":210,"column":null}},"type":"if","locations":[{"start":{"line":207,"column":4},"end":{"line":210,"column":null}}]},"23":{"loc":{"start":{"line":207,"column":8},"end":{"line":207,"column":50}},"type":"binary-expr","locations":[{"start":{"line":207,"column":8},"end":{"line":207,"column":33}},{"start":{"line":207,"column":37},"end":{"line":207,"column":50}}]},"24":{"loc":{"start":{"line":221,"column":6},"end":{"line":245,"column":null}},"type":"if","locations":[{"start":{"line":221,"column":6},"end":{"line":245,"column":null}}]},"25":{"loc":{"start":{"line":221,"column":10},"end":{"line":221,"column":24}},"type":"binary-expr","locations":[{"start":{"line":221,"column":10},"end":{"line":221,"column":20}},{"start":{"line":221,"column":10},"end":{"line":221,"column":24}}]},"26":{"loc":{"start":{"line":231,"column":21},"end":{"line":231,"column":69}},"type":"cond-expr","locations":[{"start":{"line":231,"column":35},"end":{"line":231,"column":61}},{"start":{"line":231,"column":64},"end":{"line":231,"column":69}}]},"27":{"loc":{"start":{"line":232,"column":23},"end":{"line":232,"column":75}},"type":"cond-expr","locations":[{"start":{"line":232,"column":39},"end":{"line":232,"column":67}},{"start":{"line":232,"column":70},"end":{"line":232,"column":75}}]},"28":{"loc":{"start":{"line":251,"column":6},"end":{"line":258,"column":null}},"type":"if","locations":[{"start":{"line":251,"column":6},"end":{"line":258,"column":null}}]},"29":{"loc":{"start":{"line":252,"column":8},"end":{"line":257,"column":null}},"type":"if","locations":[{"start":{"line":252,"column":8},"end":{"line":257,"column":null}},{"start":{"line":254,"column":15},"end":{"line":257,"column":null}}]},"30":{"loc":{"start":{"line":254,"column":15},"end":{"line":257,"column":null}},"type":"if","locations":[{"start":{"line":254,"column":15},"end":{"line":257,"column":null}}]},"31":{"loc":{"start":{"line":267,"column":4},"end":{"line":280,"column":null}},"type":"if","locations":[{"start":{"line":267,"column":4},"end":{"line":280,"column":null}}]},"32":{"loc":{"start":{"line":267,"column":8},"end":{"line":267,"column":55}},"type":"binary-expr","locations":[{"start":{"line":267,"column":8},"end":{"line":267,"column":30}},{"start":{"line":267,"column":34},"end":{"line":267,"column":55}}]},"33":{"loc":{"start":{"line":271,"column":8},"end":{"line":278,"column":null}},"type":"if","locations":[{"start":{"line":271,"column":8},"end":{"line":278,"column":null}}]},"34":{"loc":{"start":{"line":271,"column":12},"end":{"line":271,"column":36}},"type":"binary-expr","locations":[{"start":{"line":271,"column":12},"end":{"line":271,"column":22}},{"start":{"line":271,"column":26},"end":{"line":271,"column":36}}]},"35":{"loc":{"start":{"line":283,"column":4},"end":{"line":297,"column":null}},"type":"if","locations":[{"start":{"line":283,"column":4},"end":{"line":297,"column":null}}]},"36":{"loc":{"start":{"line":283,"column":8},"end":{"line":283,"column":72}},"type":"binary-expr","locations":[{"start":{"line":283,"column":8},"end":{"line":283,"column":31}},{"start":{"line":283,"column":35},"end":{"line":283,"column":46}},{"start":{"line":283,"column":50},"end":{"line":283,"column":72}}]},"37":{"loc":{"start":{"line":288,"column":8},"end":{"line":295,"column":null}},"type":"if","locations":[{"start":{"line":288,"column":8},"end":{"line":295,"column":null}}]},"38":{"loc":{"start":{"line":288,"column":12},"end":{"line":288,"column":36}},"type":"binary-expr","locations":[{"start":{"line":288,"column":12},"end":{"line":288,"column":22}},{"start":{"line":288,"column":26},"end":{"line":288,"column":36}}]},"39":{"loc":{"start":{"line":300,"column":4},"end":{"line":318,"column":null}},"type":"if","locations":[{"start":{"line":300,"column":4},"end":{"line":318,"column":null}}]},"40":{"loc":{"start":{"line":301,"column":6},"end":{"line":303,"column":30}},"type":"binary-expr","locations":[{"start":{"line":301,"column":6},"end":{"line":301,"column":31}},{"start":{"line":302,"column":6},"end":{"line":302,"column":19}},{"start":{"line":303,"column":6},"end":{"line":303,"column":30}}]},"41":{"loc":{"start":{"line":309,"column":8},"end":{"line":316,"column":null}},"type":"if","locations":[{"start":{"line":309,"column":8},"end":{"line":316,"column":null}}]},"42":{"loc":{"start":{"line":309,"column":12},"end":{"line":309,"column":36}},"type":"binary-expr","locations":[{"start":{"line":309,"column":12},"end":{"line":309,"column":22}},{"start":{"line":309,"column":26},"end":{"line":309,"column":36}}]},"43":{"loc":{"start":{"line":346,"column":2},"end":{"line":357,"column":null}},"type":"if","locations":[{"start":{"line":346,"column":2},"end":{"line":357,"column":null}}]},"44":{"loc":{"start":{"line":347,"column":4},"end":{"line":350,"column":58}},"type":"binary-expr","locations":[{"start":{"line":347,"column":4},"end":{"line":347,"column":14}},{"start":{"line":348,"column":5},"end":{"line":348,"column":25}},{"start":{"line":349,"column":6},"end":{"line":349,"column":31}},{"start":{"line":350,"column":7},"end":{"line":350,"column":28}},{"start":{"line":350,"column":32},"end":{"line":350,"column":56}}]},"45":{"loc":{"start":{"line":359,"column":2},"end":{"line":365,"column":null}},"type":"if","locations":[{"start":{"line":359,"column":2},"end":{"line":365,"column":null}}]},"46":{"loc":{"start":{"line":359,"column":6},"end":{"line":359,"column":58}},"type":"binary-expr","locations":[{"start":{"line":359,"column":6},"end":{"line":359,"column":16}},{"start":{"line":359,"column":20},"end":{"line":359,"column":28}},{"start":{"line":359,"column":32},"end":{"line":359,"column":58}}]},"47":{"loc":{"start":{"line":372,"column":8},"end":{"line":372,"column":34}},"type":"cond-expr","locations":[{"start":{"line":372,"column":17},"end":{"line":372,"column":27}},{"start":{"line":372,"column":30},"end":{"line":372,"column":34}}]},"48":{"loc":{"start":{"line":385,"column":14},"end":{"line":389,"column":null}},"type":"cond-expr","locations":[{"start":{"line":386,"column":18},"end":{"line":386,"column":32}},{"start":{"line":387,"column":18},"end":{"line":389,"column":null}}]},"49":{"loc":{"start":{"line":387,"column":18},"end":{"line":389,"column":null}},"type":"cond-expr","locations":[{"start":{"line":388,"column":20},"end":{"line":388,"column":44}},{"start":{"line":389,"column":20},"end":{"line":389,"column":null}}]},"50":{"loc":{"start":{"line":394,"column":14},"end":{"line":398,"column":null}},"type":"cond-expr","locations":[{"start":{"line":395,"column":18},"end":{"line":395,"column":23}},{"start":{"line":396,"column":18},"end":{"line":398,"column":null}}]},"51":{"loc":{"start":{"line":396,"column":18},"end":{"line":398,"column":null}},"type":"cond-expr","locations":[{"start":{"line":397,"column":20},"end":{"line":397,"column":25}},{"start":{"line":398,"column":20},"end":{"line":398,"column":null}}]},"52":{"loc":{"start":{"line":408,"column":12},"end":{"line":408,"column":null}},"type":"if","locations":[{"start":{"line":408,"column":12},"end":{"line":408,"column":null}}]},"53":{"loc":{"start":{"line":409,"column":12},"end":{"line":409,"column":null}},"type":"if","locations":[{"start":{"line":409,"column":12},"end":{"line":409,"column":null}}]},"54":{"loc":{"start":{"line":414,"column":14},"end":{"line":416,"column":29}},"type":"cond-expr","locations":[{"start":{"line":415,"column":18},"end":{"line":415,"column":37}},{"start":{"line":416,"column":18},"end":{"line":416,"column":29}}]},"55":{"loc":{"start":{"line":414,"column":14},"end":{"line":414,"column":58}},"type":"binary-expr","locations":[{"start":{"line":414,"column":14},"end":{"line":414,"column":26}},{"start":{"line":414,"column":30},"end":{"line":414,"column":40}},{"start":{"line":414,"column":44},"end":{"line":414,"column":58}}]},"56":{"loc":{"start":{"line":420,"column":14},"end":{"line":420,"column":61}},"type":"binary-expr","locations":[{"start":{"line":420,"column":14},"end":{"line":420,"column":43}},{"start":{"line":420,"column":47},"end":{"line":420,"column":61}}]},"57":{"loc":{"start":{"line":420,"column":16},"end":{"line":420,"column":42}},"type":"binary-expr","locations":[{"start":{"line":420,"column":16},"end":{"line":420,"column":28}},{"start":{"line":420,"column":32},"end":{"line":420,"column":42}}]},"58":{"loc":{"start":{"line":422,"column":35},"end":{"line":438,"column":47}},"type":"cond-expr","locations":[{"start":{"line":423,"column":16},"end":{"line":423,"column":33}},{"start":{"line":424,"column":16},"end":{"line":438,"column":47}}]},"59":{"loc":{"start":{"line":424,"column":16},"end":{"line":438,"column":47}},"type":"cond-expr","locations":[{"start":{"line":425,"column":18},"end":{"line":425,"column":33}},{"start":{"line":426,"column":18},"end":{"line":438,"column":47}}]},"60":{"loc":{"start":{"line":426,"column":18},"end":{"line":438,"column":47}},"type":"cond-expr","locations":[{"start":{"line":427,"column":20},"end":{"line":427,"column":33}},{"start":{"line":428,"column":20},"end":{"line":438,"column":47}}]},"61":{"loc":{"start":{"line":428,"column":20},"end":{"line":438,"column":47}},"type":"cond-expr","locations":[{"start":{"line":429,"column":22},"end":{"line":429,"column":46}},{"start":{"line":430,"column":22},"end":{"line":438,"column":47}}]},"62":{"loc":{"start":{"line":430,"column":22},"end":{"line":438,"column":47}},"type":"cond-expr","locations":[{"start":{"line":431,"column":24},"end":{"line":431,"column":47}},{"start":{"line":432,"column":24},"end":{"line":438,"column":47}}]},"63":{"loc":{"start":{"line":432,"column":24},"end":{"line":438,"column":47}},"type":"cond-expr","locations":[{"start":{"line":433,"column":26},"end":{"line":433,"column":50}},{"start":{"line":434,"column":26},"end":{"line":438,"column":47}}]},"64":{"loc":{"start":{"line":432,"column":24},"end":{"line":432,"column":65}},"type":"binary-expr","locations":[{"start":{"line":432,"column":24},"end":{"line":432,"column":47}},{"start":{"line":432,"column":51},"end":{"line":432,"column":65}}]},"65":{"loc":{"start":{"line":434,"column":26},"end":{"line":438,"column":47}},"type":"cond-expr","locations":[{"start":{"line":435,"column":28},"end":{"line":435,"column":51}},{"start":{"line":436,"column":28},"end":{"line":438,"column":47}}]},"66":{"loc":{"start":{"line":434,"column":26},"end":{"line":434,"column":71}},"type":"binary-expr","locations":[{"start":{"line":434,"column":26},"end":{"line":434,"column":51}},{"start":{"line":434,"column":55},"end":{"line":434,"column":71}}]},"67":{"loc":{"start":{"line":436,"column":28},"end":{"line
[...]
column":1}}},"3":{"name":"trackOptimalChoice","decl":{"start":{"line":98,"column":13},"end":{"line":98,"column":31}},"loc":{"start":{"line":111,"column":19},"end":{"line":196,"column":1}}},"4":{"name":"(anonymous_4)","decl":{"start":{"line":126,"column":6},"end":{"line":126,"column":8}},"loc":{"start":{"line":126,"column":6},"end":{"line":133,"column":8}}},"5":{"name":"(anonymous_5)","decl":{"start":{"line":139,"column":8},"end":{"line":139,"column":9}},"loc":{"start":{"line":139,"column":13},"end":{"line":139,"column":null}}},"6":{"name":"(anonymous_6)","decl":{"start":{"line":162,"column":10},"end":{"line":162,"column":11}},"loc":{"start":{"line":162,"column":15},"end":{"line":162,"column":null}}},"7":{"name":"(anonymous_7)","decl":{"start":{"line":170,"column":12},"end":{"line":170,"column":13}},"loc":{"start":{"line":170,"column":14},"end":{"line":170,"column":null}}},"8":{"name":"generateGameReport","decl":{"start":{"line":199,"column":13},"end":{"line":199,"column":31}},"loc":{"start":{"line":217,"column":16},"end":{"line":320,"column":1}}},"9":{"name":"(anonymous_9)","decl":{"start":{"line":229,"column":4},"end":{"line":229,"column":5}},"loc":{"start":{"line":229,"column":7},"end":{"line":229,"column":null}}},"10":{"name":"calculateTotalSemanticDistance","decl":{"start":{"line":323,"column":13},"end":{"line":323,"column":43}},"loc":{"start":{"line":326,"column":12},"end":{"line":349,"column":1}}}},"branchMap":{"0":{"loc":{"start":{"line":63,"column":2},"end":{"line":65,"column":null}},"type":"if","locations":[{"start":{"line":63,"column":2},"end":{"line":65,"column":null}}]},"1":{"loc":{"start":{"line":63,"column":6},"end":{"line":63,"column":95}},"type":"binary-expr","locations":[{"start":{"line":63,"column":6},"end":{"line":63,"column":22}},{"start":{"line":63,"column":26},"end":{"line":63,"column":48}},{"start":{"line":63,"column":52},"end":{"line":63,"column":95}}]},"2":{"loc":{"start":{"line":86,"column":2},"end":{"line":86,"column":null}},"type":"if","locations":[{"start":{"line":86,"column":2},"end":{"line":86,"column":null}}]},"3":{"loc":{"start":{"line":91,"column":20},"end":{"line":91,"column":62}},"type":"cond-expr","locations":[{"start":{"line":91,"column":57},"end":{"line":91,"column":61}},{"start":{"line":91,"column":61},"end":{"line":91,"column":62}}]},"4":{"loc":{"start":{"line":91,"column":23},"end":{"line":91,"column":57}},"type":"cond-expr","locations":[{"start":{"line":91,"column":32},"end":{"line":91,"column":35}},{"start":{"line":91,"column":32},"end":{"line":91,"column":57}}]},"5":{"loc":{"start":{"line":91,"column":32},"end":{"line":91,"column":57}},"type":"cond-expr","locations":[{"start":{"line":91,"column":41},"end":{"line":91,"column":43}},{"start":{"line":91,"column":41},"end":{"line":91,"column":57}}]},"6":{"loc":{"start":{"line":91,"column":41},"end":{"line":91,"column":57}},"type":"cond-expr","locations":[{"start":{"line":91,"column":48},"end":{"line":91,"column":51}},{"start":{"line":91,"column":23},"end":{"line":91,"column":57}}]},"7":{"loc":{"start":{"line":113,"column":4},"end":{"line":113,"column":66}},"type":"cond-expr","locations":[{"start":{"line":113,"column":31},"end":{"line":113,"column":55}},{"start":{"line":113,"column":58},"end":{"line":113,"column":66}}]},"8":{"loc":{"start":{"line":123,"column":28},"end":{"line":123,"column":63}},"type":"cond-expr","locations":[{"start":{"line":123,"column":56},"end":{"line":123,"column":58}},{"start":{"line":123,"column":31},"end":{"line":123,"column":63}}]},"9":{"loc":{"start":{"line":124,"column":2},"end":{"line":181,"column":null}},"type":"if","locations":[{"start":{"line":124,"column":2},"end":{"line":181,"column":null}}]},"10":{"loc":{"start":{"line":124,"column":6},"end":{"line":124,"column":74}},"type":"binary-expr","locations":[{"start":{"line":124,"column":6},"end":{"line":124,"column":26}},{"start":{"line":124,"column":30},"end":{"line":124,"column":74}}]},"11":{"loc":{"start":{"line":130,"column":10},"end":{"line":132,"column":null}},"type":"cond-expr","locations":[{"start":{"line":131,"column":14},"end":{"line":131,"column":35}},{"start":{"line":132,"column":14},"end":{"line":132,"column":null}}]},"12":{"loc":{"start":{"line":130,"column":10},"end":{"line":130,"column":64}},"type":"binary-expr","locations":[{"start":{"line":130,"column":10},"end":{"line":130,"column":25}},{"start":{"line":130,"column":29},"end":{"line":130,"column":64}}]},"13":{"loc":{"start":{"line":136,"column":4},"end":{"line":180,"column":null}},"type":"if","locations":[{"start":{"line":136,"column":4},"end":{"line":180,"column":null}}]},"14":{"loc":{"start":{"line":141,"column":6},"end":{"line":143,"column":null}},"type":"if","locations":[{"start":{"line":141,"column":6},"end":{"line":143,"column":null}}]},"15":{"loc":{"start":{"line":144,"column":6},"end":{"line":157,"column":null}},"type":"if","locations":[{"start":{"line":144,"column":6},"end":{"line":157,"column":null}}]},"16":{"loc":{"start":{"line":147,"column":8},"end":{"line":156,"column":null}},"type":"if","locations":[{"start":{"line":147,"column":8},"end":{"line":156,"column":null}},{"start":{"line":154,"column":15},"end":{"line":156,"column":null}}]},"17":{"loc":{"start":{"line":148,"column":10},"end":{"line":150,"column":72}},"type":"binary-expr","locations":[{"start":{"line":148,"column":10},"end":{"line":148,"column":41}},{"start":{"line":149,"column":10},"end":{"line":150,"column":72}}]},"18":{"loc":{"start":{"line":154,"column":15},"end":{"line":156,"column":null}},"type":"if","locations":[{"start":{"line":154,"column":15},"end":{"line":156,"column":null}}]},"19":{"loc":{"start":{"line":160,"column":6},"end":{"line":179,"column":null}},"type":"if","locations":[{"start":{"line":160,"column":6},"end":{"line":179,"column":null}}]},"20":{"loc":{"start":{"line":164,"column":8},"end":{"line":178,"column":null}},"type":"if","locations":[{"start":{"line":164,"column":8},"end":{"line":178,"column":null}}]},"21":{"loc":{"start":{"line":165,"column":10},"end":{"line":166,"column":53}},"type":"binary-expr","locations":[{"start":{"line":165,"column":10},"end":{"line":165,"column":38}},{"start":{"line":166,"column":10},"end":{"line":166,"column":53}}]},"22":{"loc":{"start":{"line":172,"column":10},"end":{"line":177,"column":null}},"type":"if","locations":[{"start":{"line":172,"column":10},"end":{"line":177,"column":null}}]},"23":{"loc":{"start":{"line":173,"column":12},"end":{"line":174,"column":61}},"type":"binary-expr","locations":[{"start":{"line":173,"column":12},"end":{"line":173,"column":31}},{"start":{"line":174,"column":12},"end":{"line":174,"column":61}}]},"24":{"loc":{"start":{"line":229,"column":12},"end":{"line":229,"column":51}},"type":"binary-expr","locations":[{"start":{"line":229,"column":12},"end":{"line":229,"column":30}},{"start":{"line":229,"column":34},"end":{"line":229,"column":51}}]},"25":{"loc":{"start":{"line":232,"column":4},"end":{"line":232,"column":77}},"type":"cond-expr","locations":[{"start":{"line":232,"column":21},"end":{"line":232,"column":73}},{"start":{"line":232,"column":76},"end":{"line":232,"column":77}}]},"26":{"loc":{"start":{"line":241,"column":4},"end":{"line":241,"column":70}},"type":"cond-expr","locations":[{"start":{"line":241,"column":52},"end":{"line":241,"column":57}},{"start":{"line":241,"column":60},"end":{"line":241,"column":70}}]},"27":{"loc":{"start":{"line":245,"column":4},"end":{"line":247,"column":9}},"type":"cond-expr","locations":[{"start":{"line":246,"column":8},"end":{"line":246,"column":64}},{"start":{"line":247,"column":8},"end":{"line":247,"column":9}}]},"28":{"loc":{"start":{"line":245,"column":4},"end":{"line":245,"column":57}},"type":"binary-expr","locations":[{"start":{"line":245,"column":4},"end":{"line":245,"column":32}},{"start":{"line":245,"column":36},"end":{"line":245,"column":57}}]},"29":{"loc":{"start":{"line":251,"column":4},"end":{"line":259,"column":null}},"type":"if","locations":[{"start":{"line":251,"column":4},"end":{"line":259,"column":null}}]},"30":{"loc":{"start":{"line":254,"column":6},"end":{"line":258,"column":null}},"type":"if","locations":[{"start":{"line":254,"column":6},"end":{"line":258,"column":null}}]},"31":{"loc":{"start":{"line":254,"column":10},"end":{"line":254,"column":67}},"type":"binary-expr","locations":[{"start":{"line":254,"column":10},"end":{"line":254,"column":25}},{"start":{"line":254,"column":29},"end":{"line":254,"column":67}}]},"32":{"loc":{"start":{"line":266,"column":2},"end":{"line":277,"column":null}},"type":"if","locations":[{"start":{"line":266,"column":2},"end":{"line":277,"column":null}}]},"33":{"loc":{"start":{"line":266,"column":6},"end":{"line":266,"column":68}},"type":"binary-expr","locations":[{"start":{"line":266,"column":6},"end":{"line":266,"column":23}},{"start":{"line":266,"column":27},"end":{"line":266,"column":68}}]},"34":{"loc":{"start":{"line":281,"column":2},"end":{"line":290,"column":null}},"type":"if","locations":[{"start":{"line":281,"column":2},"end":{"line":290,"column":null}},{"start":{"line":287,"column":9},"end":{"line":290,"column":null}}]},"35":{"loc":{"start":{"line":282,"column":4},"end":{"line":286,"column":null}},"type":"if","locations":[{"start":{"line":282,"column":4},"end":{"line":286,"column":null}},{"start":{"line":284,"column":11},"end":{"line":286,"column":null}}]},"36":{"loc":{"start":{"line":294,"column":4},"end":{"line":294,"column":62}},"type":"cond-expr","locations":[{"start":{"line":294,"column":27},"end":{"line":294,"column":29}},{"start":{"line":294,"column":32},"end":{"line":294,"column":62}}]},"37":{"loc":{"start":{"line":314,"column":21},"end":{"line":314,"column":77}},"type":"cond-expr","locations":[{"start":{"line":314,"column":50},"end":{"line":314,"column":65}},{"start":{"line":314,"column":68},"end":{"line":314,"column":77}}]},"38":{"loc":{"start":{"line":327,"column":2},"end":{"line":329,"column":null}},"type":"if","locations":[{"start":{"line":327,"column":2},"end":{"line":329,"column":null}}]},"39":{"loc":{"start":{"line":327,"column":6},"end":{"line":327,"column":30}},"type":"binary-expr","locations":[{"start":{"line":327,"column":6},"end":{"line":327,"column":11}},{"start":{"line":327,"column":15},"end":{"line":327,"column":30}}]},"40":{"loc":{"start":{"line":337,"column":19},"end":{"line":337,"column":54}},"type":"cond-expr","locations":[{"start":{"line":337,"column":38},"end":{"line":337,"column":40}},{"start":{"line":337,"column":38},"end":{"line":337,"column":54}}]},"41":{"loc":{"start":{"line":337,"column":38},"end":{"line":337,"column":54}},"type":"cond-expr","locations":[{"start":{"line":337,"column":45},"end":{"line":337,"column":48}},{"start":{"line":337,"column":22},"end":{"line":337,"column":54}}]},"42":{"loc":{"start":{"line":338,"column":4},"end":{"line":346,"column":null}},"type":"if","locations":[{"start":{"line":338,"column":4},"end":{"line":346,"column":null}},{"start":{"line":343,"column":11},"end":{"line":346,"column":null}}]}},"s":{"0":2,"1":40,"2":22,"3":18,"4":2,"5":2,"6":23,"7":23,"8":23,"9":31,"10":23,"11":2,"12":2,"13":11,"14":4,"15":7,"16":7,"17":7,"18":13,"19":13,"20":13,"21":13,"22":7,"23":2,"24":2,"25":15,"26":15,"27":15,"28":15,"29":15,"30":15,"31":15,"32":15,"33":14,"34":27,"35":27,"36":27,"37":27,"38":14,"39":14,"40":13,"41":14,"42":9,"43":14,"44":6,"45":1,"46":1,"47":5,"48":5,"49":14,"50":13,"51":12,"52":13,"53":12,"54":12,"55":16,"56":12,"57":7,"58":15,"59":15,"60":2,"61":2,"62":4,"63":4,"64":4,"65":4,"66":3,"67":4,"68":4,"69":4,"70":4,"71":4,"72":4,"73":4,"74":3,"75":3,"76":3,"77":1,"78":4,"79":4,"80":4,"81":2,"82":2,"83":4,"84":1,"85":1,"86":0,"87":3,"88":4,"89":4,"90":2,"91":2,"92":14,"93":4,"94":10,"95":10,"96":10,"97":22,"98":22,"99":22,"100":22,"101":8,"102":14,"103":10,"104":2},"f":{"0":40,"1":23,"2":11,"3":15,"4":27,"5":13,"6":12,"7":16,"8":4,"9":3,"10":14},"b":{"0":[22],"1":[40,36,34],"2":[4],"3":[6,7],"4":[0,13],"5":[1,12],"6":[1,11],"7":[14,1],"8":[0,15],"9":[14],"10":[15,15],"11":[24,3],"12":[27,25],"13":[14],"14":[9],"15":[6],"16":[1,5],"17":[6,5],"18":[5],"19":[13],"20":[12],"21":[13,13],"22":[7],"23":[12,12],"24":[3,1],"25":[2,2],"26":[2,2],"27":[2,2],"28":[4,3],"29":[3],"30":[1],"31":[3,3],"32":[2],"33":[4,2],"34":[1,3],"35":[1,0],"36":[2,2],"37":[0,4],"38":[4],"39":[14,14],"40":[2,20],"41":[2,18],"42":[8,14]}}
,"/Users/jneumann/Repos/synapse/src/utils/graphUtils.ts": {"path":"/Users/jneumann/Repos/synapse/src/utils/graphUtils.ts","statementMap":{"0":{"start":{"line":4,"column":32},"end":{"line":101,"column":1}},"1":{"start":{"line":9,"column":2},"end":{"line":14,"column":null}},"2":{"start":{"line":10,"column":4},"end":{"line":12,"column":null}},"3":{"start":{"line":13,"column":4},"end":{"line":13,"column":null}},"4":{"start":{"line":17,"column":47},"end":{"line":17,"column":49}},"5":{"start":{"line":19,"column":58},"end":{"line":19,"column":60}},"6":{"start":{"line":21,"column":18},"end":{"line":21,"column":35}},"7":{"start":{"line":23,"column":20},"end":{"line":23,"column":37}},"8":{"start":{"line":26,"column":2},"end":{"line":30,"column":null}},"9":{"start":{"line":27,"column":4},"end":{"line":27,"column":null}},"10":{"start":{"line":28,"column":4},"end":{"line":28,"column":null}},"11":{"start":{"line":29,"column":4},"end":{"line":29,"column":null}},"12":{"start":{"line":33,"column":2},"end":{"line":33,"column":null}},"13":{"start":{"line":36,"column":2},"end":{"line":78,"column":null}},"14":{"start":{"line":38,"column":37},"end":{"line":38,"column":41}},"15":{"start":{"line":39,"column":22},"end":{"line":39,"column":30}},"16":{"start":{"line":41,"column":4},"end":{"line":46,"column":null}},"17":{"start":{"line":42,"column":6},"end":{"line":45,"column":null}},"18":{"start":{"line":43,"column":8},"end":{"line":43,"column":null}},"19":{"start":{"line":44,"column":8},"end":{"line":44,"column":null}},"20":{"start":{"line":49,"column":4},"end":{"line":55,"column":null}},"21":{"start":{"line":54,"column":6},"end":{"line":54,"column":null}},"22":{"start":{"line":58,"column":4},"end":{"line":58,"column":null}},"23":{"start":{"line":59,"column":4},"end":{"line":59,"column":null}},"24":{"start":{"line":62,"column":18},"end":{"line":62,"column":53}},"25":{"start":{"line":63,"column":4},"end":{"line":77,"column":null}},"26":{"start":{"line":65,"column":6},"end":{"line":65,"column":null}},"27":{"start":{"line":65,"column":33},"end":{"line":65,"column":null}},"28":{"start":{"line":68,"column":25},"end":{"line":68,"column":40}},"29":{"start":{"line":69,"column":19},"end":{"line":69,"column":33}},"30":{"start":{"line":70,"column":32},"end":{"line":70,"column":61}},"31":{"start":{"line":73,"column":6},"end":{"line":76,"column":null}},"32":{"start":{"line":74,"column":8},"end":{"line":74,"column":null}},"33":{"start":{"line":75,"column":8},"end":{"line":75,"column":null}},"34":{"start":{"line":81,"column":25},"end":{"line":81,"column":27}},"35":{"start":{"line":82,"column":16},"end":{"line":82,"column":19}},"36":{"start":{"line":85,"column":2},"end":{"line":88,"column":null}},"37":{"start":{"line":86,"column":4},"end":{"line":86,"column":null}},"38":{"start":{"line":87,"column":4},"end":{"line":87,"column":null}},"39":{"start":{"line":91,"column":2},"end":{"line":98,"column":null}},"40":{"start":{"line":92,"column":4},"end":{"line":92,"column":null}},"41":{"start":{"line":93,"column":4},"end":{"line":93,"column":null}},"42":{"start":{"line":94,"column":4},"end":{"line":97,"column":null}},"43":{"start":{"line":95,"column":6},"end":{"line":95,"column":null}},"44":{"start":{"line":96,"column":6},"end":{"line":96,"column":null}},"45":{"start":{"line":100,"column":2},"end":{"line":100,"column":null}},"46":{"start":{"line":4,"column":13},"end":{"line":4,"column":32}}},"fnMap":{"0":{"name":"findShortestPath","decl":{"start":{"line":4,"column":13},"end":{"line":4,"column":29}},"loc":{"start":{"line":8,"column":14},"end":{"line":101,"column":1}}}},"branchMap":{"0":{"loc":{"start":{"line":9,"column":2},"end":{"line":14,"column":null}},"type":"if","locations":[{"start":{"line":9,"column":2},"end":{"line":14,"column":null}}]},"1":{"loc":{"start":{"line":9,"column":6},"end":{"line":9,"column":56}},"type":"binary-expr","locations":[{"start":{"line":9,"column":6},"end":{"line":9,"column":16}},{"start":{"line":9,"column":20},"end":{"line":9,"column":37}},{"start":{"line":9,"column":41},"end":{"line":9,"column":56}}]},"2":{"loc":{"start":{"line":42,"column":6},"end":{"line":45,"column":null}},"type":"if","locations":[{"start":{"line":42,"column":6},"end":{"line":45,"column":null}}]},"3":{"loc":{"start":{"line":49,"column":4},"end":{"line":55,"column":null}},"type":"if","locations":[{"start":{"line":49,"column":4},"end":{"line":55,"column":null}}]},"4":{"loc":{"start":{"line":50,"column":6},"end":{"line":52,"column":25}},"type":"binary-expr","locations":[{"start":{"line":50,"column":6},"end":{"line":50,"column":26}},{"start":{"line":51,"column":6},"end":{"line":51,"column":41}},{"start":{"line":52,"column":6},"end":{"line":52,"column":25}}]},"5":{"loc":{"start":{"line":62,"column":18},"end":{"line":62,"column":53}},"type":"binary-expr","locations":[{"start":{"line":62,"column":18},"end":{"line":62,"column":47}},{"start":{"line":62,"column":51},"end":{"line":62,"column":53}}]},"6":{"loc":{"start":{"line":62,"column":18},"end":{"line":62,"column":47}},"type":"cond-expr","locations":[{"start":{"line":62,"column":40},"end":{"line":62,"column":42}},{"start":{"line":62,"column":18},"end":{"line":62,"column":47}}]},"7":{"loc":{"start":{"line":65,"column":6},"end":{"line":65,"column":null}},"type":"if","locations":[{"start":{"line":65,"column":6},"end":{"line":65,"column":null}}]},"8":{"loc":{"start":{"line":73,"column":6},"end":{"line":76,"column":null}},"type":"if","locations":[{"start":{"line":73,"column":6},"end":{"line":76,"column":null}}]},"9":{"loc":{"start":{"line":85,"column":2},"end":{"line":88,"column":null}},"type":"if","locations":[{"start":{"line":85,"column":2},"end":{"line":88,"column":null}}]},"10":{"loc":{"start":{"line":94,"column":4},"end":{"line":97,"column":null}},"type":"if","locations":[{"start":{"line":94,"column":4},"end":{"line":97,"column":null}}]}},"s":{"0":3,"1":127,"2":4,"3":4,"4":123,"5":123,"6":123,"7":123,"8":123,"9":523,"10":523,"11":523,"12":123,"13":123,"14":364,"15":364,"16":364,"17":1183,"18":367,"19":367,"20":364,"21":123,"22":241,"23":241,"24":241,"25":241,"26":681,"27":149,"28":532,"29":532,"30":532,"31":532,"32":364,"33":364,"34":123,"35":123,"36":123,"37":3,"38":3,"39":120,"40":138,"41":138,"42":138,"43":117,"44":117,"45":120,"46":3},"f":{"0":127},"b":{"0":[4],"1":[127,126,124],"2":[367],"3":[123],"4":[364,361,361],"5":[241,0],"6":[0,241],"7":[149],"8":[364],"9":[3],"10":[117]}}
,"/Users/jneumann/Repos/synapse/src/utils/svgUtils.ts": {"path":"/Users/jneumann/Repos/synapse/src/utils/svgUtils.ts","statementMap":{"0":{"start":{"line":6,"column":0},"end":{"line":6,"column":16}},"1":{"start":{"line":7,"column":2},"end":{"line":7,"column":null}},"2":{"start":{"line":7,"column":14},"end":{"line":7,"column":null}},"3":{"start":{"line":11,"column":24},"end":{"line":16,"column":null}},"4":{"start":{"line":18,"column":2},"end":{"line":23,"column":null}},"5":{"start":{"line":20,"column":4},"end":{"line":22,"column":null}},"6":{"start":{"line":21,"column":6},"end":{"line":21,"column":null}},"7":{"start":{"line":24,"column":2},"end":{"line":24,"column":null}}},"fnMap":{"0":{"name":"hasTouchableProperty","decl":{"start":{"line":6,"column":16},"end":{"line":6,"column":36}},"loc":{"start":{"line":6,"column":67},"end":{"line":25,"column":null}}}},"branchMap":{"0":{"loc":{"start":{"line":7,"column":2},"end":{"line":7,"column":null}},"type":"if","locations":[{"start":{"line":7,"column":2},"end":{"line":7,"column":null}}]},"1":{"loc":{"start":{"line":20,"column":4},"end":{"line":22,"column":null}},"type":"if","locations":[{"start":{"line":20,"column":4},"end":{"line":22,"column":null}}]}},"s":{"0":1,"1":13,"2":2,"3":11,"4":11,"5":37,"6":8,"7":3},"f":{"0":13},"b":{"0":[2],"1":[8]}}
}
