TN:
SF:src/App.tsx
FN:33,AppContent
FN:36,(anonymous_11)
FN:37,(anonymous_12)
FN:38,(anonymous_13)
FN:40,(anonymous_14)
FN:43,(anonymous_15)
FN:46,(anonymous_16)
FN:50,(anonymous_17)
FN:51,(anonymous_18)
FN:51,(anonymous_19)
FN:51,initializeApp
FN:92,(anonymous_21)
FN:94,(anonymous_22)
FN:94,(anonymous_23)
FN:94,handleDeepLink
FN:109,(anonymous_25)
FN:130,onDismiss
FN:140,App
FNF:18
FNH:0
FNDA:0,AppContent
FNDA:0,(anonymous_11)
FNDA:0,(anonymous_12)
FNDA:0,(anonymous_13)
FNDA:0,(anonymous_14)
FNDA:0,(anonymous_15)
FNDA:0,(anonymous_16)
FNDA:0,(anonymous_17)
FNDA:0,(anonymous_18)
FNDA:0,(anonymous_19)
FNDA:0,initializeApp
FNDA:0,(anonymous_21)
FNDA:0,(anonymous_22)
FNDA:0,(anonymous_23)
FNDA:0,handleDeepLink
FNDA:0,(anonymous_25)
FNDA:0,onDismiss
FNDA:0,App
DA:1,0
DA:2,0
DA:4,0
DA:5,0
DA:7,0
DA:8,0
DA:9,0
DA:11,0
DA:12,0
DA:13,0
DA:14,0
DA:15,0
DA:16,0
DA:26,0
DA:31,0
DA:34,0
DA:36,0
DA:37,0
DA:38,0
DA:39,0
DA:40,0
DA:42,0
DA:43,0
DA:45,0
DA:46,0
DA:50,0
DA:51,0
DA:52,0
DA:54,0
DA:55,0
DA:56,0
DA:57,0
DA:59,0
DA:61,0
DA:62,0
DA:67,0
DA:68,0
DA:69,0
DA:71,0
DA:73,0
DA:77,0
DA:83,0
DA:84,0
DA:86,0
DA:88,0
DA:92,0
DA:94,0
DA:95,0
DA:97,0
DA:98,0
DA:102,0
DA:104,0
DA:107,0
DA:108,0
DA:109,0
DA:113,0
DA:130,0
DA:140,0
DA:141,0
LF:59
LH:0
BRDA:52,0,0,0
BRDA:52,0,1,0
BRDA:54,1,0,0
BRDA:54,2,0,0
BRDA:54,2,1,0
BRDA:59,3,0,0
BRDA:59,4,0,0
BRDA:59,4,1,0
BRDA:68,5,0,0
BRDA:71,6,0,0
BRDA:71,7,0,0
BRDA:71,7,1,0
BRDA:71,7,2,0
BRDA:97,8,0,0
BRDA:97,9,0,0
BRDA:97,9,1,0
BRDA:97,9,2,0
BRDA:107,10,0,0
BRDA:134,11,0,0
BRDA:134,11,1,0
BRF:20
BRH:0
end_of_record
TN:
SF:src/ExpoRoot.js
FN:6,ExpoRoot
FNF:1
FNH:0
FNDA:0,ExpoRoot
DA:7,0
LF:1
LH:0
BRF:0
BRH:0
end_of_record
TN:
SF:src/index.web.js
FN:20,(anonymous_0)
FNF:1
FNH:0
FNDA:0,(anonymous_0)
DA:8,0
DA:11,0
DA:13,0
DA:16,0
DA:19,0
DA:20,0
DA:22,0
DA:26,0
LF:8
LH:0
BRDA:11,0,0,0
BRDA:11,0,1,0
BRDA:19,1,0,0
BRDA:19,1,1,0
BRF:4
BRH:0
end_of_record
TN:
SF:src/assets/icons.ts
FN:19,getIconForPlatform
FNF:1
FNH:1
FNDA:20,getIconForPlatform
DA:3,1
DA:19,1
DA:20,20
LF:3
LH:3
BRF:0
BRH:0
end_of_record
TN:
SF:src/components/AboutModal.tsx
FN:27,AboutModal
FN:35,(anonymous_11)
FN:51,(anonymous_12)
FN:222,onPress
FNF:4
FNH:0
FNDA:0,AboutModal
FNDA:0,(anonymous_11)
FNDA:0,(anonymous_12)
FNDA:0,onPress
DA:1,0
DA:2,0
DA:4,0
DA:12,0
DA:19,0
DA:27,0
DA:28,0
DA:31,0
DA:32,0
DA:35,0
DA:36,0
DA:38,0
DA:42,0
DA:45,0
DA:46,0
DA:51,0
DA:52,0
DA:54,0
DA:56,0
DA:58,0
DA:222,0
DA:245,0
DA:283,0
LF:23
LH:0
BRDA:36,0,0,0
BRDA:36,0,1,0
BRF:2
BRH:0
end_of_record
TN:
SF:src/components/AchievementDetailDialog.tsx
FN:15,AchievementDetailDialog
FNF:1
FNH:0
FNDA:0,AchievementDetailDialog
DA:1,0
DA:2,0
DA:4,0
DA:15,0
DA:16,0
DA:17,0
DA:18,0
DA:20,0
DA:22,0
DA:24,0
DA:52,0
DA:65,0
LF:12
LH:0
BRDA:22,0,0,0
BRF:1
BRH:0
end_of_record
TN:
SF:src/components/AnimatedButton.tsx
FN:19,AnimatedPaperButton
FN:30,(anonymous_16)
FN:37,handlePress
FN:46,(anonymous_19)
FNF:4
FNH:0
FNDA:0,AnimatedPaperButton
FNDA:0,(anonymous_16)
FNDA:0,handlePress
FNDA:0,(anonymous_19)
DA:1,0
DA:2,0
DA:4,0
DA:5,0
DA:12,0
DA:19,0
DA:20,0
DA:21,0
DA:22,0
DA:23,0
DA:24,0
DA:27,0
DA:30,0
DA:31,0
DA:32,0
DA:34,0
DA:37,0
DA:38,0
DA:40,0
DA:46,0
DA:47,0
DA:55,0
DA:56,0
DA:60,0
DA:71,0
DA:77,0
LF:26
LH:0
BRDA:23,0,0,0
BRDA:23,0,1,0
BRDA:38,1,0,0
BRDA:55,2,0,0
BRF:4
BRH:0
end_of_record
TN:
SF:src/components/AppHeader.tsx
FN:25,AppHeader
FN:33,(anonymous_11)
FN:36,(anonymous_12)
FN:46,createAnimatedStyle
FN:47,(anonymous_14)
FN:58,animatePress
FN:60,(anonymous_17)
FN:66,handleAbout
FN:71,handleStats
FN:76,handleNewGame
FN:83,handleGiveUp
FNF:11
FNH:0
FNDA:0,AppHeader
FNDA:0,(anonymous_11)
FNDA:0,(anonymous_12)
FNDA:0,createAnimatedStyle
FNDA:0,(anonymous_14)
FNDA:0,animatePress
FNDA:0,(anonymous_17)
FNDA:0,handleAbout
FNDA:0,handleStats
FNDA:0,handleNewGame
FNDA:0,handleGiveUp
DA:1,0
DA:2,0
DA:4,0
DA:5,0
DA:12,0
DA:23,0
DA:25,0
DA:26,0
DA:27,0
DA:28,0
DA:29,0
DA:31,0
DA:32,0
DA:33,0
DA:35,0
DA:36,0
DA:40,0
DA:41,0
DA:42,0
DA:43,0
DA:46,0
DA:47,0
DA:48,0
DA:49,0
DA:52,0
DA:53,0
DA:54,0
DA:55,0
DA:58,0
DA:59,0
DA:60,0
DA:61,0
DA:66,0
DA:67,0
DA:68,0
DA:71,0
DA:72,0
DA:73,0
DA:76,0
DA:77,0
DA:78,0
DA:79,0
DA:83,0
DA:84,0
DA:85,0
DA:86,0
DA:90,0
DA:128,0
DA:142,0
LF:49
LH:0
BRDA:28,0,0,0
BRDA:28,0,1,0
BRDA:29,1,0,0
BRDA:29,1,1,0
BRDA:77,2,0,0
BRDA:84,3,0,0
BRF:6
BRH:0
end_of_record
TN:
SF:src/components/AvailableWordsDisplay.tsx
FN:10,AvailableWordsDisplay
FN:18,(anonymous_10)
FN:19,(anonymous_11)
FN:20,(anonymous_12)
FN:30,(anonymous_13)
FN:37,(anonymous_14)
FN:43,(anonymous_15)
FN:58,(anonymous_16)
FN:62,onPress
FNF:9
FNH:0
FNDA:0,AvailableWordsDisplay
FNDA:0,(anonymous_10)
FNDA:0,(anonymous_11)
FNDA:0,(anonymous_12)
FNDA:0,(anonymous_13)
FNDA:0,(anonymous_14)
FNDA:0,(anonymous_15)
FNDA:0,(anonymous_16)
FNDA:0,onPress
DA:1,0
DA:2,0
DA:4,0
DA:6,0
DA:10,0
DA:11,0
DA:15,0
DA:18,0
DA:19,0
DA:20,0
DA:23,0
DA:26,0
DA:28,0
DA:30,0
DA:31,0
DA:32,0
DA:33,0
DA:36,0
DA:37,0
DA:43,0
DA:44,0
DA:47,0
DA:48,0
DA:51,0
DA:58,0
DA:62,0
DA:75,0
DA:113,0
LF:28
LH:0
BRDA:31,0,0,0
BRDA:31,1,0,0
BRDA:31,1,1,0
BRDA:31,1,2,0
BRDA:36,2,0,0
BRDA:36,2,1,0
BRDA:36,3,0,0
BRDA:36,3,1,0
BRDA:47,4,0,0
BRDA:47,5,0,0
BRDA:47,5,1,0
BRF:11
BRH:0
end_of_record
TN:
SF:src/components/GameReportDisplay.tsx
FN:19,renderTextPath
FN:28,(anonymous_7)
FN:38,GameReportDisplay
FN:44,(anonymous_9)
FN:45,(anonymous_10)
FN:47,handleOptimalPathPress
FN:54,handleSuggestedPathPress
FN:167,(anonymous_13)
FN:169,(anonymous_14)
FN:172,(anonymous_15)
FN:184,(anonymous_16)
FN:209,(anonymous_17)
FN:238,(anonymous_18)
FN:259,(anonymous_19)
FN:262,onPress
FN:294,onPress
FNF:16
FNH:0
FNDA:0,renderTextPath
FNDA:0,(anonymous_7)
FNDA:0,GameReportDisplay
FNDA:0,(anonymous_9)
FNDA:0,(anonymous_10)
FNDA:0,handleOptimalPathPress
FNDA:0,handleSuggestedPathPress
FNDA:0,(anonymous_13)
FNDA:0,(anonymous_14)
FNDA:0,(anonymous_15)
FNDA:0,(anonymous_16)
FNDA:0,(anonymous_17)
FNDA:0,(anonymous_18)
FNDA:0,(anonymous_19)
FNDA:0,onPress
FNDA:0,onPress
DA:1,0
DA:2,0
DA:4,0
DA:7,0
DA:19,0
DA:25,0
DA:26,0
DA:28,0
DA:38,0
DA:39,0
DA:40,0
DA:41,0
DA:43,0
DA:44,0
DA:45,0
DA:47,0
DA:48,0
DA:54,0
DA:55,0
DA:61,0
DA:168,0
DA:169,0
DA:171,0
DA:172,0
DA:174,0
DA:184,0
DA:209,0
DA:238,0
DA:259,0
DA:262,0
DA:295,0
DA:296,0
DA:311,0
DA:385,0
LF:34
LH:0
BRDA:25,0,0,0
BRDA:25,1,0,0
BRDA:25,1,1,0
BRDA:31,2,0,0
BRDA:31,2,1,0
BRDA:92,3,0,0
BRDA:92,3,1,0
BRDA:92,3,2,0
BRDA:155,4,0,0
BRDA:155,4,1,0
BRDA:161,5,0,0
BRDA:161,5,1,0
BRDA:172,6,0,0
BRDA:172,6,1,0
BRDA:176,7,0,0
BRDA:176,7,1,0
BRDA:201,8,0,0
BRDA:201,8,1,0
BRDA:230,9,0,0
BRDA:230,9,1,0
BRDA:230,9,2,0
BRDA:250,10,0,0
BRDA:250,10,1,0
BRDA:250,10,2,0
BRDA:263,11,0,0
BRDA:263,11,1,0
BRDA:295,12,0,0
BRF:27
BRH:0
end_of_record
TN:
SF:src/components/GraphVisualization.tsx
FN:73,GraphVisualization
FN:90,(anonymous_11)
FN:91,(anonymous_12)
FN:92,(anonymous_13)
FN:93,(anonymous_14)
FN:94,(anonymous_15)
FN:95,(anonymous_16)
FN:96,(anonymous_17)
FN:98,(anonymous_18)
FN:100,(anonymous_19)
FN:101,(anonymous_20)
FN:102,(anonymous_21)
FN:135,(anonymous_22)
FN:143,(anonymous_23)
FN:171,onSelectWord
FN:179,(anonymous_25)
FN:201,(anonymous_26)
FN:205,(anonymous_27)
FN:209,(anonymous_28)
FN:219,(anonymous_29)
FN:249,(anonymous_30)
FN:377,(anonymous_31)
FN:406,(anonymous_32)
FN:412,(anonymous_33)
FN:461,onPress
FN:469,(anonymous_35)
FN:487,(anonymous_36)
FN:519,(anonymous_37)
FN:527,(anonymous_38)
FNF:29
FNH:0
FNDA:0,GraphVisualization
FNDA:0,(anonymous_11)
FNDA:0,(anonymous_12)
FNDA:0,(anonymous_13)
FNDA:0,(anonymous_14)
FNDA:0,(anonymous_15)
FNDA:0,(anonymous_16)
FNDA:0,(anonymous_17)
FNDA:0,(anonymous_18)
FNDA:0,(anonymous_19)
FNDA:0,(anonymous_20)
FNDA:0,(anonymous_21)
FNDA:0,(anonymous_22)
FNDA:0,(anonymous_23)
FNDA:0,onSelectWord
FNDA:0,(anonymous_25)
FNDA:0,(anonymous_26)
FNDA:0,(anonymous_27)
FNDA:0,(anonymous_28)
FNDA:0,(anonymous_29)
FNDA:0,(anonymous_30)
FNDA:0,(anonymous_31)
FNDA:0,(anonymous_32)
FNDA:0,(anonymous_33)
FNDA:0,onPress
FNDA:0,(anonymous_35)
FNDA:0,(anonymous_36)
FNDA:0,(anonymous_37)
FNDA:0,(anonymous_38)
DA:1,0
DA:2,0
DA:4,0
DA:6,0
DA:8,0
DA:9,0
DA:49,0
DA:50,0
DA:54,0
DA:55,0
DA:56,0
DA:57,0
DA:58,0
DA:59,0
DA:60,0
DA:73,0
DA:74,0
DA:75,0
DA:76,0
DA:78,0
DA:81,0
DA:82,0
DA:83,0
DA:84,0
DA:85,0
DA:86,0
DA:87,0
DA:90,0
DA:91,0
DA:92,0
DA:93,0
DA:94,0
DA:95,0
DA:96,0
DA:97,0
DA:98,0
DA:100,0
DA:101,0
DA:102,0
DA:105,0
DA:106,0
DA:107,0
DA:121,0
DA:127,0
DA:128,0
DA:132,0
DA:135,0
DA:136,0
DA:137,0
DA:139,0
DA:143,0
DA:144,0
DA:145,0
DA:160,0
DA:163,0
DA:166,0
DA:171,0
DA:173,0
DA:174,0
DA:179,0
DA:181,0
DA:189,0
DA:193,0
DA:194,0
DA:196,0
DA:200,0
DA:201,0
DA:203,0
DA:205,0
DA:207,0
DA:209,0
DA:213,0
DA:214,0
DA:215,0
DA:216,0
DA:217,0
DA:219,0
DA:220,0
DA:221,0
DA:222,0
DA:223,0
DA:239,0
DA:241,0
DA:242,0
DA:243,0
DA:244,0
DA:249,0
DA:250,0
DA:251,0
DA:252,0
DA:253,0
DA:254,0
DA:256,0
DA:261,0
DA:264,0
DA:267,0
DA:268,0
DA:269,0
DA:270,0
DA:271,0
DA:272,0
DA:283,0
DA:285,0
DA:286,0
DA:287,0
DA:288,0
DA:289,0
DA:300,0
DA:306,0
DA:307,0
DA:308,0
DA:309,0
DA:310,0
DA:321,0
DA:322,0
DA:323,0
DA:324,0
DA:325,0
DA:327,0
DA:346,0
DA:352,0
DA:359,0
DA:360,0
DA:368,0
DA:377,0
DA:408,0
DA:409,0
DA:410,0
DA:414,0
DA:420,0
DA:422,0
DA:440,0
DA:461,0
DA:470,0
DA:471,0
DA:473,0
DA:476,0
DA:480,0
DA:482,0
DA:486,0
DA:487,0
DA:489,0
DA:490,0
DA:493,0
DA:497,0
DA:500,0
DA:502,0
DA:503,0
DA:507,0
DA:510,0
DA:511,0
DA:514,0
DA:516,0
DA:520,0
DA:521,0
DA:523,0
DA:524,0
DA:525,0
DA:527,0
DA:546,0
DA:554,0
LF:161
LH:0
BRDA:106,0,0,0
BRDA:106,0,1,0
BRDA:107,1,0,0
BRDA:107,1,1,0
BRDA:121,2,0,0
BRDA:121,2,1,0
BRDA:122,3,0,0
BRDA:122,3,1,0
BRDA:127,4,0,0
BRDA:127,4,1,0
BRDA:128,5,0,0
BRDA:128,5,1,0
BRDA:132,6,0,0
BRDA:132,6,1,0
BRDA:136,7,0,0
BRDA:137,8,0,0
BRDA:137,8,1,0
BRDA:144,9,0,0
BRDA:147,10,0,0
BRDA:147,10,1,0
BRDA:151,11,0,0
BRDA:151,11,1,0
BRDA:155,12,0,0
BRDA:155,12,1,0
BRDA:166,13,0,0
BRDA:166,13,1,0
BRDA:173,14,0,0
BRDA:173,15,0,0
BRDA:173,15,1,0
BRDA:181,16,0,0
BRDA:182,17,0,0
BRDA:182,17,1,0
BRDA:182,17,2,0
BRDA:182,17,3,0
BRDA:182,17,4,0
BRDA:182,17,5,0
BRDA:182,17,6,0
BRDA:194,18,0,0
BRDA:200,19,0,0
BRDA:203,20,0,0
BRDA:203,21,0,0
BRDA:203,21,1,0
BRDA:207,22,0,0
BRDA:207,23,0,0
BRDA:207,23,1,0
BRDA:221,24,0,0
BRDA:221,25,0,0
BRDA:221,25,1,0
BRDA:231,26,0,0
BRDA:231,26,1,0
BRDA:232,27,0,0
BRDA:232,27,1,0
BRDA:251,28,0,0
BRDA:252,29,0,0
BRDA:252,29,1,0
BRDA:254,30,0,0
BRDA:267,31,0,0
BRDA:267,32,0,0
BRDA:267,32,1,0
BRDA:271,33,0,0
BRDA:271,34,0,0
BRDA:271,34,1,0
BRDA:283,35,0,0
BRDA:283,36,0,0
BRDA:283,36,1,0
BRDA:283,36,2,0
BRDA:288,37,0,0
BRDA:288,38,0,0
BRDA:288,38,1,0
BRDA:300,39,0,0
BRDA:301,40,0,0
BRDA:301,40,1,0
BRDA:301,40,2,0
BRDA:309,41,0,0
BRDA:309,42,0,0
BRDA:309,42,1,0
BRDA:346,43,0,0
BRDA:347,44,0,0
BRDA:347,44,1,0
BRDA:347,44,2,0
BRDA:347,44,3,0
BRDA:347,44,4,0
BRDA:359,45,0,0
BRDA:359,46,0,0
BRDA:359,46,1,0
BRDA:359,46,2,0
BRDA:372,47,0,0
BRDA:372,47,1,0
BRDA:385,48,0,0
BRDA:385,48,1,0
BRDA:387,49,0,0
BRDA:387,49,1,0
BRDA:394,50,0,0
BRDA:394,50,1,0
BRDA:396,51,0,0
BRDA:396,51,1,0
BRDA:408,52,0,0
BRDA:409,53,0,0
BRDA:414,54,0,0
BRDA:414,54,1,0
BRDA:414,55,0,0
BRDA:414,55,1,0
BRDA:414,55,2,0
BRDA:420,56,0,0
BRDA:420,56,1,0
BRDA:420,57,0,0
BRDA:420,57,1,0
BRDA:422,58,0,0
BRDA:422,58,1,0
BRDA:424,59,0,0
BRDA:424,59,1,0
BRDA:426,60,0,0
BRDA:426,60,1,0
BRDA:428,61,0,0
BRDA:428,61,1,0
BRDA:430,62,0,0
BRDA:430,62,1,0
BRDA:432,63,0,0
BRDA:432,63,1,0
BRDA:432,64,0,0
BRDA:432,64,1,0
BRDA:434,65,0,0
BRDA:434,65,1,0
BRDA:434,66,0,0
BRDA:434,66,1,0
BRDA:436,67,0,0
BRDA:436,67,1,0
BRDA:436,68,0,0
BRDA:436,68,1,0
BRDA:452,69,0,0
BRDA:452,69,1,0
BRDA:470,70,0,0
BRDA:471,71,0,0
BRDA:473,72,0,0
BRDA:476,73,0,0
BRDA:476,73,1,0
BRDA:480,74,0,0
BRDA:482,75,0,0
BRDA:489,76,0,0
BRDA:510,77,0,0
BRDA:510,78,0,0
BRDA:510,78,1,0
BRDA:520,79,0,0
BRDA:520,80,0,0
BRDA:520,80,1,0
BRDA:521,81,0,0
BRDA:521,82,0,0
BRDA:521,82,1,0
BRDA:523,83,0,0
BRDA:523,84,0,0
BRDA:523,84,1,0
BRDA:523,84,2,0
BRDA:523,84,3,0
BRDA:524,85,0,0
BRDA:524,86,0,0
BRDA:524,86,1,0
BRDA:524,86,2,0
BRDA:524,86,3,0
BRF:158
BRH:0
end_of_record
TN:
SF:src/components/PathDisplayConfigurator.tsx
FN:12,PathDisplayConfigurator
FN:15,(anonymous_2)
FN:16,(anonymous_3)
FN:17,(anonymous_4)
FN:22,handleTogglePlayerPath
FN:26,handleToggleOptimalPath
FN:30,handleToggleSuggestedPath
FNF:7
FNH:0
FNDA:0,PathDisplayConfigurator
FNDA:0,(anonymous_2)
FNDA:0,(anonymous_3)
FNDA:0,(anonymous_4)
FNDA:0,handleTogglePlayerPath
FNDA:0,handleToggleOptimalPath
FNDA:0,handleToggleSuggestedPath
DA:1,0
DA:2,0
DA:4,0
DA:6,0
DA:12,0
DA:13,0
DA:14,0
DA:15,0
DA:16,0
DA:17,0
DA:20,0
DA:22,0
DA:23,0
DA:26,0
DA:27,0
DA:30,0
DA:31,0
DA:34,0
DA:36,0
DA:70,0
DA:106,0
DA:143,0
LF:22
LH:0
BRDA:13,0,0,0
BRDA:13,0,1,0
BRDA:20,1,0,0
BRDA:20,1,1,0
BRDA:34,2,0,0
BRDA:46,3,0,0
BRDA:46,3,1,0
BRDA:83,4,0,0
BRDA:83,4,1,0
BRF:9
BRH:0
end_of_record
TN:
SF:src/components/PlayerPathDisplay.tsx
FN:24,PlayerPathDisplay
FN:31,(anonymous_15)
FN:32,(anonymous_16)
FN:33,(anonymous_17)
FN:34,(anonymous_18)
FN:35,(anonymous_19)
FN:38,handlePlayerPathPress
FN:128,onContentSizeChange
FN:133,(anonymous_22)
FN:143,(anonymous_23)
FN:221,onPress
FN:242,(anonymous_25)
FN:259,onPress
FNF:13
FNH:0
FNDA:0,PlayerPathDisplay
FNDA:0,(anonymous_15)
FNDA:0,(anonymous_16)
FNDA:0,(anonymous_17)
FNDA:0,(anonymous_18)
FNDA:0,(anonymous_19)
FNDA:0,handlePlayerPathPress
FNDA:0,onContentSizeChange
FNDA:0,(anonymous_22)
FNDA:0,(anonymous_23)
FNDA:0,onPress
FNDA:0,(anonymous_25)
FNDA:0,onPress
DA:1,0
DA:2,0
DA:11,0
DA:13,0
DA:24,0
DA:25,0
DA:26,0
DA:27,0
DA:28,0
DA:30,0
DA:31,0
DA:32,0
DA:33,0
DA:34,0
DA:35,0
DA:36,0
DA:38,0
DA:39,0
DA:47,0
DA:86,0
DA:88,0
DA:90,0
DA:120,0
DA:128,0
DA:134,0
DA:138,0
DA:139,0
DA:142,0
DA:143,0
DA:146,0
DA:147,0
DA:149,0
DA:150,0
DA:158,0
DA:161,0
DA:162,0
DA:165,0
DA:166,0
DA:167,0
DA:168,0
DA:172,0
DA:174,0
DA:175,0
DA:181,0
DA:194,0
DA:201,0
DA:204,0
DA:205,0
DA:206,0
DA:207,0
DA:209,0
DA:213,0
DA:218,0
DA:221,0
DA:242,0
DA:259,0
DA:272,0
LF:57
LH:0
BRDA:86,0,0,0
BRDA:86,1,0,0
BRDA:86,1,1,0
BRDA:128,2,0,0
BRDA:128,2,1,0
BRDA:146,3,0,0
BRDA:146,3,1,0
BRDA:150,4,0,0
BRDA:151,5,0,0
BRDA:151,5,1,0
BRDA:151,5,2,0
BRDA:151,5,3,0
BRDA:151,5,4,0
BRDA:161,6,0,0
BRDA:161,7,0,0
BRDA:161,7,1,0
BRDA:165,8,0,0
BRDA:165,8,1,0
BRDA:167,9,0,0
BRDA:172,10,0,0
BRDA:172,10,1,0
BRDA:175,11,0,0
BRDA:176,12,0,0
BRDA:176,12,1,0
BRDA:176,12,2,0
BRDA:194,13,0,0
BRDA:195,14,0,0
BRDA:195,14,1,0
BRDA:195,14,2,0
BRDA:204,15,0,0
BRDA:206,16,0,0
BRDA:206,16,1,0
BRDA:209,17,0,0
BRDA:210,18,0,0
BRDA:210,18,1,0
BRDA:210,18,2,0
BRDA:225,19,0,0
BRDA:225,19,1,0
BRDA:232,20,0,0
BRDA:232,20,1,0
BRDA:232,20,2,0
BRDA:232,20,3,0
BRDA:237,21,0,0
BRDA:237,21,1,0
BRDA:259,22,0,0
BRDA:259,22,1,0
BRF:46
BRH:0
end_of_record
TN:
SF:src/components/RadarPing.tsx
FN:26,RadarPing
FN:37,(anonymous_10)
FN:50,(anonymous_11)
FNF:3
FNH:0
FNDA:0,RadarPing
FNDA:0,(anonymous_10)
FNDA:0,(anonymous_11)
DA:1,0
DA:3,0
DA:12,0
DA:14,0
DA:26,0
DA:27,0
DA:28,0
DA:29,0
DA:30,0
DA:31,0
DA:32,0
DA:33,0
DA:35,0
DA:37,0
DA:39,0
DA:50,0
DA:51,0
DA:54,0
DA:56,0
DA:62,0
DA:66,0
DA:68,0
DA:80,0
LF:23
LH:0
BRDA:32,0,0,0
BRDA:32,0,1,0
BRDA:33,1,0,0
BRDA:33,1,1,0
BRF:4
BRH:0
end_of_record
TN:
SF:src/components/StatsModal.tsx
FN:54,GameHistoryCard
FN:120,(anonymous_16)
FN:124,onPress
FN:186,AchievementCard
FN:199,onPress
FN:252,WordCollectionCard
FN:273,showWordDialog
FN:277,hideWordDialog
FN:401,(anonymous_23)
FN:437,StatsModal
FN:443,(anonymous_25)
FN:488,(anonymous_26)
FN:490,(anonymous_27)
FN:490,(anonymous_28)
FN:490,loadData
FN:516,handleReportPress
FN:521,handleBackToHistory
FN:526,showWordDefinition
FN:532,hideWordDefinition
FN:539,showAchievementDetail
FN:544,hideAchievementDetail
FN:550,(anonymous_36)
FN:550,(anonymous_37)
FN:550,copyToClipboard
FN:580,prepareHistoricalGraphPreview
FN:589,(anonymous_40)
FN:589,(anonymous_41)
FN:589,handleChallengeShareInHistory
FN:630,renderHistoryTab
FN:664,keyExtractor
FN:665,renderItem
FN:669,onPress
FN:689,renderProgressTab
FN:786,(anonymous_48)
FN:799,renderEventsTab
FN:823,(anonymous_50)
FN:840,renderTabContent
FN:873,onDismiss
FN:887,onPress
FN:926,onDismiss
FN:975,onPress
FN:982,onPress
FN:994,onDismiss
FNF:43
FNH:0
FNDA:0,GameHistoryCard
FNDA:0,(anonymous_16)
FNDA:0,onPress
FNDA:0,AchievementCard
FNDA:0,onPress
FNDA:0,WordCollectionCard
FNDA:0,showWordDialog
FNDA:0,hideWordDialog
FNDA:0,(anonymous_23)
FNDA:0,StatsModal
FNDA:0,(anonymous_25)
FNDA:0,(anonymous_26)
FNDA:0,(anonymous_27)
FNDA:0,(anonymous_28)
FNDA:0,loadData
FNDA:0,handleReportPress
FNDA:0,handleBackToHistory
FNDA:0,showWordDefinition
FNDA:0,hideWordDefinition
FNDA:0,showAchievementDetail
FNDA:0,hideAchievementDetail
FNDA:0,(anonymous_36)
FNDA:0,(anonymous_37)
FNDA:0,copyToClipboard
FNDA:0,prepareHistoricalGraphPreview
FNDA:0,(anonymous_40)
FNDA:0,(anonymous_41)
FNDA:0,handleChallengeShareInHistory
FNDA:0,renderHistoryTab
FNDA:0,keyExtractor
FNDA:0,renderItem
FNDA:0,onPress
FNDA:0,renderProgressTab
FNDA:0,(anonymous_48)
FNDA:0,renderEventsTab
FNDA:0,(anonymous_50)
FNDA:0,renderTabContent
FNDA:0,onDismiss
FNDA:0,onPress
FNDA:0,onDismiss
FNDA:0,onPress
FNDA:0,onPress
FNDA:0,onDismiss
DA:1,0
DA:2,0
DA:11,0
DA:12,0
DA:29,0
DA:30,0
DA:31,0
DA:32,0
DA:33,0
DA:34,0
DA:35,0
DA:37,0
DA:41,0
DA:49,0
DA:54,0
DA:55,0
DA:56,0
DA:57,0
DA:58,0
DA:65,0
DA:66,0
DA:67,0
DA:74,0
DA:78,0
DA:120,0
DA:124,0
DA:186,0
DA:187,0
DA:188,0
DA:189,0
DA:190,0
DA:197,0
DA:199,0
DA:252,0
DA:253,0
DA:254,0
DA:255,0
DA:262,0
DA:264,0
DA:265,0
DA:268,0
DA:270,0
DA:273,0
DA:274,0
DA:277,0
DA:278,0
DA:283,0
DA:286,0
DA:291,0
DA:401,0
DA:437,0
DA:439,0
DA:440,0
DA:441,0
DA:442,0
DA:443,0
DA:449,0
DA:450,0
DA:451,0
DA:454,0
DA:455,0
DA:456,0
DA:458,0
DA:459,0
DA:461,0
DA:462,0
DA:463,0
DA:464,0
DA:465,0
DA:466,0
DA:468,0
DA:469,0
DA:471,0
DA:472,0
DA:473,0
DA:474,0
DA:475,0
DA:476,0
DA:477,0
DA:478,0
DA:481,0
DA:483,0
DA:484,0
DA:485,0
DA:488,0
DA:489,0
DA:490,0
DA:491,0
DA:492,0
DA:493,0
DA:498,0
DA:500,0
DA:501,0
DA:502,0
DA:503,0
DA:505,0
DA:507,0
DA:509,0
DA:511,0
DA:516,0
DA:517,0
DA:521,0
DA:522,0
DA:526,0
DA:527,0
DA:528,0
DA:529,0
DA:532,0
DA:533,0
DA:534,0
DA:535,0
DA:539,0
DA:540,0
DA:541,0
DA:544,0
DA:545,0
DA:546,0
DA:550,0
DA:551,0
DA:552,0
DA:553,0
DA:554,0
DA:555,0
DA:558,0
DA:559,0
DA:560,0
DA:561,0
DA:562,0
DA:563,0
DA:564,0
DA:565,0
DA:569,0
DA:570,0
DA:573,0
DA:574,0
DA:576,0
DA:577,0
DA:580,0
DA:581,0
DA:589,0
DA:590,0
DA:591,0
DA:594,0
DA:595,0
DA:596,0
DA:600,0
DA:602,0
DA:603,0
DA:604,0
DA:605,0
DA:607,0
DA:616,0
DA:617,0
DA:619,0
DA:621,0
DA:624,0
DA:625,0
DA:627,0
DA:630,0
DA:631,0
DA:632,0
DA:661,0
DA:664,0
DA:665,0
DA:669,0
DA:689,0
DA:690,0
DA:786,0
DA:799,0
DA:800,0
DA:801,0
DA:821,0
DA:825,0
DA:827,0
DA:840,0
DA:841,0
DA:842,0
DA:857,0
DA:859,0
DA:861,0
DA:863,0
DA:865,0
DA:869,0
DA:873,0
DA:887,0
DA:926,0
DA:975,0
DA:982,0
DA:994,0
DA:1007,0
DA:1303,0
LF:191
LH:0
BRDA:74,0,0,0
BRDA:74,0,1,0
BRDA:104,1,0,0
BRDA:104,1,1,0
BRDA:117,2,0,0
BRDA:117,2,1,0
BRDA:117,2,2,0
BRDA:172,3,0,0
BRDA:172,3,1,0
BRDA:175,4,0,0
BRDA:175,4,1,0
BRDA:175,5,0,0
BRDA:175,5,1,0
BRDA:199,6,0,0
BRDA:199,6,1,0
BRDA:201,7,0,0
BRDA:201,7,1,0
BRDA:207,8,0,0
BRDA:207,8,1,0
BRDA:212,9,0,0
BRDA:212,9,1,0
BRDA:221,10,0,0
BRDA:221,10,1,0
BRDA:224,11,0,0
BRDA:224,11,1,0
BRDA:235,12,0,0
BRDA:235,12,1,0
BRDA:268,13,0,0
BRDA:268,13,1,0
BRDA:270,14,0,0
BRDA:283,15,0,0
BRDA:283,15,1,0
BRDA:286,16,0,0
BRDA:286,16,1,0
BRDA:296,17,0,0
BRDA:296,17,1,0
BRDA:305,18,0,0
BRDA:305,18,1,0
BRDA:315,19,0,0
BRDA:315,19,1,0
BRDA:377,20,0,0
BRDA:377,20,1,0
BRDA:393,21,0,0
BRDA:393,21,1,0
BRDA:408,22,0,0
BRDA:408,22,1,0
BRDA:412,23,0,0
BRDA:412,23,1,0
BRDA:419,24,0,0
BRDA:419,24,1,0
BRDA:489,25,0,0
BRDA:528,26,0,0
BRDA:528,26,1,0
BRDA:552,27,0,0
BRDA:552,27,1,0
BRDA:553,28,0,0
BRDA:553,28,1,0
BRDA:553,29,0,0
BRDA:553,29,1,0
BRDA:590,30,0,0
BRDA:596,31,0,0
BRDA:596,31,1,0
BRDA:602,32,0,0
BRDA:602,32,1,0
BRDA:616,33,0,0
BRDA:616,33,1,0
BRDA:631,34,0,0
BRDA:726,35,0,0
BRDA:726,35,1,0
BRDA:726,36,0,0
BRDA:726,36,1,0
BRDA:744,37,0,0
BRDA:744,37,1,0
BRDA:744,38,0,0
BRDA:744,38,1,0
BRDA:762,39,0,0
BRDA:762,39,1,0
BRDA:762,40,0,0
BRDA:762,40,1,0
BRDA:800,41,0,0
BRDA:825,42,0,0
BRDA:825,42,1,0
BRDA:825,43,0,0
BRDA:825,43,1,0
BRDA:841,44,0,0
BRDA:857,45,0,0
BRDA:857,45,1,0
BRDA:857,45,2,0
BRDA:857,45,3,0
BRDA:909,46,0,0
BRDA:909,46,1,0
BRDA:946,47,0,0
BRDA:946,47,1,0
BRDA:1258,48,0,0
BRDA:1258,48,1,0
BRF:95
BRH:0
end_of_record
TN:
SF:src/components/TouchableCircle.tsx
FN:32,TouchableCircle
FN:50,(anonymous_15)
FN:58,(anonymous_16)
FN:64,(anonymous_17)
FN:103,(anonymous_19)
FNF:5
FNH:0
FNDA:0,TouchableCircle
FNDA:0,(anonymous_15)
FNDA:0,(anonymous_16)
FNDA:0,(anonymous_17)
FNDA:0,(anonymous_19)
DA:1,0
DA:2,0
DA:4,0
DA:13,0
DA:15,0
DA:32,0
DA:33,0
DA:34,0
DA:35,0
DA:36,0
DA:37,0
DA:38,0
DA:39,0
DA:40,0
DA:41,0
DA:42,0
DA:43,0
DA:44,0
DA:45,0
DA:47,0
DA:48,0
DA:50,0
DA:52,0
DA:58,0
DA:59,0
DA:61,0
DA:64,0
DA:66,0
DA:68,0
DA:71,0
DA:85,0
DA:87,0
DA:89,0
DA:96,0
DA:103,0
DA:104,0
DA:106,0
DA:108,0
DA:111,0
DA:113,0
DA:127,0
LF:41
LH:0
BRDA:44,0,0,0
BRDA:44,0,1,0
BRDA:59,1,0,0
BRDA:59,1,1,0
BRDA:66,2,0,0
BRDA:87,3,0,0
BRDA:87,3,1,0
BRDA:111,4,0,0
BRDA:111,4,1,0
BRF:9
BRH:0
end_of_record
TN:
SF:src/components/WordDefinitionDialog.tsx
FN:31,WordDefinitionDialog
FN:40,(anonymous_16)
FN:41,(anonymous_17)
FN:42,(anonymous_18)
FN:43,(anonymous_19)
FN:44,(anonymous_20)
FN:45,(anonymous_21)
FN:50,(anonymous_22)
FN:63,(anonymous_23)
FN:71,(anonymous_25)
FN:77,(anonymous_26)
FN:90,(anonymous_27)
FN:101,handleBacktrack
FN:149,(anonymous_29)
FNF:14
FNH:0
FNDA:0,WordDefinitionDialog
FNDA:0,(anonymous_16)
FNDA:0,(anonymous_17)
FNDA:0,(anonymous_18)
FNDA:0,(anonymous_19)
FNDA:0,(anonymous_20)
FNDA:0,(anonymous_21)
FNDA:0,(anonymous_22)
FNDA:0,(anonymous_23)
FNDA:0,(anonymous_25)
FNDA:0,(anonymous_26)
FNDA:0,(anonymous_27)
FNDA:0,handleBacktrack
FNDA:0,(anonymous_29)
DA:1,0
DA:2,0
DA:4,0
DA:13,0
DA:20,0
DA:21,0
DA:31,0
DA:32,0
DA:33,0
DA:34,0
DA:35,0
DA:37,0
DA:38,0
DA:40,0
DA:41,0
DA:42,0
DA:43,0
DA:44,0
DA:45,0
DA:47,0
DA:48,0
DA:50,0
DA:51,0
DA:52,0
DA:56,0
DA:58,0
DA:59,0
DA:63,0
DA:64,0
DA:66,0
DA:68,0
DA:70,0
DA:71,0
DA:77,0
DA:79,0
DA:82,0
DA:83,0
DA:84,0
DA:85,0
DA:86,0
DA:87,0
DA:90,0
DA:101,0
DA:102,0
DA:104,0
DA:107,0
DA:108,0
DA:109,0
DA:111,0
DA:112,0
DA:115,0
DA:116,0
DA:118,0
DA:120,0
DA:121,0
DA:124,0
DA:126,0
DA:149,0
DA:201,0
DA:235,0
LF:60
LH:0
BRDA:51,0,0,0
BRDA:51,0,1,0
BRDA:79,1,0,0
BRDA:79,1,1,0
BRDA:82,2,0,0
BRDA:82,3,0,0
BRDA:82,3,1,0
BRDA:82,3,2,0
BRDA:83,4,0,0
BRDA:83,5,0,0
BRDA:83,5,1,0
BRDA:85,6,0,0
BRDA:85,7,0,0
BRDA:85,7,1,0
BRDA:88,8,0,0
BRDA:88,8,1,0
BRDA:88,8,2,0
BRDA:88,8,3,0
BRDA:102,9,0,0
BRDA:104,10,0,0
BRDA:104,10,1,0
BRDA:107,11,0,0
BRDA:115,12,0,0
BRDA:115,13,0,0
BRDA:115,13,1,0
BRDA:118,14,0,0
BRDA:118,14,1,0
BRDA:120,15,0,0
BRDA:120,16,0,0
BRDA:120,16,1,0
BRDA:124,17,0,0
BRDA:124,17,1,0
BRDA:148,18,0,0
BRDA:148,18,1,0
BRDA:151,19,0,0
BRDA:151,19,1,0
BRDA:180,20,0,0
BRDA:180,20,1,0
BRF:38
BRH:0
end_of_record
TN:
SF:src/context/ThemeContext.tsx
FN:15,ThemeProvider
FN:21,(anonymous_10)
FN:25,toggleTheme
FN:26,(anonymous_12)
FN:38,useTheme
FNF:5
FNH:0
FNDA:0,ThemeProvider
FNDA:0,(anonymous_10)
FNDA:0,toggleTheme
FNDA:0,(anonymous_12)
FNDA:0,useTheme
DA:1,0
DA:2,0
DA:4,0
DA:13,0
DA:15,0
DA:16,0
DA:18,0
DA:19,0
DA:21,0
DA:22,0
DA:25,0
DA:26,0
DA:29,0
DA:31,0
DA:38,0
DA:39,0
DA:40,0
DA:41,0
DA:43,0
LF:19
LH:0
BRDA:29,0,0,0
BRDA:29,0,1,0
BRDA:40,1,0,0
BRF:3
BRH:0
end_of_record
TN:
SF:src/features/achievements/logic.ts
FN:7,evaluateAchievements
FN:17,(anonymous_1)
FNF:2
FNH:2
FNDA:5,evaluateAchievements
FNDA:6,(anonymous_1)
DA:2,2
DA:7,2
DA:11,5
DA:12,2
DA:17,6
LF:5
LH:5
BRDA:11,0,0,2
BRF:1
BRH:1
end_of_record
TN:
SF:src/features/achievements/definitions/comebackKid.definition.ts
FN:8,check
FNF:1
FNH:1
FNDA:9,check
DA:3,3
DA:9,9
DA:17,6
DA:19,3
DA:20,3
DA:21,5
DA:25,1
DA:28,2
LF:8
LH:8
BRDA:9,0,0,6
BRDA:10,1,0,9
BRDA:10,1,1,8
BRDA:10,1,2,7
BRDA:10,1,3,6
BRDA:10,1,4,5
BRDA:10,1,5,4
BRDA:21,2,0,1
BRDA:22,3,0,5
BRDA:22,3,1,4
BRF:10
BRH:10
end_of_record
TN:
SF:src/features/achievements/definitions/dancingToADifferentBeat.definition.ts
FN:8,check
FNF:1
FNH:1
FNDA:8,check
DA:3,3
DA:9,8
DA:15,4
DA:17,4
DA:18,1
DA:20,3
DA:21,5
DA:22,1
DA:25,2
LF:9
LH:9
BRDA:9,0,0,4
BRDA:10,1,0,8
BRDA:10,1,1,7
BRDA:10,1,2,6
BRDA:10,1,3,5
BRDA:17,2,0,1
BRDA:21,3,0,1
BRF:7
BRH:7
end_of_record
TN:
SF:src/features/achievements/definitions/dejaVu.definition.ts
FN:7,check
FNF:1
FNH:1
FNDA:10,check
DA:3,3
DA:8,10
DA:15,7
DA:18,3
DA:19,3
DA:20,11
DA:21,2
DA:23,9
DA:25,1
LF:9
LH:9
BRDA:8,0,0,7
BRDA:9,1,0,10
BRDA:9,1,1,8
BRDA:9,1,2,7
BRDA:9,1,3,6
BRDA:20,2,0,2
BRF:6
BRH:6
end_of_record
TN:
SF:src/features/achievements/definitions/epicyclesUponEpicycles.definition.ts
FN:8,check
FNF:1
FNH:1
FNDA:9,check
DA:3,3
DA:9,9
DA:16,4
DA:19,5
DA:20,5
DA:22,5
DA:23,30
DA:25,7
DA:27,30
DA:30,5
LF:10
LH:10
BRDA:9,0,0,4
BRDA:10,1,0,9
BRDA:10,1,1,8
BRDA:10,1,2,7
BRDA:10,1,3,6
BRDA:23,2,0,7
BRF:6
BRH:6
end_of_record
TN:
SF:src/features/achievements/definitions/forgotMyKeys.definition.ts
FN:8,check
FNF:1
FNH:1
FNDA:10,check
DA:3,3
DA:9,10
DA:17,7
DA:19,3
LF:4
LH:4
BRDA:9,0,0,7
BRDA:10,1,0,10
BRDA:10,1,1,8
BRDA:10,1,2,7
BRDA:10,1,3,6
BRDA:10,1,4,5
BRDA:10,1,5,4
BRF:7
BRH:7
end_of_record
TN:
SF:src/features/achievements/definitions/hereBeDragons.definition.ts
FN:8,check
FNF:1
FNH:1
FNDA:12,check
DA:3,3
DA:9,12
DA:16,4
DA:19,8
DA:20,8
DA:22,8
DA:23,27
DA:24,27
DA:27,27
DA:29,27
DA:31,27
DA:34,18
DA:38,18
DA:43,11
DA:44,11
DA:46,0
DA:50,7
DA:52,5
DA:59,9
DA:62,7
DA:68,27
DA:69,4
DA:72,4
LF:23
LH:22
BRDA:9,0,0,4
BRDA:10,1,0,12
BRDA:10,1,1,11
BRDA:10,1,2,10
BRDA:10,1,3,9
BRDA:10,1,4,9
BRDA:31,2,0,18
BRDA:31,2,1,9
BRDA:34,3,0,18
BRDA:34,3,1,0
BRDA:38,4,0,11
BRDA:38,4,1,7
BRDA:39,5,0,18
BRDA:39,5,1,18
BRDA:44,6,0,0
BRDA:50,7,0,5
BRDA:59,8,0,7
BRDA:68,9,0,4
BRDA:68,10,0,27
BRDA:68,10,1,12
BRF:20
BRH:18
end_of_record
TN:
SF:src/features/achievements/definitions/juggernaut.definition.ts
FN:7,check
FNF:1
FNH:1
FNDA:7,check
DA:3,3
DA:8,7
DA:9,4
DA:12,3
LF:4
LH:4
BRDA:8,0,0,4
BRDA:8,1,0,7
BRDA:8,1,1,4
BRDA:13,2,0,3
BRDA:13,2,1,2
BRF:5
BRH:5
end_of_record
TN:
SF:src/features/achievements/definitions/looseCannon.definition.ts
FN:8,check
FNF:1
FNH:1
FNDA:7,check
DA:3,3
DA:9,7
DA:15,4
DA:17,3
DA:18,3
DA:19,12
DA:20,6
DA:23,3
LF:8
LH:8
BRDA:9,0,0,4
BRDA:10,1,0,7
BRDA:10,1,1,6
BRDA:10,1,2,5
BRDA:10,1,3,4
BRDA:19,2,0,6
BRF:6
BRH:6
end_of_record
TN:
SF:src/features/achievements/definitions/looseCannonWins.definition.ts
FN:8,check
FNF:1
FNH:1
FNDA:7,check
DA:3,3
DA:9,7
DA:15,4
DA:17,3
DA:18,3
DA:19,12
DA:20,6
DA:23,3
LF:8
LH:8
BRDA:9,0,0,4
BRDA:10,1,0,7
BRDA:10,1,1,6
BRDA:10,1,2,5
BRDA:10,1,3,4
BRDA:19,2,0,6
BRF:6
BRH:6
end_of_record
TN:
SF:src/features/achievements/definitions/notAllWhoWanderAreLost.definition.ts
FN:8,check
FNF:1
FNH:1
FNDA:12,check
DA:3,3
DA:9,12
DA:14,3
DA:17,9
DA:19,9
DA:20,6
DA:24,9
DA:25,3
DA:28,6
DA:29,10
DA:30,3
DA:34,3
LF:12
LH:12
BRDA:9,0,0,3
BRDA:10,1,0,12
BRDA:10,1,1,11
BRDA:10,1,2,10
BRDA:19,2,0,6
BRDA:19,3,0,9
BRDA:19,3,1,6
BRDA:24,4,0,3
BRDA:29,5,0,3
BRDA:29,6,0,10
BRDA:29,6,1,8
BRF:11
BRH:11
end_of_record
TN:
SF:src/features/achievements/definitions/puttingOnTheDog.definition.ts
FN:8,check
FN:30,(anonymous_1)
FNF:2
FNH:2
FNDA:9,check
FNDA:10,(anonymous_1)
DA:3,3
DA:9,9
DA:15,4
DA:18,5
DA:19,5
DA:20,15
DA:21,5
DA:25,5
DA:26,1
DA:29,4
DA:30,10
LF:11
LH:11
BRDA:9,0,0,4
BRDA:10,1,0,9
BRDA:10,1,1,8
BRDA:10,1,2,7
BRDA:10,1,3,6
BRDA:20,2,0,5
BRDA:25,3,0,1
BRDA:31,4,0,10
BRDA:31,4,1,6
BRF:9
BRH:9
end_of_record
TN:
SF:src/features/achievements/definitions/sellingSeashells.definition.ts
FN:8,check
FNF:1
FNH:1
FNDA:11,check
DA:3,3
DA:9,11
DA:15,4
DA:18,7
DA:20,7
DA:21,12
DA:22,12
DA:23,12
DA:25,12
DA:30,3
DA:34,4
LF:11
LH:11
BRDA:9,0,0,4
BRDA:10,1,0,11
BRDA:10,1,1,10
BRDA:10,1,2,9
BRDA:10,1,3,8
BRDA:25,2,0,3
BRDA:26,3,0,12
BRDA:26,3,1,9
BRDA:26,3,2,5
BRF:9
BRH:9
end_of_record
TN:
SF:src/features/achievements/definitions/sixFeetFromTheEdge.definition.ts
FN:7,check
FNF:1
FNH:1
FNDA:9,check
DA:3,3
DA:8,9
DA:15,6
DA:18,3
DA:21,3
LF:5
LH:5
BRDA:8,0,0,6
BRDA:9,1,0,9
BRDA:9,1,1,8
BRDA:9,1,2,7
BRDA:9,1,3,6
BRDA:21,2,0,3
BRDA:21,2,1,2
BRF:7
BRH:7
end_of_record
TN:
SF:src/features/achievements/definitions/slowAndSteady.definition.ts
FN:8,check
FN:18,(anonymous_1)
FNF:2
FNH:2
FNDA:7,check
FNDA:12,(anonymous_1)
DA:3,3
DA:9,7
DA:15,4
DA:17,3
DA:18,12
DA:20,3
DA:21,3
LF:7
LH:7
BRDA:9,0,0,4
BRDA:10,1,0,7
BRDA:10,1,1,6
BRDA:10,1,2,5
BRDA:10,1,3,4
BRDA:21,2,0,3
BRDA:21,2,1,3
BRF:7
BRH:7
end_of_record
TN:
SF:src/features/achievements/definitions/sorryWrongRoom.definition.ts
FN:9,check
FNF:1
FNH:1
FNDA:8,check
DA:3,3
DA:10,8
DA:15,3
DA:17,5
LF:4
LH:4
BRDA:10,0,0,3
BRDA:11,1,0,8
BRDA:11,1,1,7
BRDA:11,1,2,6
BRF:4
BRH:4
end_of_record
TN:
SF:src/features/achievements/definitions/stealingSecond.definition.ts
FN:8,check
FN:18,(anonymous_1)
FNF:2
FNH:2
FNDA:7,check
FNDA:12,(anonymous_1)
DA:3,3
DA:9,7
DA:15,4
DA:17,3
DA:18,12
DA:20,3
DA:21,3
LF:7
LH:7
BRDA:9,0,0,4
BRDA:10,1,0,7
BRDA:10,1,1,6
BRDA:10,1,2,5
BRDA:10,1,3,4
BRDA:21,2,0,3
BRDA:21,2,1,3
BRF:7
BRH:7
end_of_record
TN:
SF:src/features/achievements/definitions/straightAndNarrow.definition.ts
FN:7,check
FNF:1
FNH:1
FNDA:7,check
DA:3,3
DA:9,7
DA:15,5
DA:17,2
LF:4
LH:4
BRDA:9,0,0,5
BRDA:10,1,0,7
BRDA:10,1,1,5
BRDA:10,1,2,4
BRDA:10,1,3,3
BRF:5
BRH:5
end_of_record
TN:
SF:src/features/achievements/definitions/thoseWhoKnow.definition.ts
FN:8,check
FN:17,(anonymous_1)
FNF:2
FNH:2
FNDA:10,check
FNDA:8,(anonymous_1)
DA:3,3
DA:9,10
DA:14,3
DA:16,7
DA:17,8
LF:5
LH:5
BRDA:9,0,0,3
BRDA:10,1,0,10
BRDA:10,1,1,9
BRDA:10,1,2,8
BRDA:18,2,0,8
BRDA:18,2,1,5
BRDA:18,2,2,3
BRF:7
BRH:7
end_of_record
TN:
SF:src/features/wordCollections/logic.ts
FN:5,deduplicateArray
FN:10,createCollection
FN:28,filterCollectionsByDate
FN:38,(anonymous_8)
FN:100,testCollectionsForDate
FN:114,filterWordCollections
FN:119,(anonymous_11)
FN:121,(anonymous_12)
FN:125,(anonymous_13)
FN:128,(anonymous_14)
FN:128,(anonymous_15)
FN:128,getFilteredWordCollections
FNF:12
FNH:6
FNDA:30,deduplicateArray
FNDA:30,createCollection
FNDA:26,filterCollectionsByDate
FNDA:187,(anonymous_8)
FNDA:5,testCollectionsForDate
FNDA:0,filterWordCollections
FNDA:0,(anonymous_11)
FNDA:0,(anonymous_12)
FNDA:0,(anonymous_13)
FNDA:2,(anonymous_14)
FNDA:0,(anonymous_15)
FNDA:0,getFilteredWordCollections
DA:5,2
DA:6,30
DA:10,2
DA:19,30
DA:28,2
DA:32,26
DA:35,26
DA:36,26
DA:38,26
DA:39,187
DA:42,187
DA:43,74
DA:47,113
DA:48,71
DA:49,71
DA:50,71
DA:51,71
DA:54,71
DA:55,25
DA:62,46
DA:63,25
DA:71,21
DA:83,42
DA:84,42
DA:89,42
DA:96,0
DA:100,2
DA:106,5
DA:107,1
DA:108,1
DA:110,4
DA:111,4
DA:114,2
DA:118,0
DA:119,0
DA:121,0
DA:125,0
DA:128,2
DA:134,0
DA:140,0
DA:142,0
DA:143,2
LF:42
LH:34
BRDA:24,0,0,30
BRDA:24,0,1,0
BRDA:24,1,0,0
BRDA:24,1,1,30
BRDA:32,2,0,26
BRDA:32,2,1,1
BRDA:42,3,0,74
BRDA:42,4,0,187
BRDA:42,4,1,95
BRDA:47,5,0,71
BRDA:47,6,0,113
BRDA:47,6,1,92
BRDA:54,7,0,25
BRDA:54,7,1,46
BRDA:56,8,0,25
BRDA:56,8,1,6
BRDA:56,8,2,6
BRDA:62,9,0,25
BRDA:62,9,1,21
BRDA:64,10,0,25
BRDA:64,10,1,6
BRDA:64,10,2,23
BRDA:64,10,3,2
BRDA:64,10,4,22
BRDA:64,10,5,6
BRDA:72,11,0,21
BRDA:72,11,1,4
BRDA:72,11,2,18
BRDA:72,11,3,5
BRDA:72,11,4,15
BRDA:72,11,5,15
BRDA:83,12,0,42
BRDA:83,13,0,42
BRDA:83,13,1,21
BRDA:106,14,0,1
BRDA:106,15,0,5
BRDA:106,15,1,5
BRDA:106,15,2,4
BRDA:106,15,3,4
BRF:39
BRH:37
end_of_record
TN:
SF:src/features/wordCollections/definitions/colors.collection.ts
FNF:0
FNH:0
DA:2,2
DA:6,2
DA:63,2
LF:3
LH:3
BRF:0
BRH:0
end_of_record
TN:
SF:src/features/wordCollections/definitions/creatures.collection.ts
FNF:0
FNH:0
DA:2,2
DA:4,2
DA:70,2
LF:3
LH:3
BRF:0
BRH:0
end_of_record
TN:
SF:src/features/wordCollections/definitions/fantasy.collection.ts
FNF:0
FNH:0
DA:2,2
DA:4,2
DA:66,2
LF:3
LH:3
BRF:0
BRH:0
end_of_record
TN:
SF:src/features/wordCollections/definitions/gardens.collection.ts
FNF:0
FNH:0
DA:2,2
DA:4,2
DA:62,2
LF:3
LH:3
BRF:0
BRH:0
end_of_record
TN:
SF:src/features/wordCollections/definitions/halloween.collection.ts
FNF:0
FNH:0
DA:2,2
DA:4,2
DA:48,2
LF:3
LH:3
BRF:0
BRH:0
end_of_record
TN:
SF:src/features/wordCollections/definitions/journeys.collection.ts
FNF:0
FNH:0
DA:2,2
DA:4,2
DA:88,2
LF:3
LH:3
BRF:0
BRH:0
end_of_record
TN:
SF:src/features/wordCollections/definitions/machines.collection.ts
FNF:0
FNH:0
DA:2,2
DA:4,2
DA:68,2
LF:3
LH:3
BRF:0
BRH:0
end_of_record
TN:
SF:src/features/wordCollections/definitions/movement.collection.ts
FNF:0
FNH:0
DA:2,2
DA:4,2
DA:82,2
LF:3
LH:3
BRF:0
BRH:0
end_of_record
TN:
SF:src/features/wordCollections/definitions/seasons.collection.ts
FNF:0
FNH:0
DA:2,2
DA:4,2
DA:56,2
LF:3
LH:3
BRF:0
BRH:0
end_of_record
TN:
SF:src/features/wordCollections/definitions/shapes.collection.ts
FNF:0
FNH:0
DA:2,2
DA:4,2
DA:65,2
LF:3
LH:3
BRF:0
BRH:0
end_of_record
TN:
SF:src/features/wordCollections/definitions/sounds.collection.ts
FNF:0
FNH:0
DA:2,2
DA:4,2
DA:77,2
LF:3
LH:3
BRF:0
BRH:0
end_of_record
TN:
SF:src/features/wordCollections/definitions/textures.collection.ts
FNF:0
FNH:0
DA:2,2
DA:4,2
DA:78,2
LF:3
LH:3
BRF:0
BRH:0
end_of_record
TN:
SF:src/features/wordCollections/definitions/time.collection.ts
FNF:0
FNH:0
DA:2,2
DA:4,2
DA:108,2
LF:3
LH:3
BRF:0
BRH:0
end_of_record
TN:
SF:src/features/wordCollections/definitions/tools.collection.ts
FNF:0
FNH:0
DA:2,2
DA:4,2
DA:78,2
LF:3
LH:3
BRF:0
BRH:0
end_of_record
TN:
SF:src/features/wordCollections/definitions/valentines.collection.ts
FNF:0
FNH:0
DA:2,2
DA:4,2
DA:42,2
LF:3
LH:3
BRF:0
BRH:0
end_of_record
TN:
SF:src/screens/GameScreen.tsx
FN:25,GameScreen
FN:42,(anonymous_16)
FN:43,(anonymous_17)
FN:44,(anonymous_18)
FN:45,(anonymous_19)
FN:46,(anonymous_20)
FN:47,(anonymous_21)
FN:48,(anonymous_22)
FN:49,(anonymous_23)
FN:51,(anonymous_24)
FN:54,(anonymous_25)
FN:56,(anonymous_26)
FN:57,(anonymous_27)
FN:59,(anonymous_28)
FN:61,(anonymous_29)
FN:64,(anonymous_30)
FN:67,(anonymous_31)
FN:69,(anonymous_32)
FN:72,(anonymous_33)
FN:73,(anonymous_34)
FN:73,(anonymous_35)
FN:73,performInitialLoad
FN:91,(anonymous_37)
FN:116,(anonymous_38)
FN:128,(anonymous_39)
FN:132,(anonymous_40)
FN:163,handleShowDefinition
FN:170,handleDismissDefinition
FN:177,handleSelectWord
FN:193,handleGiveUp
FN:198,onDismissSnackbar
FN:201,renderOptimalPath
FN:208,(anonymous_47)
FN:215,onPress
FNF:34
FNH:0
FNDA:0,GameScreen
FNDA:0,(anonymous_16)
FNDA:0,(anonymous_17)
FNDA:0,(anonymous_18)
FNDA:0,(anonymous_19)
FNDA:0,(anonymous_20)
FNDA:0,(anonymous_21)
FNDA:0,(anonymous_22)
FNDA:0,(anonymous_23)
FNDA:0,(anonymous_24)
FNDA:0,(anonymous_25)
FNDA:0,(anonymous_26)
FNDA:0,(anonymous_27)
FNDA:0,(anonymous_28)
FNDA:0,(anonymous_29)
FNDA:0,(anonymous_30)
FNDA:0,(anonymous_31)
FNDA:0,(anonymous_32)
FNDA:0,(anonymous_33)
FNDA:0,(anonymous_34)
FNDA:0,(anonymous_35)
FNDA:0,performInitialLoad
FNDA:0,(anonymous_37)
FNDA:0,(anonymous_38)
FNDA:0,(anonymous_39)
FNDA:0,(anonymous_40)
FNDA:0,handleShowDefinition
FNDA:0,handleDismissDefinition
FNDA:0,handleSelectWord
FNDA:0,handleGiveUp
FNDA:0,onDismissSnackbar
FNDA:0,renderOptimalPath
FNDA:0,(anonymous_47)
FNDA:0,onPress
DA:1,0
DA:2,0
DA:4,0
DA:13,0
DA:15,0
DA:16,0
DA:17,0
DA:18,0
DA:19,0
DA:20,0
DA:21,0
DA:22,0
DA:25,0
DA:27,0
DA:30,0
DA:31,0
DA:32,0
DA:34,0
DA:35,0
DA:36,0
DA:37,0
DA:38,0
DA:39,0
DA:42,0
DA:43,0
DA:44,0
DA:45,0
DA:46,0
DA:47,0
DA:48,0
DA:49,0
DA:50,0
DA:51,0
DA:53,0
DA:54,0
DA:56,0
DA:57,0
DA:59,0
DA:60,0
DA:61,0
DA:63,0
DA:64,0
DA:66,0
DA:67,0
DA:69,0
DA:72,0
DA:73,0
DA:74,0
DA:75,0
DA:76,0
DA:77,0
DA:80,0
DA:81,0
DA:91,0
DA:92,0
DA:94,0
DA:102,0
DA:116,0
DA:118,0
DA:124,0
DA:135,0
DA:136,0
DA:138,0
DA:139,0
DA:142,0
DA:157,0
DA:160,0
DA:163,0
DA:164,0
DA:165,0
DA:166,0
DA:170,0
DA:171,0
DA:172,0
DA:173,0
DA:177,0
DA:179,0
DA:181,0
DA:182,0
DA:187,0
DA:193,0
DA:194,0
DA:198,0
DA:201,0
DA:202,0
DA:206,0
DA:208,0
DA:215,0
DA:229,0
DA:230,0
DA:238,0
DA:334,0
DA:451,0
LF:93
LH:0
BRDA:54,0,0,0
BRDA:54,0,1,0
BRDA:80,1,0,0
BRDA:94,2,0,0
BRDA:95,3,0,0
BRDA:95,3,1,0
BRDA:95,3,2,0
BRDA:95,3,3,0
BRDA:95,3,4,0
BRDA:95,3,5,0
BRDA:95,3,6,0
BRDA:95,3,7,0
BRDA:95,3,8,0
BRDA:95,3,9,0
BRDA:118,4,0,0
BRDA:119,5,0,0
BRDA:119,5,1,0
BRDA:119,5,2,0
BRDA:119,5,3,0
BRDA:136,6,0,0
BRDA:136,6,1,0
BRDA:157,7,0,0
BRDA:157,7,1,0
BRDA:160,8,0,0
BRDA:160,8,1,0
BRDA:165,9,0,0
BRDA:165,9,1,0
BRDA:179,10,0,0
BRDA:179,11,0,0
BRDA:179,11,1,0
BRDA:179,11,2,0
BRDA:179,11,3,0
BRDA:202,12,0,0
BRDA:202,13,0,0
BRDA:202,13,1,0
BRDA:202,13,2,0
BRDA:219,14,0,0
BRDA:219,14,1,0
BRDA:229,15,0,0
BRDA:250,16,0,0
BRDA:250,16,1,0
BRDA:258,17,0,0
BRDA:258,17,1,0
BRDA:280,18,0,0
BRDA:280,18,1,0
BRDA:286,19,0,0
BRDA:286,19,1,0
BRDA:290,20,0,0
BRDA:290,20,1,0
BRDA:313,21,0,0
BRDA:313,21,1,0
BRF:51
BRH:0
end_of_record
TN:
SF:src/screens/ReportScreen.tsx
FN:33,ReportScreen
FN:42,(anonymous_11)
FN:43,(anonymous_12)
FN:44,(anonymous_13)
FN:45,(anonymous_14)
FN:48,(anonymous_15)
FN:51,(anonymous_16)
FN:54,(anonymous_17)
FN:56,(anonymous_18)
FN:59,(anonymous_19)
FN:62,(anonymous_20)
FN:65,(anonymous_21)
FN:68,(anonymous_22)
FN:73,(anonymous_23)
FN:77,prepareGraphPreview
FN:87,(anonymous_25)
FN:87,(anonymous_26)
FN:87,copyToClipboard
FN:103,(anonymous_28)
FN:103,(anonymous_29)
FN:103,handleChallengeShare
FN:197,onDismiss
FN:247,onPress
FN:254,onPress
FN:266,onDismiss
FN:270,onPress
FNF:26
FNH:0
FNDA:0,ReportScreen
FNDA:0,(anonymous_11)
FNDA:0,(anonymous_12)
FNDA:0,(anonymous_13)
FNDA:0,(anonymous_14)
FNDA:0,(anonymous_15)
FNDA:0,(anonymous_16)
FNDA:0,(anonymous_17)
FNDA:0,(anonymous_18)
FNDA:0,(anonymous_19)
FNDA:0,(anonymous_20)
FNDA:0,(anonymous_21)
FNDA:0,(anonymous_22)
FNDA:0,(anonymous_23)
FNDA:0,prepareGraphPreview
FNDA:0,(anonymous_25)
FNDA:0,(anonymous_26)
FNDA:0,copyToClipboard
FNDA:0,(anonymous_28)
FNDA:0,(anonymous_29)
FNDA:0,handleChallengeShare
FNDA:0,onDismiss
FNDA:0,onPress
FNDA:0,onPress
FNDA:0,onDismiss
FNDA:0,onPress
DA:1,0
DA:2,0
DA:11,0
DA:19,0
DA:21,0
DA:22,0
DA:23,0
DA:24,0
DA:25,0
DA:26,0
DA:30,0
DA:33,0
DA:34,0
DA:35,0
DA:36,0
DA:37,0
DA:38,0
DA:39,0
DA:40,0
DA:42,0
DA:43,0
DA:44,0
DA:45,0
DA:47,0
DA:48,0
DA:50,0
DA:51,0
DA:53,0
DA:54,0
DA:56,0
DA:58,0
DA:59,0
DA:61,0
DA:62,0
DA:64,0
DA:65,0
DA:67,0
DA:68,0
DA:72,0
DA:73,0
DA:77,0
DA:79,0
DA:87,0
DA:88,0
DA:89,0
DA:90,0
DA:91,0
DA:92,0
DA:94,0
DA:96,0
DA:97,0
DA:100,0
DA:103,0
DA:104,0
DA:105,0
DA:108,0
DA:109,0
DA:111,0
DA:119,0
DA:122,0
DA:123,0
DA:124,0
DA:125,0
DA:126,0
DA:130,0
DA:139,0
DA:140,0
DA:142,0
DA:144,0
DA:146,0
DA:147,0
DA:149,0
DA:151,0
DA:152,0
DA:155,0
DA:197,0
DA:247,0
DA:254,0
DA:266,0
DA:270,0
DA:293,0
DA:347,0
LF:82
LH:0
BRDA:88,0,0,0
BRDA:88,1,0,0
BRDA:88,1,1,0
BRDA:104,2,0,0
BRDA:122,3,0,0
BRDA:139,4,0,0
BRDA:139,4,1,0
BRDA:151,5,0,0
BRDA:151,6,0,0
BRDA:151,6,1,0
BRDA:161,7,0,0
BRDA:161,7,1,0
BRDA:172,8,0,0
BRDA:172,8,1,0
BRDA:172,8,2,0
BRDA:181,9,0,0
BRDA:181,9,1,0
BRDA:218,10,0,0
BRDA:218,10,1,0
BRDA:278,11,0,0
BRDA:278,11,1,0
BRDA:340,12,0,0
BRDA:340,12,1,0
BRF:23
BRH:0
end_of_record
TN:
SF:src/services/SharingService.ts
FN:24,(anonymous_9)
FN:24,(anonymous_10)
FN:42,(anonymous_11)
FN:42,(anonymous_12)
FN:42,shareChallenge
FN:152,generateChallengeMessage
FN:178,(anonymous_15)
FN:178,(anonymous_16)
FN:178,captureGameScreen
FN:217,generateGameDeepLink
FN:239,parseGameDeepLink
FNF:11
FNH:0
FNDA:0,(anonymous_9)
FNDA:0,(anonymous_10)
FNDA:0,(anonymous_11)
FNDA:0,(anonymous_12)
FNDA:0,shareChallenge
FNDA:0,generateChallengeMessage
FNDA:0,(anonymous_15)
FNDA:0,(anonymous_16)
FNDA:0,captureGameScreen
FNDA:0,generateGameDeepLink
FNDA:0,parseGameDeepLink
DA:1,0
DA:10,0
DA:19,0
DA:20,0
DA:22,0
DA:24,0
DA:25,0
DA:26,0
DA:42,0
DA:43,0
DA:44,0
DA:45,0
DA:46,0
DA:47,0
DA:48,0
DA:50,0
DA:52,0
DA:55,0
DA:64,0
DA:66,0
DA:67,0
DA:68,0
DA:73,0
DA:80,0
DA:81,0
DA:82,0
DA:83,0
DA:85,0
DA:88,0
DA:90,0
DA:96,0
DA:106,0
DA:112,0
DA:113,0
DA:115,0
DA:116,0
DA:117,0
DA:125,0
DA:129,0
DA:134,0
DA:135,0
DA:137,0
DA:139,0
DA:152,0
DA:161,0
DA:163,0
DA:166,0
DA:167,0
DA:168,0
DA:172,0
DA:178,0
DA:181,0
DA:183,0
DA:187,0
DA:193,0
DA:194,0
DA:199,0
DA:200,0
DA:205,0
DA:208,0
DA:210,0
DA:212,0
DA:217,0
DA:223,0
DA:226,0
DA:229,0
DA:233,0
DA:239,0
DA:242,0
DA:246,0
DA:248,0
DA:251,0
DA:254,0
DA:256,0
DA:257,0
DA:263,0
DA:265,0
LF:77
LH:0
BRDA:22,0,0,0
BRDA:47,1,0,0
BRDA:47,1,1,0
BRDA:64,2,0,0
BRDA:66,3,0,0
BRDA:66,4,0,0
BRDA:66,4,1,0
BRDA:80,5,0,0
BRDA:80,6,0,0
BRDA:80,6,1,0
BRDA:85,7,0,0
BRDA:106,8,0,0
BRDA:107,9,0,0
BRDA:107,9,1,0
BRDA:107,9,2,0
BRDA:107,9,3,0
BRDA:113,10,0,0
BRDA:113,10,1,0
BRDA:115,11,0,0
BRDA:115,11,1,0
BRDA:166,12,0,0
BRDA:166,13,0,0
BRDA:166,13,1,0
BRDA:167,14,0,0
BRDA:167,14,1,0
BRDA:183,15,0,0
BRDA:193,16,0,0
BRDA:193,17,0,0
BRDA:193,17,1,0
BRDA:193,17,2,0
BRDA:199,18,0,0
BRDA:199,19,0,0
BRDA:199,19,1,0
BRDA:208,20,0,0
BRDA:223,21,0,0
BRDA:226,22,0,0
BRDA:226,22,1,0
BRDA:246,23,0,0
BRDA:246,23,1,0
BRDA:256,24,0,0
BRDA:256,25,0,0
BRDA:256,25,1,0
BRF:42
BRH:0
end_of_record
TN:
SF:src/services/StorageService.ts
FN:34,(anonymous_6)
FN:34,(anonymous_7)
FN:34,saveGameToHistory
FN:45,(anonymous_9)
FN:45,(anonymous_10)
FN:45,loadGameHistory
FN:55,(anonymous_12)
FN:55,(anonymous_13)
FN:55,getLifetimeStats
FN:66,(anonymous_15)
FN:66,(anonymous_16)
FN:66,updateLifetimeStatsOnGameEnd
FN:85,(anonymous_18)
FN:85,(anonymous_19)
FN:85,getUnlockedAchievementIds
FN:94,(anonymous_21)
FN:94,(anonymous_22)
FN:94,markAchievementAsUnlocked
FN:112,(anonymous_24)
FN:112,(anonymous_25)
FN:112,recordEndedGame
FN:146,(anonymous_27)
FN:147,(anonymous_28)
FN:146,getWordCollectionsProgress
FN:158,(anonymous_30)
FN:158,(anonymous_31)
FN:158,recordWordForCollection
FN:187,(anonymous_33)
FN:187,(anonymous_34)
FN:187,resetCollectionProgress
FN:209,(anonymous_36)
FN:209,(anonymous_37)
FN:209,checkAndRecordWordForCollections
FN:239,(anonymous_39)
FN:239,(anonymous_40)
FN:239,saveCurrentGame
FN:263,(anonymous_42)
FN:263,(anonymous_43)
FN:263,loadCurrentGame
FN:281,(anonymous_45)
FN:281,(anonymous_46)
FN:281,clearCurrentGame
FN:290,(anonymous_48)
FN:290,(anonymous_49)
FN:290,saveTempGame
FN:300,(anonymous_51)
FN:300,(anonymous_52)
FN:300,hasTempSavedGame
FN:310,(anonymous_54)
FN:311,(anonymous_55)
FN:310,restoreTempGame
FNF:51
FNH:17
FNDA:1,(anonymous_6)
FNDA:0,(anonymous_7)
FNDA:0,saveGameToHistory
FNDA:1,(anonymous_9)
FNDA:0,(anonymous_10)
FNDA:0,loadGameHistory
FNDA:1,(anonymous_12)
FNDA:0,(anonymous_13)
FNDA:0,getLifetimeStats
FNDA:1,(anonymous_15)
FNDA:0,(anonymous_16)
FNDA:0,updateLifetimeStatsOnGameEnd
FNDA:1,(anonymous_18)
FNDA:0,(anonymous_19)
FNDA:0,getUnlockedAchievementIds
FNDA:1,(anonymous_21)
FNDA:0,(anonymous_22)
FNDA:0,markAchievementAsUnlocked
FNDA:1,(anonymous_24)
FNDA:0,(anonymous_25)
FNDA:0,recordEndedGame
FNDA:1,(anonymous_27)
FNDA:0,(anonymous_28)
FNDA:0,getWordCollectionsProgress
FNDA:1,(anonymous_30)
FNDA:0,(anonymous_31)
FNDA:0,recordWordForCollection
FNDA:1,(anonymous_33)
FNDA:0,(anonymous_34)
FNDA:0,resetCollectionProgress
FNDA:1,(anonymous_36)
FNDA:0,(anonymous_37)
FNDA:0,checkAndRecordWordForCollections
FNDA:1,(anonymous_39)
FNDA:0,(anonymous_40)
FNDA:0,saveCurrentGame
FNDA:1,(anonymous_42)
FNDA:0,(anonymous_43)
FNDA:0,loadCurrentGame
FNDA:1,(anonymous_45)
FNDA:0,(anonymous_46)
FNDA:0,clearCurrentGame
FNDA:1,(anonymous_48)
FNDA:0,(anonymous_49)
FNDA:0,saveTempGame
FNDA:1,(anonymous_51)
FNDA:0,(anonymous_52)
FNDA:0,hasTempSavedGame
FNDA:1,(anonymous_54)
FNDA:0,(anonymous_55)
FNDA:0,restoreTempGame
DA:1,1
DA:8,1
DA:9,1
DA:10,1
DA:11,1
DA:12,1
DA:13,1
DA:14,1
DA:27,1
DA:34,1
DA:37,0
DA:38,0
DA:40,0
DA:41,0
DA:43,1
DA:45,1
DA:46,0
DA:47,0
DA:48,0
DA:50,0
DA:52,1
DA:55,1
DA:56,0
DA:57,0
DA:58,0
DA:62,0
DA:64,1
DA:66,1
DA:69,0
DA:70,0
DA:71,0
DA:75,0
DA:76,0
DA:77,0
DA:78,0
DA:80,0
DA:82,1
DA:85,1
DA:86,0
DA:87,0
DA:88,0
DA:90,0
DA:92,1
DA:94,1
DA:97,0
DA:98,0
DA:100,0
DA:101,0
DA:102,0
DA:109,1
DA:112,1
DA:114,0
DA:117,0
DA:124,0
DA:125,0
DA:128,0
DA:132,0
DA:133,0
DA:136,1
DA:146,1
DA:148,0
DA:149,0
DA:152,0
DA:154,0
DA:156,1
DA:158,1
DA:162,0
DA:163,0
DA:166,0
DA:167,0
DA:174,0
DA:175,0
DA:176,0
DA:178,0
DA:185,1
DA:187,1
DA:190,0
DA:191,0
DA:193,0
DA:194,0
DA:199,0
DA:206,1
DA:209,1
DA:214,0
DA:215,0
DA:216,0
DA:219,1
DA:239,1
DA:242,0
DA:244,0
DA:245,0
DA:249,0
DA:250,0
DA:254,0
DA:258,0
DA:261,1
DA:263,1
DA:264,0
DA:266,0
DA:267,0
DA:268,0
DA:270,0
DA:272,0
DA:275,0
DA:277,0
DA:279,1
DA:281,1
DA:282,0
DA:283,0
DA:284,0
DA:287,1
DA:290,1
DA:293,0
DA:294,0
DA:297,1
DA:300,1
DA:301,0
DA:302,0
DA:303,0
DA:305,0
DA:307,1
DA:310,1
DA:312,0
DA:313,0
DA:315,0
DA:316,0
DA:318,0
DA:320,0
DA:322,0
DA:325,0
DA:328,0
DA:330,0
DA:332,1
LF:133
LH:43
BRDA:48,0,0,0
BRDA:48,0,1,0
BRDA:58,1,0,0
BRDA:58,1,1,0
BRDA:73,2,0,0
BRDA:73,2,1,0
BRDA:75,3,0,0
BRDA:75,3,1,0
BRDA:76,4,0,0
BRDA:76,4,1,0
BRDA:77,5,0,0
BRDA:78,6,0,0
BRDA:78,6,1,0
BRDA:88,7,0,0
BRDA:88,7,1,0
BRDA:100,8,0,0
BRDA:114,9,0,0
BRDA:114,9,1,0
BRDA:114,10,0,0
BRDA:114,10,1,0
BRDA:119,11,0,0
BRDA:119,11,1,0
BRDA:120,12,0,0
BRDA:120,12,1,0
BRDA:128,13,0,0
BRDA:129,14,0,0
BRDA:129,14,1,0
BRDA:152,15,0,0
BRDA:152,15,1,0
BRDA:166,16,0,0
BRDA:174,17,0,0
BRDA:193,18,0,0
BRDA:215,19,0,0
BRDA:244,20,0,0
BRDA:249,21,0,0
BRDA:254,22,0,0
BRDA:254,22,1,0
BRDA:264,23,0,0
BRDA:264,23,1,0
BRDA:264,24,0,0
BRDA:264,24,1,0
BRDA:267,25,0,0
BRDA:267,25,1,0
BRDA:270,26,0,0
BRDA:281,27,0,0
BRDA:281,27,1,0
BRDA:281,28,0,0
BRDA:281,28,1,0
BRDA:283,29,0,0
BRDA:283,29,1,0
BRDA:312,30,0,0
BRDA:318,31,0,0
BRF:52
BRH:0
end_of_record
TN:
SF:src/services/dataLoader.ts
FN:30,(anonymous_1)
FN:30,(anonymous_2)
FN:30,loadGraphData
FN:59,(anonymous_4)
FN:59,(anonymous_5)
FN:59,loadDefinitionsData
FN:67,(anonymous_7)
FN:67,(anonymous_8)
FN:67,loadWordFrequencies
FNF:9
FNH:9
FNDA:2,(anonymous_1)
FNDA:1,(anonymous_2)
FNDA:1,loadGraphData
FNDA:2,(anonymous_4)
FNDA:1,(anonymous_5)
FNDA:1,loadDefinitionsData
FNDA:2,(anonymous_7)
FNDA:1,(anonymous_8)
FNDA:1,loadWordFrequencies
DA:26,2
DA:27,2
DA:28,2
DA:30,3
DA:31,1
DA:33,1
DA:34,1
DA:37,1
DA:43,1
DA:44,0
DA:45,0
DA:47,0
DA:50,0
DA:53,0
DA:57,2
DA:59,3
DA:60,1
DA:61,1
DA:63,0
DA:65,2
DA:67,3
DA:68,1
DA:69,1
DA:73,1
DA:75,0
DA:78,0
DA:82,2
LF:27
LH:19
BRDA:33,0,0,1
BRDA:33,0,1,0
BRDA:33,1,0,1
BRDA:33,1,1,1
BRDA:37,2,0,1
BRDA:37,2,1,0
BRDA:38,3,0,1
BRDA:38,3,1,1
BRDA:38,3,2,1
BRDA:38,3,3,1
BRDA:44,4,0,0
BRDA:44,4,1,0
BRDA:53,5,0,0
BRDA:53,5,1,0
BRDA:69,6,0,1
BRDA:69,6,1,0
BRDA:70,7,0,1
BRDA:70,7,1,1
BRDA:78,8,0,0
BRDA:78,8,1,0
BRF:20
BRH:11
end_of_record
TN:
SF:src/stores/useGameStore.ts
FN:126,findValidWordPair
FN:231,(anonymous_6)
FN:268,(anonymous_7)
FN:268,(anonymous_8)
FN:326,(anonymous_9)
FN:268,loadInitialData
FN:345,(anonymous_11)
FN:345,(anonymous_12)
FN:345,clearSavedData
FN:356,(anonymous_14)
FN:356,(anonymous_15)
FN:356,startGame
FN:455,(anonymous_17)
FN:455,(anonymous_18)
FN:455,startChallengeGame
FN:554,(anonymous_20)
FN:554,(anonymous_21)
FN:586,(anonymous_22)
FN:590,(anonymous_23)
FN:554,selectWord
FN:697,(anonymous_25)
FN:697,(anonymous_26)
FN:697,giveUp
FN:735,setPathDisplayMode
FN:736,(anonymous_29)
FN:741,setAboutModalVisible
FN:742,setStatsModalVisible
FN:744,(anonymous_32)
FN:744,(anonymous_33)
FN:766,(anonymous_34)
FN:798,(anonymous_35)
FN:744,backtrackToWord
FN:845,showWordDefinition
FN:852,hideWordDefinition
FN:860,showAchievementDetail
FN:866,hideAchievementDetail
FN:873,(anonymous_41)
FN:873,(anonymous_42)
FN:873,testWordCollectionsForDate
FN:894,setHasPendingChallenge
FN:896,setPendingChallengeWords
FNF:41
FNH:15
FNDA:7,findValidWordPair
FNDA:1,(anonymous_6)
FNDA:1,(anonymous_7)
FNDA:4,(anonymous_8)
FNDA:2,(anonymous_9)
FNDA:4,loadInitialData
FNDA:1,(anonymous_11)
FNDA:0,(anonymous_12)
FNDA:0,clearSavedData
FNDA:1,(anonymous_14)
FNDA:4,(anonymous_15)
FNDA:4,startGame
FNDA:1,(anonymous_17)
FNDA:0,(anonymous_18)
FNDA:0,startChallengeGame
FNDA:1,(anonymous_20)
FNDA:0,(anonymous_21)
FNDA:0,(anonymous_22)
FNDA:0,(anonymous_23)
FNDA:0,selectWord
FNDA:1,(anonymous_25)
FNDA:0,(anonymous_26)
FNDA:0,giveUp
FNDA:0,setPathDisplayMode
FNDA:0,(anonymous_29)
FNDA:0,setAboutModalVisible
FNDA:0,setStatsModalVisible
FNDA:1,(anonymous_32)
FNDA:0,(anonymous_33)
FNDA:0,(anonymous_34)
FNDA:0,(anonymous_35)
FNDA:0,backtrackToWord
FNDA:0,showWordDefinition
FNDA:0,hideWordDefinition
FNDA:0,showAchievementDetail
FNDA:0,hideAchievementDetail
FNDA:1,(anonymous_41)
FNDA:0,(anonymous_42)
FNDA:0,testWordCollectionsForDate
FNDA:0,setHasPendingChallenge
FNDA:0,setPendingChallengeWords
DA:1,1
DA:4,1
DA:6,1
DA:10,1
DA:18,1
DA:27,1
DA:34,1
DA:126,1
DA:129,7
DA:130,1
DA:133,6
DA:135,6
DA:136,3
DA:140,3
DA:141,3
DA:142,3
DA:143,3
DA:144,3
DA:147,3
DA:149,102
DA:150,102
DA:153,102
DA:154,33
DA:157,102
DA:158,102
DA:161,102
DA:162,102
DA:164,102
DA:165,102
DA:166,102
DA:167,102
DA:168,102
DA:169,0
DA:174,102
DA:175,102
DA:177,102
DA:178,0
DA:182,102
DA:185,102
DA:187,2
DA:188,2
DA:190,2
DA:191,2
DA:193,2
DA:194,2
DA:196,6
DA:197,4
DA:199,4
DA:200,2
DA:201,2
DA:208,2
DA:209,0
DA:212,2
DA:217,1
DA:218,1
DA:220,1
DA:221,0
DA:224,1
DA:225,1
DA:227,1
DA:231,1
DA:268,5
DA:269,4
DA:270,4
DA:276,4
DA:282,3
DA:284,3
DA:291,3
DA:292,3
DA:297,3
DA:298,1
DA:303,1
DA:324,1
DA:326,2
DA:334,2
DA:336,1
DA:341,1
DA:345,1
DA:346,0
DA:353,0
DA:356,5
DA:357,4
DA:358,4
DA:359,1
DA:360,1
DA:364,3
DA:365,1
DA:366,1
DA:367,1
DA:388,1
DA:393,2
DA:395,2
DA:414,2
DA:416,2
DA:417,1
DA:418,1
DA:420,1
DA:430,1
DA:449,1
DA:451,1
DA:455,1
DA:456,0
DA:457,0
DA:458,0
DA:464,0
DA:468,0
DA:469,0
DA:475,0
DA:479,0
DA:480,0
DA:482,0
DA:488,0
DA:492,0
DA:493,0
DA:494,0
DA:495,0
DA:499,0
DA:501,0
DA:519,0
DA:520,0
DA:522,0
DA:532,0
DA:551,0
DA:554,1
DA:556,0
DA:557,0
DA:558,0
DA:559,0
DA:560,0
DA:561,0
DA:562,0
DA:563,0
DA:564,0
DA:565,0
DA:566,0
DA:567,0
DA:568,0
DA:569,0
DA:570,0
DA:572,0
DA:573,0
DA:578,0
DA:579,0
DA:580,0
DA:585,0
DA:586,0
DA:590,0
DA:592,0
DA:596,0
DA:600,0
DA:601,0
DA:602,0
DA:611,0
DA:624,0
DA:626,0
DA:634,0
DA:637,0
DA:638,0
DA:640,0
DA:641,0
DA:642,0
DA:644,0
DA:656,0
DA:657,0
DA:659,0
DA:664,0
DA:666,0
DA:667,0
DA:669,0
DA:672,0
DA:674,0
DA:676,0
DA:690,0
DA:692,0
DA:693,0
DA:697,1
DA:699,0
DA:700,0
DA:701,0
DA:702,0
DA:703,0
DA:704,0
DA:705,0
DA:706,0
DA:707,0
DA:708,0
DA:710,0
DA:712,0
DA:724,0
DA:725,0
DA:727,0
DA:732,0
DA:736,0
DA:741,0
DA:742,0
DA:744,1
DA:746,0
DA:747,0
DA:748,0
DA:749,0
DA:750,0
DA:751,0
DA:752,0
DA:753,0
DA:754,0
DA:755,0
DA:763,0
DA:765,0
DA:766,0
DA:768,0
DA:769,0
DA:772,0
DA:773,0
DA:777,0
DA:780,0
DA:781,0
DA:785,0
DA:788,0
DA:791,0
DA:792,0
DA:793,0
DA:798,0
DA:799,0
DA:800,0
DA:802,0
DA:806,0
DA:807,0
DA:808,0
DA:814,0
DA:819,0
DA:829,0
DA:842,0
DA:846,0
DA:853,0
DA:861,0
DA:867,0
DA:873,1
DA:874,0
DA:875,0
DA:876,0
DA:879,0
DA:880,0
DA:881,0
DA:886,0
DA:894,0
DA:896,0
LF:246
LH:99
BRDA:129,0,0,1
BRDA:135,1,0,3
BRDA:164,2,0,102
BRDA:164,3,0,102
BRDA:164,3,1,102
BRDA:164,3,2,102
BRDA:164,3,3,102
BRDA:168,4,0,0
BRDA:174,5,0,102
BRDA:174,5,1,0
BRDA:174,6,0,0
BRDA:174,6,1,102
BRDA:175,7,0,102
BRDA:175,7,1,0
BRDA:175,8,0,0
BRDA:175,8,1,102
BRDA:177,9,0,0
BRDA:177,10,0,102
BRDA:177,10,1,102
BRDA:185,11,0,2
BRDA:185,12,0,102
BRDA:185,12,1,2
BRDA:188,13,0,2
BRDA:193,14,0,2
BRDA:193,15,0,2
BRDA:193,15,1,2
BRDA:196,16,0,4
BRDA:199,17,0,2
BRDA:199,18,0,4
BRDA:199,18,1,4
BRDA:199,18,2,4
BRDA:208,19,0,0
BRDA:291,20,0,3
BRDA:297,21,0,1
BRDA:297,21,1,2
BRDA:297,22,0,3
BRDA:297,22,1,2
BRDA:300,23,0,1
BRDA:300,23,1,0
BRDA:301,24,0,1
BRDA:301,24,1,0
BRDA:315,25,0,1
BRDA:315,25,1,0
BRDA:339,26,0,1
BRDA:339,26,1,0
BRDA:358,27,0,1
BRDA:364,28,0,1
BRDA:366,29,0,1
BRDA:371,30,0,1
BRDA:371,30,1,0
BRDA:372,31,0,1
BRDA:372,31,1,0
BRDA:373,32,0,1
BRDA:373,32,1,0
BRDA:375,33,0,1
BRDA:375,33,1,0
BRDA:376,34,0,1
BRDA:376,34,1,0
BRDA:378,35,0,1
BRDA:378,35,1,0
BRDA:379,36,0,1
BRDA:379,36,1,0
BRDA:416,37,0,1
BRDA:416,37,1,1
BRDA:416,38,0,2
BRDA:416,38,1,1
BRDA:457,39,0,0
BRDA:468,40,0,0
BRDA:468,41,0,0
BRDA:468,41,1,0
BRDA:480,42,0,0
BRDA:493,43,0,0
BRDA:493,44,0,0
BRDA:493,44,1,0
BRDA:569,45,0,0
BRDA:569,46,0,0
BRDA:569,46,1,0
BRDA:569,46,2,0
BRDA:569,46,3,0
BRDA:572,47,0,0
BRDA:572,48,0,0
BRDA:572,48,1,0
BRDA:579,49,0,0
BRDA:579,49,1,0
BRDA:580,50,0,0
BRDA:581,51,0,0
BRDA:581,51,1,0
BRDA:581,51,2,0
BRDA:588,52,0,0
BRDA:588,52,1,0
BRDA:592,53,0,0
BRDA:593,54,0,0
BRDA:593,54,1,0
BRDA:601,55,0,0
BRDA:634,56,0,0
BRDA:634,57,0,0
BRDA:634,57,1,0
BRDA:634,57,2,0
BRDA:637,58,0,0
BRDA:666,59,0,0
BRDA:692,60,0,0
BRDA:708,61,0,0
BRDA:708,62,0,0
BRDA:708,62,1,0
BRDA:755,63,0,0
BRDA:756,64,0,0
BRDA:756,64,1,0
BRDA:756,64,2,0
BRDA:756,64,3,0
BRDA:756,64,4,0
BRDA:756,64,5,0
BRDA:768,65,0,0
BRDA:773,66,0,0
BRDA:774,67,0,0
BRDA:774,67,1,0
BRDA:781,68,0,0
BRDA:782,69,0,0
BRDA:782,69,1,0
BRDA:782,70,0,0
BRDA:782,70,1,0
BRDA:799,71,0,0
BRDA:848,72,0,0
BRDA:848,72,1,0
BRDA:875,73,0,0
BRF:124
BRH:48
end_of_record
TN:
SF:src/theme/SynapseTheme.tsx
FNF:0
FNH:0
DA:1,0
DA:5,0
DA:50,0
DA:80,0
DA:110,0
LF:5
LH:0
BRF:0
BRH:0
end_of_record
TN:
SF:src/utils/StyleUtils.ts
FN:17,getPointerEventStyles
FN:40,getShadowStyles
FNF:2
FNH:2
FNDA:7,getPointerEventStyles
FNDA:6,getShadowStyles
DA:1,1
DA:17,1
DA:20,7
DA:22,1
DA:25,6
DA:40,1
DA:41,6
DA:44,6
DA:45,6
DA:46,6
DA:47,6
DA:48,6
DA:49,6
DA:51,6
LF:14
LH:14
BRDA:20,0,0,1
BRDA:20,0,1,6
BRDA:41,1,0,3
BRDA:41,1,1,3
BRDA:41,2,0,6
BRDA:41,2,1,3
BRDA:44,3,0,3
BRDA:44,3,1,3
BRDA:45,4,0,3
BRDA:45,4,1,3
BRDA:46,5,0,3
BRDA:46,5,1,3
BRDA:47,6,0,3
BRDA:47,6,1,3
BRDA:48,7,0,3
BRDA:48,7,1,3
BRF:16
BRH:16
end_of_record
TN:
SF:src/utils/gameReportUtils.ts
FN:57,getSemanticDistance
FN:70,calculatePathDistance
FN:82,calculateAverageSimilarity
FN:98,trackOptimalChoice
FN:126,(anonymous_4)
FN:139,(anonymous_5)
FN:162,(anonymous_6)
FN:170,(anonymous_7)
FN:199,generateGameReport
FN:229,(anonymous_9)
FN:323,calculateTotalSemanticDistance
FNF:11
FNH:11
FNDA:40,getSemanticDistance
FNDA:23,calculatePathDistance
FNDA:11,calculateAverageSimilarity
FNDA:15,trackOptimalChoice
FNDA:27,(anonymous_4)
FNDA:13,(anonymous_5)
FNDA:12,(anonymous_6)
FNDA:16,(anonymous_7)
FNDA:4,generateGameReport
FNDA:3,(anonymous_9)
FNDA:14,calculateTotalSemanticDistance
DA:57,2
DA:63,40
DA:64,22
DA:66,18
DA:70,2
DA:74,23
DA:75,23
DA:76,31
DA:78,23
DA:82,2
DA:86,11
DA:87,7
DA:88,7
DA:89,13
DA:90,13
DA:91,13
DA:92,13
DA:94,7
DA:98,2
DA:113,15
DA:115,15
DA:117,15
DA:119,15
DA:120,15
DA:121,15
DA:123,15
DA:124,15
DA:125,14
DA:126,27
DA:136,14
DA:138,14
DA:139,13
DA:141,14
DA:142,9
DA:144,14
DA:147,6
DA:152,1
DA:153,1
DA:154,5
DA:155,5
DA:160,14
DA:161,13
DA:162,12
DA:164,13
DA:168,12
DA:169,12
DA:170,16
DA:172,12
DA:176,7
DA:183,15
DA:195,15
DA:199,2
DA:218,4
DA:223,4
DA:227,4
DA:228,4
DA:229,3
DA:232,4
DA:233,4
DA:235,4
DA:241,4
DA:245,4
DA:249,4
DA:250,4
DA:251,3
DA:253,3
DA:254,3
DA:255,1
DA:263,4
DA:264,4
DA:266,4
DA:270,2
DA:273,2
DA:281,4
DA:282,1
DA:283,1
DA:285,0
DA:288,3
DA:294,4
DA:296,4
DA:323,2
DA:327,14
DA:328,4
DA:331,10
DA:332,10
DA:333,22
DA:334,22
DA:337,22
DA:338,22
DA:342,8
DA:345,14
DA:348,10
LF:92
LH:91
BRDA:63,0,0,22
BRDA:63,1,0,40
BRDA:63,1,1,36
BRDA:63,1,2,34
BRDA:86,2,0,4
BRDA:91,3,0,6
BRDA:91,3,1,7
BRDA:91,4,0,0
BRDA:91,4,1,13
BRDA:91,5,0,1
BRDA:91,5,1,12
BRDA:91,6,0,1
BRDA:91,6,1,11
BRDA:113,7,0,14
BRDA:113,7,1,1
BRDA:123,8,0,0
BRDA:123,8,1,15
BRDA:124,9,0,14
BRDA:124,10,0,15
BRDA:124,10,1,15
BRDA:130,11,0,24
BRDA:130,11,1,3
BRDA:130,12,0,27
BRDA:130,12,1,25
BRDA:136,13,0,14
BRDA:141,14,0,9
BRDA:144,15,0,6
BRDA:147,16,0,1
BRDA:147,16,1,5
BRDA:148,17,0,6
BRDA:148,17,1,5
BRDA:154,18,0,5
BRDA:160,19,0,13
BRDA:164,20,0,12
BRDA:165,21,0,13
BRDA:165,21,1,13
BRDA:172,22,0,7
BRDA:173,23,0,12
BRDA:173,23,1,12
BRDA:229,24,0,3
BRDA:229,24,1,1
BRDA:232,25,0,2
BRDA:232,25,1,2
BRDA:241,26,0,2
BRDA:241,26,1,2
BRDA:245,27,0,2
BRDA:245,27,1,2
BRDA:245,28,0,4
BRDA:245,28,1,3
BRDA:251,29,0,3
BRDA:254,30,0,1
BRDA:254,31,0,3
BRDA:254,31,1,3
BRDA:266,32,0,2
BRDA:266,33,0,4
BRDA:266,33,1,2
BRDA:281,34,0,1
BRDA:281,34,1,3
BRDA:282,35,0,1
BRDA:282,35,1,0
BRDA:294,36,0,2
BRDA:294,36,1,2
BRDA:314,37,0,0
BRDA:314,37,1,4
BRDA:327,38,0,4
BRDA:327,39,0,14
BRDA:327,39,1,14
BRDA:337,40,0,2
BRDA:337,40,1,20
BRDA:337,41,0,2
BRDA:337,41,1,18
BRDA:338,42,0,8
BRDA:338,42,1,14
BRF:73
BRH:69
end_of_record
TN:
SF:src/utils/graphUtils.ts
FN:4,findShortestPath
FNF:1
FNH:1
FNDA:127,findShortestPath
DA:4,3
DA:9,127
DA:10,4
DA:13,4
DA:17,123
DA:19,123
DA:21,123
DA:23,123
DA:26,123
DA:27,523
DA:28,523
DA:29,523
DA:33,123
DA:36,123
DA:38,364
DA:39,364
DA:41,364
DA:42,1183
DA:43,367
DA:44,367
DA:49,364
DA:54,123
DA:58,241
DA:59,241
DA:62,241
DA:63,241
DA:65,681
DA:68,532
DA:69,532
DA:70,532
DA:73,532
DA:74,364
DA:75,364
DA:81,123
DA:82,123
DA:85,123
DA:86,3
DA:87,3
DA:91,120
DA:92,138
DA:93,138
DA:94,138
DA:95,117
DA:96,117
DA:100,120
LF:45
LH:45
BRDA:9,0,0,4
BRDA:9,1,0,127
BRDA:9,1,1,126
BRDA:9,1,2,124
BRDA:42,2,0,367
BRDA:49,3,0,123
BRDA:50,4,0,364
BRDA:50,4,1,361
BRDA:50,4,2,361
BRDA:62,5,0,241
BRDA:62,5,1,0
BRDA:62,6,0,0
BRDA:62,6,1,241
BRDA:65,7,0,149
BRDA:73,8,0,364
BRDA:85,9,0,3
BRDA:94,10,0,117
BRF:17
BRH:15
end_of_record
TN:
SF:src/utils/svgUtils.ts
FN:6,hasTouchableProperty
FNF:1
FNH:1
FNDA:13,hasTouchableProperty
DA:6,1
DA:7,13
DA:11,11
DA:18,11
DA:20,37
DA:21,8
DA:24,3
LF:7
LH:7
BRDA:7,0,0,2
BRDA:20,1,0,8
BRF:2
BRH:2
end_of_record
